my_type=hypothesis
proj=cassandra
u_test=materialized_views_test.py::TestMaterializedViews::test_populate_mv_after_insert
h_list[1]=compaction_large_partition_warning_threshold_mb@@@CassandraDaemon@@@-1@@@10@@@100
proj: cassandra
u_test: materialized_views_test.py::TestMaterializedViews::test_populate_mv_after_insert
h_list: compaction_large_partition_warning_threshold_mb@@@CassandraDaemon@@@-1@@@10@@@100
cassandra materialized_views_test.py::TestMaterializedViews::test_populate_mv_after_insert false false
log_dst_dir = /root/vm_images/ZebraConf/app_meta/logs
the_test is materialized_views_test.py::TestMaterializedViews::test_populate_mv_after_insert
============================= test session starts ==============================
platform linux -- Python 3.6.9, pytest-3.6.4, py-1.11.0, pluggy-0.7.1 -- /root/dtest/bin/python
cachedir: .pytest_cache
rootdir: /root/cassandra-dtest, inifile: pytest.ini
plugins: flaky-3.7.0, timeout-1.4.2, repeat-0.9.1
timeout: 1200.0s
timeout method: signal
timeout func_only: False
collecting ... collected 1 item

materialized_views_test.py::TestMaterializedViews::test_populate_mv_after_insert 
-------------------------------- live log call ---------------------------------
00:30:02,174 cassandra.protocol WARNING Server warning: Materialized views are experimental and are not recommended for production use.
00:30:11,585 cassandra.protocol WARNING Server warning: Aggregation query used without partition key
00:30:13,169 cassandra.protocol WARNING Server warning: Aggregation query used without partition key
00:30:14,690 cassandra.protocol WARNING Server warning: Aggregation query used without partition key
PASSED                                                                   [100%]
===Flaky Test Report===

test_populate_mv_after_insert passed 1 out of the required 1 times. Success!

===End Flaky Test Report===

========================== 1 passed in 68.11 seconds ===========================
[msx] rc = 0
v1v2 running time = 89610174023
---> v1v2 test suceeded.
cassandra materialized_views_test.py::TestMaterializedViews::test_populate_mv_after_insert false false
log_dst_dir = /root/vm_images/ZebraConf/app_meta/logs
the_test is materialized_views_test.py::TestMaterializedViews::test_populate_mv_after_insert
============================= test session starts ==============================
platform linux -- Python 3.6.9, pytest-3.6.4, py-1.11.0, pluggy-0.7.1 -- /root/dtest/bin/python
cachedir: .pytest_cache
rootdir: /root/cassandra-dtest, inifile: pytest.ini
plugins: flaky-3.7.0, timeout-1.4.2, repeat-0.9.1
timeout: 1200.0s
timeout method: signal
timeout func_only: False
collecting ... collected 1 item

materialized_views_test.py::TestMaterializedViews::test_populate_mv_after_insert 
-------------------------------- live log call ---------------------------------
00:31:29,815 cassandra.protocol WARNING Server warning: Materialized views are experimental and are not recommended for production use.

-------------------------------- live log call ---------------------------------
00:32:31,344 cassandra.protocol WARNING Server warning: Materialized views are experimental and are not recommended for production use.
FAILED                                                                   [100%]

=================================== FAILURES ===================================
_____________ TestMaterializedViews.test_populate_mv_after_insert ______________

self = <materialized_views_test.TestMaterializedViews object at 0x7ff75e3293c8>

    def test_populate_mv_after_insert(self):
        """Test that a view is OK when created with existing data"""
        session = self.prepare(consistency_level=ConsistencyLevel.QUORUM)
    
        session.execute("CREATE TABLE t (id int PRIMARY KEY, v int)")
    
        for i in range(1000):
            session.execute("INSERT INTO t (id, v) VALUES ({v}, {v})".format(v=i))
    
>       session.execute(("CREATE MATERIALIZED VIEW t_by_v AS SELECT * FROM t WHERE v IS NOT NULL "
                         "AND id IS NOT NULL PRIMARY KEY (v, id)"))

materialized_views_test.py:322: 
_ _ _ _ _ _ _ _ _ _ _ _ _ _ _ _ _ _ _ _ _ _ _ _ _ _ _ _ _ _ _ _ _ _ _ _ _ _ _ _ 
cassandra/cluster.py:2618: in cassandra.cluster.Session.execute
    ???
_ _ _ _ _ _ _ _ _ _ _ _ _ _ _ _ _ _ _ _ _ _ _ _ _ _ _ _ _ _ _ _ _ _ _ _ _ _ _ _ 

>   ???
E   cassandra.OperationTimedOut: errors={'Connection defunct by heartbeat': 'Client request timeout. See Session.execute[_async](timeout)'}, last_host=127.0.0.1:9042

cassandra/cluster.py:4894: OperationTimedOut
---------------------------- Captured stdout setup -----------------------------
00:30:41,492 ccm DEBUG Log-watching thread starting.
---------------------------- Captured stderr setup -----------------------------
swapoff: Not superuser.
------------------------------ Captured log setup ------------------------------
00:30:40,564 conftest INFO Starting execution of test_populate_mv_after_insert at 2022-01-31 00:30:40.564475
00:30:41,373 dtest_setup INFO cluster ccm directory: /tmp/dtest-rdqnkbg6
------------------------------ Captured log call -------------------------------
00:30:42,937 ccm INFO node1: current_java_version=8, current_java_home_version=8, jvm_version=None, for_build=False, cassandra_version=4.0.2, install_dir=/root/cassandra, env={'HOSTNAME': '49282cbb0c18', 'JAVA_HOME': '/usr/lib/jvm/java-1.8.0-openjdk-amd64', 'PWD': '/root/cassandra-dtest', 'HOME': '/root', 'SHLVL': '4', 'ZEBRACONF_HOME': '/root/vm_images/ZebraConf', 'PATH': '/root/dtest/bin:/usr/local/sbin:/usr/local/bin:/usr/sbin:/usr/bin:/sbin:/bin', '_': '/root/dtest/bin/pytest', 'OLDPWD': '/', 'PYTEST_CURRENT_TEST': 'materialized_views_test.py::TestMaterializedViews::()::test_populate_mv_after_insert (call)', 'CASSANDRA_INCLUDE': '/tmp/dtest-rdqnkbg6/test/node1/bin/cassandra.in.sh', 'MAX_HEAP_SIZE': '500M', 'HEAP_NEWSIZE': '50M', 'CASSANDRA_HOME': '/root/cassandra', 'CASSANDRA_CONF': '/tmp/dtest-rdqnkbg6/test/node1/conf'}
00:30:42,939 ccm INFO node1: using Java 8 for the current invocation
00:30:43,117 ccm INFO node1: current_java_version=8, current_java_home_version=8, jvm_version=None, for_build=False, cassandra_version=4.0.2, install_dir=/root/cassandra, env={'HOSTNAME': '49282cbb0c18', 'JAVA_HOME': '/usr/lib/jvm/java-1.8.0-openjdk-amd64', 'PWD': '/root/cassandra-dtest', 'HOME': '/root', 'SHLVL': '4', 'ZEBRACONF_HOME': '/root/vm_images/ZebraConf', 'PATH': '/root/dtest/bin:/usr/local/sbin:/usr/local/bin:/usr/sbin:/usr/bin:/sbin:/bin', '_': '/root/dtest/bin/pytest', 'OLDPWD': '/', 'PYTEST_CURRENT_TEST': 'materialized_views_test.py::TestMaterializedViews::()::test_populate_mv_after_insert (call)', 'CASSANDRA_INCLUDE': '/tmp/dtest-rdqnkbg6/test/node1/bin/cassandra.in.sh', 'MAX_HEAP_SIZE': '500M', 'HEAP_NEWSIZE': '50M', 'CASSANDRA_HOME': '/root/cassandra', 'CASSANDRA_CONF': '/tmp/dtest-rdqnkbg6/test/node1/conf', 'CASSANDRA_LIBJEMALLOC': '-', 'JVM_EXTRA_OPTS': ' -Dcassandra.migration_task_wait_in_seconds=6'}
00:30:43,118 ccm INFO node1: using Java 8 for the current invocation
00:30:43,213 ccm INFO Starting node1 with JAVA_HOME=/usr/lib/jvm/java-1.8.0-openjdk-amd64 java_version=8 cassandra_version=4.0.2, install_dir=/root/cassandra
00:30:43,554 ccm INFO node2: current_java_version=8, current_java_home_version=8, jvm_version=None, for_build=False, cassandra_version=4.0.2, install_dir=/root/cassandra, env={'HOSTNAME': '49282cbb0c18', 'JAVA_HOME': '/usr/lib/jvm/java-1.8.0-openjdk-amd64', 'PWD': '/root/cassandra-dtest', 'HOME': '/root', 'SHLVL': '4', 'ZEBRACONF_HOME': '/root/vm_images/ZebraConf', 'PATH': '/root/dtest/bin:/usr/local/sbin:/usr/local/bin:/usr/sbin:/usr/bin:/sbin:/bin', '_': '/root/dtest/bin/pytest', 'OLDPWD': '/', 'PYTEST_CURRENT_TEST': 'materialized_views_test.py::TestMaterializedViews::()::test_populate_mv_after_insert (call)', 'CASSANDRA_INCLUDE': '/tmp/dtest-rdqnkbg6/test/node2/bin/cassandra.in.sh', 'MAX_HEAP_SIZE': '500M', 'HEAP_NEWSIZE': '50M', 'CASSANDRA_HOME': '/root/cassandra', 'CASSANDRA_CONF': '/tmp/dtest-rdqnkbg6/test/node2/conf'}
00:30:43,555 ccm INFO node2: using Java 8 for the current invocation
00:30:43,769 ccm INFO node2: current_java_version=8, current_java_home_version=8, jvm_version=None, for_build=False, cassandra_version=4.0.2, install_dir=/root/cassandra, env={'HOSTNAME': '49282cbb0c18', 'JAVA_HOME': '/usr/lib/jvm/java-1.8.0-openjdk-amd64', 'PWD': '/root/cassandra-dtest', 'HOME': '/root', 'SHLVL': '4', 'ZEBRACONF_HOME': '/root/vm_images/ZebraConf', 'PATH': '/root/dtest/bin:/usr/local/sbin:/usr/local/bin:/usr/sbin:/usr/bin:/sbin:/bin', '_': '/root/dtest/bin/pytest', 'OLDPWD': '/', 'PYTEST_CURRENT_TEST': 'materialized_views_test.py::TestMaterializedViews::()::test_populate_mv_after_insert (call)', 'CASSANDRA_INCLUDE': '/tmp/dtest-rdqnkbg6/test/node2/bin/cassandra.in.sh', 'MAX_HEAP_SIZE': '500M', 'HEAP_NEWSIZE': '50M', 'CASSANDRA_HOME': '/root/cassandra', 'CASSANDRA_CONF': '/tmp/dtest-rdqnkbg6/test/node2/conf', 'CASSANDRA_LIBJEMALLOC': '-', 'JVM_EXTRA_OPTS': ' -Dcassandra.migration_task_wait_in_seconds=6 -Dcassandra.migration_task_wait_in_seconds=6'}
00:30:43,770 ccm INFO node2: using Java 8 for the current invocation
00:30:43,860 ccm INFO Starting node2 with JAVA_HOME=/usr/lib/jvm/java-1.8.0-openjdk-amd64 java_version=8 cassandra_version=4.0.2, install_dir=/root/cassandra
00:30:44,135 ccm INFO node3: current_java_version=8, current_java_home_version=8, jvm_version=None, for_build=False, cassandra_version=4.0.2, install_dir=/root/cassandra, env={'HOSTNAME': '49282cbb0c18', 'JAVA_HOME': '/usr/lib/jvm/java-1.8.0-openjdk-amd64', 'PWD': '/root/cassandra-dtest', 'HOME': '/root', 'SHLVL': '4', 'ZEBRACONF_HOME': '/root/vm_images/ZebraConf', 'PATH': '/root/dtest/bin:/usr/local/sbin:/usr/local/bin:/usr/sbin:/usr/bin:/sbin:/bin', '_': '/root/dtest/bin/pytest', 'OLDPWD': '/', 'PYTEST_CURRENT_TEST': 'materialized_views_test.py::TestMaterializedViews::()::test_populate_mv_after_insert (call)', 'CASSANDRA_INCLUDE': '/tmp/dtest-rdqnkbg6/test/node3/bin/cassandra.in.sh', 'MAX_HEAP_SIZE': '500M', 'HEAP_NEWSIZE': '50M', 'CASSANDRA_HOME': '/root/cassandra', 'CASSANDRA_CONF': '/tmp/dtest-rdqnkbg6/test/node3/conf'}
00:30:44,135 ccm INFO node3: using Java 8 for the current invocation
00:30:44,303 ccm INFO node3: current_java_version=8, current_java_home_version=8, jvm_version=None, for_build=False, cassandra_version=4.0.2, install_dir=/root/cassandra, env={'HOSTNAME': '49282cbb0c18', 'JAVA_HOME': '/usr/lib/jvm/java-1.8.0-openjdk-amd64', 'PWD': '/root/cassandra-dtest', 'HOME': '/root', 'SHLVL': '4', 'ZEBRACONF_HOME': '/root/vm_images/ZebraConf', 'PATH': '/root/dtest/bin:/usr/local/sbin:/usr/local/bin:/usr/sbin:/usr/bin:/sbin:/bin', '_': '/root/dtest/bin/pytest', 'OLDPWD': '/', 'PYTEST_CURRENT_TEST': 'materialized_views_test.py::TestMaterializedViews::()::test_populate_mv_after_insert (call)', 'CASSANDRA_INCLUDE': '/tmp/dtest-rdqnkbg6/test/node3/bin/cassandra.in.sh', 'MAX_HEAP_SIZE': '500M', 'HEAP_NEWSIZE': '50M', 'CASSANDRA_HOME': '/root/cassandra', 'CASSANDRA_CONF': '/tmp/dtest-rdqnkbg6/test/node3/conf', 'CASSANDRA_LIBJEMALLOC': '-', 'JVM_EXTRA_OPTS': ' -Dcassandra.migration_task_wait_in_seconds=6 -Dcassandra.migration_task_wait_in_seconds=6 -Dcassandra.migration_task_wait_in_seconds=6'}
00:30:44,303 ccm INFO node3: using Java 8 for the current invocation
00:30:44,398 ccm INFO Starting node3 with JAVA_HOME=/usr/lib/jvm/java-1.8.0-openjdk-amd64 java_version=8 cassandra_version=4.0.2, install_dir=/root/cassandra
00:31:13,207 cassandra.cluster INFO New Cassandra host <Host: 127.0.0.3:9042 dc1> discovered
00:31:13,210 cassandra.cluster INFO New Cassandra host <Host: 127.0.0.2:9042 dc1> discovered
00:31:29,815 cassandra.protocol WARNING Server warning: Materialized views are experimental and are not recommended for production use.
--------------------------- Captured stdout teardown ---------------------------
00:31:34,555 ccm DEBUG Log-watching thread exiting.
---------------------------- Captured stdout setup -----------------------------
00:31:38,536 ccm DEBUG Log-watching thread starting.
---------------------------- Captured stderr setup -----------------------------
swapoff: Not superuser.
------------------------------ Captured log setup ------------------------------
00:31:37,341 conftest INFO Starting execution of test_populate_mv_after_insert at 2022-01-31 00:31:37.341919
00:31:38,402 dtest_setup INFO cluster ccm directory: /tmp/dtest-rcp8xlxo
------------------------------ Captured log call -------------------------------
00:31:40,828 ccm INFO node1: current_java_version=8, current_java_home_version=8, jvm_version=None, for_build=False, cassandra_version=4.0.2, install_dir=/root/cassandra, env={'HOSTNAME': '49282cbb0c18', 'JAVA_HOME': '/usr/lib/jvm/java-1.8.0-openjdk-amd64', 'PWD': '/root/cassandra-dtest', 'HOME': '/root', 'SHLVL': '4', 'ZEBRACONF_HOME': '/root/vm_images/ZebraConf', 'PATH': '/root/dtest/bin:/usr/local/sbin:/usr/local/bin:/usr/sbin:/usr/bin:/sbin:/bin', '_': '/root/dtest/bin/pytest', 'OLDPWD': '/', 'PYTEST_CURRENT_TEST': 'materialized_views_test.py::TestMaterializedViews::()::test_populate_mv_after_insert (call)', 'CASSANDRA_INCLUDE': '/tmp/dtest-rcp8xlxo/test/node1/bin/cassandra.in.sh', 'MAX_HEAP_SIZE': '500M', 'HEAP_NEWSIZE': '50M', 'CASSANDRA_HOME': '/root/cassandra', 'CASSANDRA_CONF': '/tmp/dtest-rcp8xlxo/test/node1/conf'}
00:31:40,829 ccm INFO node1: using Java 8 for the current invocation
00:31:40,975 ccm INFO node1: current_java_version=8, current_java_home_version=8, jvm_version=None, for_build=False, cassandra_version=4.0.2, install_dir=/root/cassandra, env={'HOSTNAME': '49282cbb0c18', 'JAVA_HOME': '/usr/lib/jvm/java-1.8.0-openjdk-amd64', 'PWD': '/root/cassandra-dtest', 'HOME': '/root', 'SHLVL': '4', 'ZEBRACONF_HOME': '/root/vm_images/ZebraConf', 'PATH': '/root/dtest/bin:/usr/local/sbin:/usr/local/bin:/usr/sbin:/usr/bin:/sbin:/bin', '_': '/root/dtest/bin/pytest', 'OLDPWD': '/', 'PYTEST_CURRENT_TEST': 'materialized_views_test.py::TestMaterializedViews::()::test_populate_mv_after_insert (call)', 'CASSANDRA_INCLUDE': '/tmp/dtest-rcp8xlxo/test/node1/bin/cassandra.in.sh', 'MAX_HEAP_SIZE': '500M', 'HEAP_NEWSIZE': '50M', 'CASSANDRA_HOME': '/root/cassandra', 'CASSANDRA_CONF': '/tmp/dtest-rcp8xlxo/test/node1/conf', 'CASSANDRA_LIBJEMALLOC': '-', 'JVM_EXTRA_OPTS': ' -Dcassandra.migration_task_wait_in_seconds=6'}
00:31:40,976 ccm INFO node1: using Java 8 for the current invocation
00:31:41,96 ccm INFO Starting node1 with JAVA_HOME=/usr/lib/jvm/java-1.8.0-openjdk-amd64 java_version=8 cassandra_version=4.0.2, install_dir=/root/cassandra
00:31:41,383 ccm INFO node2: current_java_version=8, current_java_home_version=8, jvm_version=None, for_build=False, cassandra_version=4.0.2, install_dir=/root/cassandra, env={'HOSTNAME': '49282cbb0c18', 'JAVA_HOME': '/usr/lib/jvm/java-1.8.0-openjdk-amd64', 'PWD': '/root/cassandra-dtest', 'HOME': '/root', 'SHLVL': '4', 'ZEBRACONF_HOME': '/root/vm_images/ZebraConf', 'PATH': '/root/dtest/bin:/usr/local/sbin:/usr/local/bin:/usr/sbin:/usr/bin:/sbin:/bin', '_': '/root/dtest/bin/pytest', 'OLDPWD': '/', 'PYTEST_CURRENT_TEST': 'materialized_views_test.py::TestMaterializedViews::()::test_populate_mv_after_insert (call)', 'CASSANDRA_INCLUDE': '/tmp/dtest-rcp8xlxo/test/node2/bin/cassandra.in.sh', 'MAX_HEAP_SIZE': '500M', 'HEAP_NEWSIZE': '50M', 'CASSANDRA_HOME': '/root/cassandra', 'CASSANDRA_CONF': '/tmp/dtest-rcp8xlxo/test/node2/conf'}
00:31:41,384 ccm INFO node2: using Java 8 for the current invocation
00:31:41,568 ccm INFO node2: current_java_version=8, current_java_home_version=8, jvm_version=None, for_build=False, cassandra_version=4.0.2, install_dir=/root/cassandra, env={'HOSTNAME': '49282cbb0c18', 'JAVA_HOME': '/usr/lib/jvm/java-1.8.0-openjdk-amd64', 'PWD': '/root/cassandra-dtest', 'HOME': '/root', 'SHLVL': '4', 'ZEBRACONF_HOME': '/root/vm_images/ZebraConf', 'PATH': '/root/dtest/bin:/usr/local/sbin:/usr/local/bin:/usr/sbin:/usr/bin:/sbin:/bin', '_': '/root/dtest/bin/pytest', 'OLDPWD': '/', 'PYTEST_CURRENT_TEST': 'materialized_views_test.py::TestMaterializedViews::()::test_populate_mv_after_insert (call)', 'CASSANDRA_INCLUDE': '/tmp/dtest-rcp8xlxo/test/node2/bin/cassandra.in.sh', 'MAX_HEAP_SIZE': '500M', 'HEAP_NEWSIZE': '50M', 'CASSANDRA_HOME': '/root/cassandra', 'CASSANDRA_CONF': '/tmp/dtest-rcp8xlxo/test/node2/conf', 'CASSANDRA_LIBJEMALLOC': '-', 'JVM_EXTRA_OPTS': ' -Dcassandra.migration_task_wait_in_seconds=6 -Dcassandra.migration_task_wait_in_seconds=6'}
00:31:41,569 ccm INFO node2: using Java 8 for the current invocation
00:31:41,649 ccm INFO Starting node2 with JAVA_HOME=/usr/lib/jvm/java-1.8.0-openjdk-amd64 java_version=8 cassandra_version=4.0.2, install_dir=/root/cassandra
00:31:41,975 ccm INFO node3: current_java_version=8, current_java_home_version=8, jvm_version=None, for_build=False, cassandra_version=4.0.2, install_dir=/root/cassandra, env={'HOSTNAME': '49282cbb0c18', 'JAVA_HOME': '/usr/lib/jvm/java-1.8.0-openjdk-amd64', 'PWD': '/root/cassandra-dtest', 'HOME': '/root', 'SHLVL': '4', 'ZEBRACONF_HOME': '/root/vm_images/ZebraConf', 'PATH': '/root/dtest/bin:/usr/local/sbin:/usr/local/bin:/usr/sbin:/usr/bin:/sbin:/bin', '_': '/root/dtest/bin/pytest', 'OLDPWD': '/', 'PYTEST_CURRENT_TEST': 'materialized_views_test.py::TestMaterializedViews::()::test_populate_mv_after_insert (call)', 'CASSANDRA_INCLUDE': '/tmp/dtest-rcp8xlxo/test/node3/bin/cassandra.in.sh', 'MAX_HEAP_SIZE': '500M', 'HEAP_NEWSIZE': '50M', 'CASSANDRA_HOME': '/root/cassandra', 'CASSANDRA_CONF': '/tmp/dtest-rcp8xlxo/test/node3/conf'}
00:31:41,976 ccm INFO node3: using Java 8 for the current invocation
00:31:42,169 ccm INFO node3: current_java_version=8, current_java_home_version=8, jvm_version=None, for_build=False, cassandra_version=4.0.2, install_dir=/root/cassandra, env={'HOSTNAME': '49282cbb0c18', 'JAVA_HOME': '/usr/lib/jvm/java-1.8.0-openjdk-amd64', 'PWD': '/root/cassandra-dtest', 'HOME': '/root', 'SHLVL': '4', 'ZEBRACONF_HOME': '/root/vm_images/ZebraConf', 'PATH': '/root/dtest/bin:/usr/local/sbin:/usr/local/bin:/usr/sbin:/usr/bin:/sbin:/bin', '_': '/root/dtest/bin/pytest', 'OLDPWD': '/', 'PYTEST_CURRENT_TEST': 'materialized_views_test.py::TestMaterializedViews::()::test_populate_mv_after_insert (call)', 'CASSANDRA_INCLUDE': '/tmp/dtest-rcp8xlxo/test/node3/bin/cassandra.in.sh', 'MAX_HEAP_SIZE': '500M', 'HEAP_NEWSIZE': '50M', 'CASSANDRA_HOME': '/root/cassandra', 'CASSANDRA_CONF': '/tmp/dtest-rcp8xlxo/test/node3/conf', 'CASSANDRA_LIBJEMALLOC': '-', 'JVM_EXTRA_OPTS': ' -Dcassandra.migration_task_wait_in_seconds=6 -Dcassandra.migration_task_wait_in_seconds=6 -Dcassandra.migration_task_wait_in_seconds=6'}
00:31:42,170 ccm INFO node3: using Java 8 for the current invocation
00:31:42,259 ccm INFO Starting node3 with JAVA_HOME=/usr/lib/jvm/java-1.8.0-openjdk-amd64 java_version=8 cassandra_version=4.0.2, install_dir=/root/cassandra
00:32:13,62 cassandra.cluster INFO New Cassandra host <Host: 127.0.0.3:9042 dc1> discovered
00:32:13,63 cassandra.cluster INFO New Cassandra host <Host: 127.0.0.2:9042 dc1> discovered
00:32:31,344 cassandra.protocol WARNING Server warning: Materialized views are experimental and are not recommended for production use.
--------------------------- Captured stdout teardown ---------------------------
00:31:34,555 ccm DEBUG Log-watching thread exiting.
--------------------------- Captured stdout teardown ---------------------------
00:31:34,555 ccm DEBUG Log-watching thread exiting.
--------------------------- Captured stdout teardown ---------------------------
00:32:36,103 ccm DEBUG Log-watching thread exiting.
===Flaky Test Report===

test_populate_mv_after_insert failed (1 runs remaining out of 2).
	<class 'cassandra.OperationTimedOut'>
	errors={'Connection defunct by heartbeat': 'Client request timeout. See Session.execute[_async](timeout)'}, last_host=127.0.0.1:9042
	[<TracebackEntry /root/cassandra-dtest/materialized_views_test.py:322>, <TracebackEntry cassandra/cluster.py:2618>, <TracebackEntry cassandra/cluster.py:4894>]
test_populate_mv_after_insert failed; it passed 0 out of the required 1 times.
	<class 'cassandra.OperationTimedOut'>
	errors={'Connection defunct by heartbeat': 'Client request timeout. See Session.execute[_async](timeout)'}, last_host=127.0.0.1:9042
	[<TracebackEntry /root/cassandra-dtest/materialized_views_test.py:322>, <TracebackEntry cassandra/cluster.py:2618>, <TracebackEntry cassandra/cluster.py:4894>]

===End Flaky Test Report===
========================== 1 failed in 118.38 seconds ==========================
[msx] rc = 1
v1v1 running time = 139860056324
cassandra materialized_views_test.py::TestMaterializedViews::test_populate_mv_after_insert false false
log_dst_dir = /root/vm_images/ZebraConf/app_meta/logs
the_test is materialized_views_test.py::TestMaterializedViews::test_populate_mv_after_insert
============================= test session starts ==============================
platform linux -- Python 3.6.9, pytest-3.6.4, py-1.11.0, pluggy-0.7.1 -- /root/dtest/bin/python
cachedir: .pytest_cache
rootdir: /root/cassandra-dtest, inifile: pytest.ini
plugins: flaky-3.7.0, timeout-1.4.2, repeat-0.9.1
timeout: 1200.0s
timeout method: signal
timeout func_only: False
collecting ... collected 1 item

materialized_views_test.py::TestMaterializedViews::test_populate_mv_after_insert 
-------------------------------- live log call ---------------------------------
00:33:57,71 cassandra.protocol WARNING Server warning: Materialized views are experimental and are not recommended for production use.

-------------------------------- live log call ---------------------------------
00:34:51,559 cassandra.protocol WARNING Server warning: Materialized views are experimental and are not recommended for production use.
00:35:00,893 cassandra.protocol WARNING Server warning: Aggregation query used without partition key
00:35:02,459 cassandra.protocol WARNING Server warning: Aggregation query used without partition key
00:35:04,83 cassandra.protocol WARNING Server warning: Aggregation query used without partition key
PASSED                                                                   [100%]
===Flaky Test Report===

test_populate_mv_after_insert failed (1 runs remaining out of 2).
	<class 'cassandra.OperationTimedOut'>
	errors={'Connection defunct by heartbeat': 'Client request timeout. See Session.execute[_async](timeout)'}, last_host=127.0.0.2:9042
	[<TracebackEntry /root/cassandra-dtest/materialized_views_test.py:322>, <TracebackEntry cassandra/cluster.py:2618>, <TracebackEntry cassandra/cluster.py:4894>]
test_populate_mv_after_insert passed 1 out of the required 1 times. Success!

===End Flaky Test Report===

========================== 1 passed in 128.42 seconds ==========================
[msx] rc = 0
v2v2 running time = 149900820650
---> v1v1 or v2v2 test failed.
v1v1 failed in a hypo test
proj: cassandra
u_test: materialized_views_test.py::TestMaterializedViews::test_populate_mv_after_insert
h_list: compaction_large_partition_warning_threshold_mb@@@CassandraDaemon@@@-1@@@10@@@100
vv_mode: v1v1
result: FAIL
failureMessage: 
stackTrace: 

cassandra materialized_views_test.py::TestMaterializedViews::test_populate_mv_after_insert false false
log_dst_dir = /root/vm_images/ZebraConf/app_meta/logs
the_test is materialized_views_test.py::TestMaterializedViews::test_populate_mv_after_insert
============================= test session starts ==============================
platform linux -- Python 3.6.9, pytest-3.6.4, py-1.11.0, pluggy-0.7.1 -- /root/dtest/bin/python
cachedir: .pytest_cache
rootdir: /root/cassandra-dtest, inifile: pytest.ini
plugins: flaky-3.7.0, timeout-1.4.2, repeat-0.9.1
timeout: 1200.0s
timeout method: signal
timeout func_only: False
collecting ... collected 1 item

materialized_views_test.py::TestMaterializedViews::test_populate_mv_after_insert 
-------------------------------- live log call ---------------------------------
00:36:15,763 cassandra.protocol WARNING Server warning: Materialized views are experimental and are not recommended for production use.
00:36:24,967 cassandra.protocol WARNING Server warning: Aggregation query used without partition key
00:36:26,504 cassandra.protocol WARNING Server warning: Aggregation query used without partition key
00:36:28,67 cassandra.protocol WARNING Server warning: Aggregation query used without partition key
PASSED                                                                   [100%]
===Flaky Test Report===

test_populate_mv_after_insert passed 1 out of the required 1 times. Success!

===End Flaky Test Report===

========================== 1 passed in 62.77 seconds ===========================
[msx] rc = 0
v1v2 running time = 84177619203
---> v1v2 test suceeded.
cassandra materialized_views_test.py::TestMaterializedViews::test_populate_mv_after_insert false false
log_dst_dir = /root/vm_images/ZebraConf/app_meta/logs
the_test is materialized_views_test.py::TestMaterializedViews::test_populate_mv_after_insert
============================= test session starts ==============================
platform linux -- Python 3.6.9, pytest-3.6.4, py-1.11.0, pluggy-0.7.1 -- /root/dtest/bin/python
cachedir: .pytest_cache
rootdir: /root/cassandra-dtest, inifile: pytest.ini
plugins: flaky-3.7.0, timeout-1.4.2, repeat-0.9.1
timeout: 1200.0s
timeout method: signal
timeout func_only: False
collecting ... collected 1 item

materialized_views_test.py::TestMaterializedViews::test_populate_mv_after_insert 
-------------------------------- live log call ---------------------------------
00:37:35,709 cassandra.protocol WARNING Server warning: Materialized views are experimental and are not recommended for production use.
00:37:42,915 cassandra.protocol WARNING Server warning: Aggregation query used without partition key
00:37:44,424 cassandra.protocol WARNING Server warning: Aggregation query used without partition key
00:37:45,949 cassandra.protocol WARNING Server warning: Aggregation query used without partition key
PASSED                                                                   [100%]
===Flaky Test Report===

test_populate_mv_after_insert passed 1 out of the required 1 times. Success!

===End Flaky Test Report===

========================== 1 passed in 58.37 seconds ===========================
[msx] rc = 0
v1v1 running time = 79802886006
cassandra materialized_views_test.py::TestMaterializedViews::test_populate_mv_after_insert false false
log_dst_dir = /root/vm_images/ZebraConf/app_meta/logs
the_test is materialized_views_test.py::TestMaterializedViews::test_populate_mv_after_insert
============================= test session starts ==============================
platform linux -- Python 3.6.9, pytest-3.6.4, py-1.11.0, pluggy-0.7.1 -- /root/dtest/bin/python
cachedir: .pytest_cache
rootdir: /root/cassandra-dtest, inifile: pytest.ini
plugins: flaky-3.7.0, timeout-1.4.2, repeat-0.9.1
timeout: 1200.0s
timeout method: signal
timeout func_only: False
collecting ... collected 1 item

materialized_views_test.py::TestMaterializedViews::test_populate_mv_after_insert 
-------------------------------- live log call ---------------------------------
00:39:09,688 cassandra.protocol WARNING Server warning: Materialized views are experimental and are not recommended for production use.

-------------------------------- live log call ---------------------------------
00:40:17,141 cassandra.protocol WARNING Server warning: Materialized views are experimental and are not recommended for production use.
FAILED                                                                   [100%]

=================================== FAILURES ===================================
_____________ TestMaterializedViews.test_populate_mv_after_insert ______________

self = <materialized_views_test.TestMaterializedViews object at 0x7ff8ee621978>

    def test_populate_mv_after_insert(self):
        """Test that a view is OK when created with existing data"""
        session = self.prepare(consistency_level=ConsistencyLevel.QUORUM)
    
        session.execute("CREATE TABLE t (id int PRIMARY KEY, v int)")
    
        for i in range(1000):
            session.execute("INSERT INTO t (id, v) VALUES ({v}, {v})".format(v=i))
    
>       session.execute(("CREATE MATERIALIZED VIEW t_by_v AS SELECT * FROM t WHERE v IS NOT NULL "
                         "AND id IS NOT NULL PRIMARY KEY (v, id)"))

materialized_views_test.py:322: 
_ _ _ _ _ _ _ _ _ _ _ _ _ _ _ _ _ _ _ _ _ _ _ _ _ _ _ _ _ _ _ _ _ _ _ _ _ _ _ _ 
cassandra/cluster.py:2618: in cassandra.cluster.Session.execute
    ???
_ _ _ _ _ _ _ _ _ _ _ _ _ _ _ _ _ _ _ _ _ _ _ _ _ _ _ _ _ _ _ _ _ _ _ _ _ _ _ _ 

>   ???
E   cassandra.OperationTimedOut: errors={'Connection defunct by heartbeat': 'Client request timeout. See Session.execute[_async](timeout)'}, last_host=127.0.0.3:9042

cassandra/cluster.py:4894: OperationTimedOut
---------------------------- Captured stdout setup -----------------------------
00:38:15,70 ccm DEBUG Log-watching thread starting.
---------------------------- Captured stderr setup -----------------------------
swapoff: Not superuser.
------------------------------ Captured log setup ------------------------------
00:38:14,238 conftest INFO Starting execution of test_populate_mv_after_insert at 2022-01-31 00:38:14.238572
00:38:14,947 dtest_setup INFO cluster ccm directory: /tmp/dtest-j49fg0_x
------------------------------ Captured log call -------------------------------
00:38:16,660 ccm INFO node1: current_java_version=8, current_java_home_version=8, jvm_version=None, for_build=False, cassandra_version=4.0.2, install_dir=/root/cassandra, env={'HOSTNAME': '49282cbb0c18', 'JAVA_HOME': '/usr/lib/jvm/java-1.8.0-openjdk-amd64', 'PWD': '/root/cassandra-dtest', 'HOME': '/root', 'SHLVL': '4', 'ZEBRACONF_HOME': '/root/vm_images/ZebraConf', 'PATH': '/root/dtest/bin:/usr/local/sbin:/usr/local/bin:/usr/sbin:/usr/bin:/sbin:/bin', '_': '/root/dtest/bin/pytest', 'OLDPWD': '/', 'PYTEST_CURRENT_TEST': 'materialized_views_test.py::TestMaterializedViews::()::test_populate_mv_after_insert (call)', 'CASSANDRA_INCLUDE': '/tmp/dtest-j49fg0_x/test/node1/bin/cassandra.in.sh', 'MAX_HEAP_SIZE': '500M', 'HEAP_NEWSIZE': '50M', 'CASSANDRA_HOME': '/root/cassandra', 'CASSANDRA_CONF': '/tmp/dtest-j49fg0_x/test/node1/conf'}
00:38:16,662 ccm INFO node1: using Java 8 for the current invocation
00:38:16,846 ccm INFO node1: current_java_version=8, current_java_home_version=8, jvm_version=None, for_build=False, cassandra_version=4.0.2, install_dir=/root/cassandra, env={'HOSTNAME': '49282cbb0c18', 'JAVA_HOME': '/usr/lib/jvm/java-1.8.0-openjdk-amd64', 'PWD': '/root/cassandra-dtest', 'HOME': '/root', 'SHLVL': '4', 'ZEBRACONF_HOME': '/root/vm_images/ZebraConf', 'PATH': '/root/dtest/bin:/usr/local/sbin:/usr/local/bin:/usr/sbin:/usr/bin:/sbin:/bin', '_': '/root/dtest/bin/pytest', 'OLDPWD': '/', 'PYTEST_CURRENT_TEST': 'materialized_views_test.py::TestMaterializedViews::()::test_populate_mv_after_insert (call)', 'CASSANDRA_INCLUDE': '/tmp/dtest-j49fg0_x/test/node1/bin/cassandra.in.sh', 'MAX_HEAP_SIZE': '500M', 'HEAP_NEWSIZE': '50M', 'CASSANDRA_HOME': '/root/cassandra', 'CASSANDRA_CONF': '/tmp/dtest-j49fg0_x/test/node1/conf', 'CASSANDRA_LIBJEMALLOC': '-', 'JVM_EXTRA_OPTS': ' -Dcassandra.migration_task_wait_in_seconds=6'}
00:38:16,846 ccm INFO node1: using Java 8 for the current invocation
00:38:16,947 ccm INFO Starting node1 with JAVA_HOME=/usr/lib/jvm/java-1.8.0-openjdk-amd64 java_version=8 cassandra_version=4.0.2, install_dir=/root/cassandra
00:38:17,235 ccm INFO node2: current_java_version=8, current_java_home_version=8, jvm_version=None, for_build=False, cassandra_version=4.0.2, install_dir=/root/cassandra, env={'HOSTNAME': '49282cbb0c18', 'JAVA_HOME': '/usr/lib/jvm/java-1.8.0-openjdk-amd64', 'PWD': '/root/cassandra-dtest', 'HOME': '/root', 'SHLVL': '4', 'ZEBRACONF_HOME': '/root/vm_images/ZebraConf', 'PATH': '/root/dtest/bin:/usr/local/sbin:/usr/local/bin:/usr/sbin:/usr/bin:/sbin:/bin', '_': '/root/dtest/bin/pytest', 'OLDPWD': '/', 'PYTEST_CURRENT_TEST': 'materialized_views_test.py::TestMaterializedViews::()::test_populate_mv_after_insert (call)', 'CASSANDRA_INCLUDE': '/tmp/dtest-j49fg0_x/test/node2/bin/cassandra.in.sh', 'MAX_HEAP_SIZE': '500M', 'HEAP_NEWSIZE': '50M', 'CASSANDRA_HOME': '/root/cassandra', 'CASSANDRA_CONF': '/tmp/dtest-j49fg0_x/test/node2/conf'}
00:38:17,236 ccm INFO node2: using Java 8 for the current invocation
00:38:17,420 ccm INFO node2: current_java_version=8, current_java_home_version=8, jvm_version=None, for_build=False, cassandra_version=4.0.2, install_dir=/root/cassandra, env={'HOSTNAME': '49282cbb0c18', 'JAVA_HOME': '/usr/lib/jvm/java-1.8.0-openjdk-amd64', 'PWD': '/root/cassandra-dtest', 'HOME': '/root', 'SHLVL': '4', 'ZEBRACONF_HOME': '/root/vm_images/ZebraConf', 'PATH': '/root/dtest/bin:/usr/local/sbin:/usr/local/bin:/usr/sbin:/usr/bin:/sbin:/bin', '_': '/root/dtest/bin/pytest', 'OLDPWD': '/', 'PYTEST_CURRENT_TEST': 'materialized_views_test.py::TestMaterializedViews::()::test_populate_mv_after_insert (call)', 'CASSANDRA_INCLUDE': '/tmp/dtest-j49fg0_x/test/node2/bin/cassandra.in.sh', 'MAX_HEAP_SIZE': '500M', 'HEAP_NEWSIZE': '50M', 'CASSANDRA_HOME': '/root/cassandra', 'CASSANDRA_CONF': '/tmp/dtest-j49fg0_x/test/node2/conf', 'CASSANDRA_LIBJEMALLOC': '-', 'JVM_EXTRA_OPTS': ' -Dcassandra.migration_task_wait_in_seconds=6 -Dcassandra.migration_task_wait_in_seconds=6'}
00:38:17,421 ccm INFO node2: using Java 8 for the current invocation
00:38:17,510 ccm INFO Starting node2 with JAVA_HOME=/usr/lib/jvm/java-1.8.0-openjdk-amd64 java_version=8 cassandra_version=4.0.2, install_dir=/root/cassandra
00:38:17,768 ccm INFO node3: current_java_version=8, current_java_home_version=8, jvm_version=None, for_build=False, cassandra_version=4.0.2, install_dir=/root/cassandra, env={'HOSTNAME': '49282cbb0c18', 'JAVA_HOME': '/usr/lib/jvm/java-1.8.0-openjdk-amd64', 'PWD': '/root/cassandra-dtest', 'HOME': '/root', 'SHLVL': '4', 'ZEBRACONF_HOME': '/root/vm_images/ZebraConf', 'PATH': '/root/dtest/bin:/usr/local/sbin:/usr/local/bin:/usr/sbin:/usr/bin:/sbin:/bin', '_': '/root/dtest/bin/pytest', 'OLDPWD': '/', 'PYTEST_CURRENT_TEST': 'materialized_views_test.py::TestMaterializedViews::()::test_populate_mv_after_insert (call)', 'CASSANDRA_INCLUDE': '/tmp/dtest-j49fg0_x/test/node3/bin/cassandra.in.sh', 'MAX_HEAP_SIZE': '500M', 'HEAP_NEWSIZE': '50M', 'CASSANDRA_HOME': '/root/cassandra', 'CASSANDRA_CONF': '/tmp/dtest-j49fg0_x/test/node3/conf'}
00:38:17,768 ccm INFO node3: using Java 8 for the current invocation
00:38:17,953 ccm INFO node3: current_java_version=8, current_java_home_version=8, jvm_version=None, for_build=False, cassandra_version=4.0.2, install_dir=/root/cassandra, env={'HOSTNAME': '49282cbb0c18', 'JAVA_HOME': '/usr/lib/jvm/java-1.8.0-openjdk-amd64', 'PWD': '/root/cassandra-dtest', 'HOME': '/root', 'SHLVL': '4', 'ZEBRACONF_HOME': '/root/vm_images/ZebraConf', 'PATH': '/root/dtest/bin:/usr/local/sbin:/usr/local/bin:/usr/sbin:/usr/bin:/sbin:/bin', '_': '/root/dtest/bin/pytest', 'OLDPWD': '/', 'PYTEST_CURRENT_TEST': 'materialized_views_test.py::TestMaterializedViews::()::test_populate_mv_after_insert (call)', 'CASSANDRA_INCLUDE': '/tmp/dtest-j49fg0_x/test/node3/bin/cassandra.in.sh', 'MAX_HEAP_SIZE': '500M', 'HEAP_NEWSIZE': '50M', 'CASSANDRA_HOME': '/root/cassandra', 'CASSANDRA_CONF': '/tmp/dtest-j49fg0_x/test/node3/conf', 'CASSANDRA_LIBJEMALLOC': '-', 'JVM_EXTRA_OPTS': ' -Dcassandra.migration_task_wait_in_seconds=6 -Dcassandra.migration_task_wait_in_seconds=6 -Dcassandra.migration_task_wait_in_seconds=6'}
00:38:17,954 ccm INFO node3: using Java 8 for the current invocation
00:38:18,49 ccm INFO Starting node3 with JAVA_HOME=/usr/lib/jvm/java-1.8.0-openjdk-amd64 java_version=8 cassandra_version=4.0.2, install_dir=/root/cassandra
00:38:50,901 cassandra.cluster INFO New Cassandra host <Host: 127.0.0.3:9042 dc1> discovered
00:38:50,904 cassandra.cluster INFO New Cassandra host <Host: 127.0.0.2:9042 dc1> discovered
00:39:09,688 cassandra.protocol WARNING Server warning: Materialized views are experimental and are not recommended for production use.
--------------------------- Captured stdout teardown ---------------------------
00:39:14,629 ccm DEBUG Log-watching thread exiting.
---------------------------- Captured stdout setup -----------------------------
00:39:18,516 ccm DEBUG Log-watching thread starting.
---------------------------- Captured stderr setup -----------------------------
swapoff: Not superuser.
------------------------------ Captured log setup ------------------------------
00:39:17,259 conftest INFO Starting execution of test_populate_mv_after_insert at 2022-01-31 00:39:17.259290
00:39:18,373 dtest_setup INFO cluster ccm directory: /tmp/dtest-chxvcogi
------------------------------ Captured log call -------------------------------
00:39:20,296 ccm INFO node1: current_java_version=8, current_java_home_version=8, jvm_version=None, for_build=False, cassandra_version=4.0.2, install_dir=/root/cassandra, env={'HOSTNAME': '49282cbb0c18', 'JAVA_HOME': '/usr/lib/jvm/java-1.8.0-openjdk-amd64', 'PWD': '/root/cassandra-dtest', 'HOME': '/root', 'SHLVL': '4', 'ZEBRACONF_HOME': '/root/vm_images/ZebraConf', 'PATH': '/root/dtest/bin:/usr/local/sbin:/usr/local/bin:/usr/sbin:/usr/bin:/sbin:/bin', '_': '/root/dtest/bin/pytest', 'OLDPWD': '/', 'PYTEST_CURRENT_TEST': 'materialized_views_test.py::TestMaterializedViews::()::test_populate_mv_after_insert (call)', 'CASSANDRA_INCLUDE': '/tmp/dtest-chxvcogi/test/node1/bin/cassandra.in.sh', 'MAX_HEAP_SIZE': '500M', 'HEAP_NEWSIZE': '50M', 'CASSANDRA_HOME': '/root/cassandra', 'CASSANDRA_CONF': '/tmp/dtest-chxvcogi/test/node1/conf'}
00:39:20,297 ccm INFO node1: using Java 8 for the current invocation
00:39:20,476 ccm INFO node1: current_java_version=8, current_java_home_version=8, jvm_version=None, for_build=False, cassandra_version=4.0.2, install_dir=/root/cassandra, env={'HOSTNAME': '49282cbb0c18', 'JAVA_HOME': '/usr/lib/jvm/java-1.8.0-openjdk-amd64', 'PWD': '/root/cassandra-dtest', 'HOME': '/root', 'SHLVL': '4', 'ZEBRACONF_HOME': '/root/vm_images/ZebraConf', 'PATH': '/root/dtest/bin:/usr/local/sbin:/usr/local/bin:/usr/sbin:/usr/bin:/sbin:/bin', '_': '/root/dtest/bin/pytest', 'OLDPWD': '/', 'PYTEST_CURRENT_TEST': 'materialized_views_test.py::TestMaterializedViews::()::test_populate_mv_after_insert (call)', 'CASSANDRA_INCLUDE': '/tmp/dtest-chxvcogi/test/node1/bin/cassandra.in.sh', 'MAX_HEAP_SIZE': '500M', 'HEAP_NEWSIZE': '50M', 'CASSANDRA_HOME': '/root/cassandra', 'CASSANDRA_CONF': '/tmp/dtest-chxvcogi/test/node1/conf', 'CASSANDRA_LIBJEMALLOC': '-', 'JVM_EXTRA_OPTS': ' -Dcassandra.migration_task_wait_in_seconds=6'}
00:39:20,477 ccm INFO node1: using Java 8 for the current invocation
00:39:20,580 ccm INFO Starting node1 with JAVA_HOME=/usr/lib/jvm/java-1.8.0-openjdk-amd64 java_version=8 cassandra_version=4.0.2, install_dir=/root/cassandra
00:39:20,848 ccm INFO node2: current_java_version=8, current_java_home_version=8, jvm_version=None, for_build=False, cassandra_version=4.0.2, install_dir=/root/cassandra, env={'HOSTNAME': '49282cbb0c18', 'JAVA_HOME': '/usr/lib/jvm/java-1.8.0-openjdk-amd64', 'PWD': '/root/cassandra-dtest', 'HOME': '/root', 'SHLVL': '4', 'ZEBRACONF_HOME': '/root/vm_images/ZebraConf', 'PATH': '/root/dtest/bin:/usr/local/sbin:/usr/local/bin:/usr/sbin:/usr/bin:/sbin:/bin', '_': '/root/dtest/bin/pytest', 'OLDPWD': '/', 'PYTEST_CURRENT_TEST': 'materialized_views_test.py::TestMaterializedViews::()::test_populate_mv_after_insert (call)', 'CASSANDRA_INCLUDE': '/tmp/dtest-chxvcogi/test/node2/bin/cassandra.in.sh', 'MAX_HEAP_SIZE': '500M', 'HEAP_NEWSIZE': '50M', 'CASSANDRA_HOME': '/root/cassandra', 'CASSANDRA_CONF': '/tmp/dtest-chxvcogi/test/node2/conf'}
00:39:20,849 ccm INFO node2: using Java 8 for the current invocation
00:39:21,52 ccm INFO node2: current_java_version=8, current_java_home_version=8, jvm_version=None, for_build=False, cassandra_version=4.0.2, install_dir=/root/cassandra, env={'HOSTNAME': '49282cbb0c18', 'JAVA_HOME': '/usr/lib/jvm/java-1.8.0-openjdk-amd64', 'PWD': '/root/cassandra-dtest', 'HOME': '/root', 'SHLVL': '4', 'ZEBRACONF_HOME': '/root/vm_images/ZebraConf', 'PATH': '/root/dtest/bin:/usr/local/sbin:/usr/local/bin:/usr/sbin:/usr/bin:/sbin:/bin', '_': '/root/dtest/bin/pytest', 'OLDPWD': '/', 'PYTEST_CURRENT_TEST': 'materialized_views_test.py::TestMaterializedViews::()::test_populate_mv_after_insert (call)', 'CASSANDRA_INCLUDE': '/tmp/dtest-chxvcogi/test/node2/bin/cassandra.in.sh', 'MAX_HEAP_SIZE': '500M', 'HEAP_NEWSIZE': '50M', 'CASSANDRA_HOME': '/root/cassandra', 'CASSANDRA_CONF': '/tmp/dtest-chxvcogi/test/node2/conf', 'CASSANDRA_LIBJEMALLOC': '-', 'JVM_EXTRA_OPTS': ' -Dcassandra.migration_task_wait_in_seconds=6 -Dcassandra.migration_task_wait_in_seconds=6'}
00:39:21,53 ccm INFO node2: using Java 8 for the current invocation
00:39:21,142 ccm INFO Starting node2 with JAVA_HOME=/usr/lib/jvm/java-1.8.0-openjdk-amd64 java_version=8 cassandra_version=4.0.2, install_dir=/root/cassandra
00:39:21,421 ccm INFO node3: current_java_version=8, current_java_home_version=8, jvm_version=None, for_build=False, cassandra_version=4.0.2, install_dir=/root/cassandra, env={'HOSTNAME': '49282cbb0c18', 'JAVA_HOME': '/usr/lib/jvm/java-1.8.0-openjdk-amd64', 'PWD': '/root/cassandra-dtest', 'HOME': '/root', 'SHLVL': '4', 'ZEBRACONF_HOME': '/root/vm_images/ZebraConf', 'PATH': '/root/dtest/bin:/usr/local/sbin:/usr/local/bin:/usr/sbin:/usr/bin:/sbin:/bin', '_': '/root/dtest/bin/pytest', 'OLDPWD': '/', 'PYTEST_CURRENT_TEST': 'materialized_views_test.py::TestMaterializedViews::()::test_populate_mv_after_insert (call)', 'CASSANDRA_INCLUDE': '/tmp/dtest-chxvcogi/test/node3/bin/cassandra.in.sh', 'MAX_HEAP_SIZE': '500M', 'HEAP_NEWSIZE': '50M', 'CASSANDRA_HOME': '/root/cassandra', 'CASSANDRA_CONF': '/tmp/dtest-chxvcogi/test/node3/conf'}
00:39:21,421 ccm INFO node3: using Java 8 for the current invocation
00:39:21,603 ccm INFO node3: current_java_version=8, current_java_home_version=8, jvm_version=None, for_build=False, cassandra_version=4.0.2, install_dir=/root/cassandra, env={'HOSTNAME': '49282cbb0c18', 'JAVA_HOME': '/usr/lib/jvm/java-1.8.0-openjdk-amd64', 'PWD': '/root/cassandra-dtest', 'HOME': '/root', 'SHLVL': '4', 'ZEBRACONF_HOME': '/root/vm_images/ZebraConf', 'PATH': '/root/dtest/bin:/usr/local/sbin:/usr/local/bin:/usr/sbin:/usr/bin:/sbin:/bin', '_': '/root/dtest/bin/pytest', 'OLDPWD': '/', 'PYTEST_CURRENT_TEST': 'materialized_views_test.py::TestMaterializedViews::()::test_populate_mv_after_insert (call)', 'CASSANDRA_INCLUDE': '/tmp/dtest-chxvcogi/test/node3/bin/cassandra.in.sh', 'MAX_HEAP_SIZE': '500M', 'HEAP_NEWSIZE': '50M', 'CASSANDRA_HOME': '/root/cassandra', 'CASSANDRA_CONF': '/tmp/dtest-chxvcogi/test/node3/conf', 'CASSANDRA_LIBJEMALLOC': '-', 'JVM_EXTRA_OPTS': ' -Dcassandra.migration_task_wait_in_seconds=6 -Dcassandra.migration_task_wait_in_seconds=6 -Dcassandra.migration_task_wait_in_seconds=6'}
00:39:21,604 ccm INFO node3: using Java 8 for the current invocation
00:39:21,677 ccm INFO Starting node3 with JAVA_HOME=/usr/lib/jvm/java-1.8.0-openjdk-amd64 java_version=8 cassandra_version=4.0.2, install_dir=/root/cassandra
00:39:59,460 cassandra.cluster INFO New Cassandra host <Host: 127.0.0.3:9042 dc1> discovered
00:39:59,461 cassandra.cluster INFO New Cassandra host <Host: 127.0.0.2:9042 dc1> discovered
00:40:17,141 cassandra.protocol WARNING Server warning: Materialized views are experimental and are not recommended for production use.
--------------------------- Captured stdout teardown ---------------------------
00:39:14,629 ccm DEBUG Log-watching thread exiting.
--------------------------- Captured stdout teardown ---------------------------
00:39:14,629 ccm DEBUG Log-watching thread exiting.
--------------------------- Captured stdout teardown ---------------------------
00:40:22,562 ccm DEBUG Log-watching thread exiting.
===Flaky Test Report===

test_populate_mv_after_insert failed (1 runs remaining out of 2).
	<class 'cassandra.OperationTimedOut'>
	errors={'Connection defunct by heartbeat': 'Client request timeout. See Session.execute[_async](timeout)'}, last_host=127.0.0.3:9042
	[<TracebackEntry /root/cassandra-dtest/materialized_views_test.py:322>, <TracebackEntry cassandra/cluster.py:2618>, <TracebackEntry cassandra/cluster.py:4894>]
test_populate_mv_after_insert failed; it passed 0 out of the required 1 times.
	<class 'cassandra.OperationTimedOut'>
	errors={'Connection defunct by heartbeat': 'Client request timeout. See Session.execute[_async](timeout)'}, last_host=127.0.0.3:9042
	[<TracebackEntry /root/cassandra-dtest/materialized_views_test.py:322>, <TracebackEntry cassandra/cluster.py:2618>, <TracebackEntry cassandra/cluster.py:4894>]

===End Flaky Test Report===
========================== 1 failed in 129.14 seconds ==========================
[msx] rc = 1
v2v2 running time = 150545247224
---> v1v1 or v2v2 test failed.
v2v2 failed in a hypo test
proj: cassandra
u_test: materialized_views_test.py::TestMaterializedViews::test_populate_mv_after_insert
h_list: compaction_large_partition_warning_threshold_mb@@@CassandraDaemon@@@-1@@@10@@@100
vv_mode: v2v2
result: FAIL
failureMessage: 
stackTrace: 

cassandra materialized_views_test.py::TestMaterializedViews::test_populate_mv_after_insert false false
log_dst_dir = /root/vm_images/ZebraConf/app_meta/logs
the_test is materialized_views_test.py::TestMaterializedViews::test_populate_mv_after_insert
============================= test session starts ==============================
platform linux -- Python 3.6.9, pytest-3.6.4, py-1.11.0, pluggy-0.7.1 -- /root/dtest/bin/python
cachedir: .pytest_cache
rootdir: /root/cassandra-dtest, inifile: pytest.ini
plugins: flaky-3.7.0, timeout-1.4.2, repeat-0.9.1
timeout: 1200.0s
timeout method: signal
timeout func_only: False
collecting ... collected 1 item

materialized_views_test.py::TestMaterializedViews::test_populate_mv_after_insert 
-------------------------------- live log call ---------------------------------
00:41:32,948 cassandra.protocol WARNING Server warning: Materialized views are experimental and are not recommended for production use.

-------------------------------- live log call ---------------------------------
00:42:26,144 cassandra.protocol WARNING Server warning: Materialized views are experimental and are not recommended for production use.
00:42:34,652 cassandra.protocol WARNING Server warning: Aggregation query used without partition key
00:42:36,198 cassandra.protocol WARNING Server warning: Aggregation query used without partition key
00:42:37,905 cassandra.protocol WARNING Server warning: Aggregation query used without partition key
PASSED                                                                   [100%]
===Flaky Test Report===

test_populate_mv_after_insert failed (1 runs remaining out of 2).
	<class 'cassandra.OperationTimedOut'>
	errors={'Connection defunct by heartbeat': 'Client request timeout. See Session.execute[_async](timeout)'}, last_host=127.0.0.3:9042
	[<TracebackEntry /root/cassandra-dtest/materialized_views_test.py:322>, <TracebackEntry cassandra/cluster.py:2618>, <TracebackEntry cassandra/cluster.py:4894>]
test_populate_mv_after_insert passed 1 out of the required 1 times. Success!

===End Flaky Test Report===

========================== 1 passed in 117.75 seconds ==========================
[msx] rc = 0
v1v2 running time = 139242009847
---> v1v2 test suceeded.
cassandra materialized_views_test.py::TestMaterializedViews::test_populate_mv_after_insert false false
log_dst_dir = /root/vm_images/ZebraConf/app_meta/logs
the_test is materialized_views_test.py::TestMaterializedViews::test_populate_mv_after_insert
============================= test session starts ==============================
platform linux -- Python 3.6.9, pytest-3.6.4, py-1.11.0, pluggy-0.7.1 -- /root/dtest/bin/python
cachedir: .pytest_cache
rootdir: /root/cassandra-dtest, inifile: pytest.ini
plugins: flaky-3.7.0, timeout-1.4.2, repeat-0.9.1
timeout: 1200.0s
timeout method: signal
timeout func_only: False
collecting ... collected 1 item

materialized_views_test.py::TestMaterializedViews::test_populate_mv_after_insert 
-------------------------------- live log call ---------------------------------
00:43:51,144 cassandra.protocol WARNING Server warning: Materialized views are experimental and are not recommended for production use.
00:44:01,185 cassandra.protocol WARNING Server warning: Aggregation query used without partition key
00:44:02,748 cassandra.protocol WARNING Server warning: Aggregation query used without partition key
00:44:04,265 cassandra.protocol WARNING Server warning: Aggregation query used without partition key
PASSED                                                                   [100%]
===Flaky Test Report===

test_populate_mv_after_insert passed 1 out of the required 1 times. Success!

===End Flaky Test Report===

========================== 1 passed in 64.72 seconds ===========================
[msx] rc = 0
v1v1 running time = 86144300046
cassandra materialized_views_test.py::TestMaterializedViews::test_populate_mv_after_insert false false
log_dst_dir = /root/vm_images/ZebraConf/app_meta/logs
the_test is materialized_views_test.py::TestMaterializedViews::test_populate_mv_after_insert
============================= test session starts ==============================
platform linux -- Python 3.6.9, pytest-3.6.4, py-1.11.0, pluggy-0.7.1 -- /root/dtest/bin/python
cachedir: .pytest_cache
rootdir: /root/cassandra-dtest, inifile: pytest.ini
plugins: flaky-3.7.0, timeout-1.4.2, repeat-0.9.1
timeout: 1200.0s
timeout method: signal
timeout func_only: False
collecting ... collected 1 item

materialized_views_test.py::TestMaterializedViews::test_populate_mv_after_insert 
-------------------------------- live log call ---------------------------------
00:45:18,520 cassandra.protocol WARNING Server warning: Materialized views are experimental and are not recommended for production use.

-------------------------------- live log call ---------------------------------
00:46:28,754 cassandra.protocol WARNING Server warning: Materialized views are experimental and are not recommended for production use.
FAILED                                                                   [100%]

=================================== FAILURES ===================================
_____________ TestMaterializedViews.test_populate_mv_after_insert ______________

self = <materialized_views_test.TestMaterializedViews object at 0x7fda03764e10>

    def test_populate_mv_after_insert(self):
        """Test that a view is OK when created with existing data"""
        session = self.prepare(consistency_level=ConsistencyLevel.QUORUM)
    
        session.execute("CREATE TABLE t (id int PRIMARY KEY, v int)")
    
        for i in range(1000):
            session.execute("INSERT INTO t (id, v) VALUES ({v}, {v})".format(v=i))
    
>       session.execute(("CREATE MATERIALIZED VIEW t_by_v AS SELECT * FROM t WHERE v IS NOT NULL "
                         "AND id IS NOT NULL PRIMARY KEY (v, id)"))

materialized_views_test.py:322: 
_ _ _ _ _ _ _ _ _ _ _ _ _ _ _ _ _ _ _ _ _ _ _ _ _ _ _ _ _ _ _ _ _ _ _ _ _ _ _ _ 
cassandra/cluster.py:2618: in cassandra.cluster.Session.execute
    ???
_ _ _ _ _ _ _ _ _ _ _ _ _ _ _ _ _ _ _ _ _ _ _ _ _ _ _ _ _ _ _ _ _ _ _ _ _ _ _ _ 

>   ???
E   cassandra.OperationTimedOut: errors={'Connection defunct by heartbeat': 'Client request timeout. See Session.execute[_async](timeout)'}, last_host=127.0.0.1:9042

cassandra/cluster.py:4894: OperationTimedOut
---------------------------- Captured stdout setup -----------------------------
00:44:31,59 ccm DEBUG Log-watching thread starting.
---------------------------- Captured stderr setup -----------------------------
swapoff: Not superuser.
------------------------------ Captured log setup ------------------------------
00:44:30,246 conftest INFO Starting execution of test_populate_mv_after_insert at 2022-01-31 00:44:30.246811
00:44:30,955 dtest_setup INFO cluster ccm directory: /tmp/dtest-jvx5__eq
------------------------------ Captured log call -------------------------------
00:44:32,577 ccm INFO node1: current_java_version=8, current_java_home_version=8, jvm_version=None, for_build=False, cassandra_version=4.0.2, install_dir=/root/cassandra, env={'HOSTNAME': '49282cbb0c18', 'JAVA_HOME': '/usr/lib/jvm/java-1.8.0-openjdk-amd64', 'PWD': '/root/cassandra-dtest', 'HOME': '/root', 'SHLVL': '4', 'ZEBRACONF_HOME': '/root/vm_images/ZebraConf', 'PATH': '/root/dtest/bin:/usr/local/sbin:/usr/local/bin:/usr/sbin:/usr/bin:/sbin:/bin', '_': '/root/dtest/bin/pytest', 'OLDPWD': '/', 'PYTEST_CURRENT_TEST': 'materialized_views_test.py::TestMaterializedViews::()::test_populate_mv_after_insert (call)', 'CASSANDRA_INCLUDE': '/tmp/dtest-jvx5__eq/test/node1/bin/cassandra.in.sh', 'MAX_HEAP_SIZE': '500M', 'HEAP_NEWSIZE': '50M', 'CASSANDRA_HOME': '/root/cassandra', 'CASSANDRA_CONF': '/tmp/dtest-jvx5__eq/test/node1/conf'}
00:44:32,579 ccm INFO node1: using Java 8 for the current invocation
00:44:32,763 ccm INFO node1: current_java_version=8, current_java_home_version=8, jvm_version=None, for_build=False, cassandra_version=4.0.2, install_dir=/root/cassandra, env={'HOSTNAME': '49282cbb0c18', 'JAVA_HOME': '/usr/lib/jvm/java-1.8.0-openjdk-amd64', 'PWD': '/root/cassandra-dtest', 'HOME': '/root', 'SHLVL': '4', 'ZEBRACONF_HOME': '/root/vm_images/ZebraConf', 'PATH': '/root/dtest/bin:/usr/local/sbin:/usr/local/bin:/usr/sbin:/usr/bin:/sbin:/bin', '_': '/root/dtest/bin/pytest', 'OLDPWD': '/', 'PYTEST_CURRENT_TEST': 'materialized_views_test.py::TestMaterializedViews::()::test_populate_mv_after_insert (call)', 'CASSANDRA_INCLUDE': '/tmp/dtest-jvx5__eq/test/node1/bin/cassandra.in.sh', 'MAX_HEAP_SIZE': '500M', 'HEAP_NEWSIZE': '50M', 'CASSANDRA_HOME': '/root/cassandra', 'CASSANDRA_CONF': '/tmp/dtest-jvx5__eq/test/node1/conf', 'CASSANDRA_LIBJEMALLOC': '-', 'JVM_EXTRA_OPTS': ' -Dcassandra.migration_task_wait_in_seconds=6'}
00:44:32,764 ccm INFO node1: using Java 8 for the current invocation
00:44:32,865 ccm INFO Starting node1 with JAVA_HOME=/usr/lib/jvm/java-1.8.0-openjdk-amd64 java_version=8 cassandra_version=4.0.2, install_dir=/root/cassandra
00:44:33,176 ccm INFO node2: current_java_version=8, current_java_home_version=8, jvm_version=None, for_build=False, cassandra_version=4.0.2, install_dir=/root/cassandra, env={'HOSTNAME': '49282cbb0c18', 'JAVA_HOME': '/usr/lib/jvm/java-1.8.0-openjdk-amd64', 'PWD': '/root/cassandra-dtest', 'HOME': '/root', 'SHLVL': '4', 'ZEBRACONF_HOME': '/root/vm_images/ZebraConf', 'PATH': '/root/dtest/bin:/usr/local/sbin:/usr/local/bin:/usr/sbin:/usr/bin:/sbin:/bin', '_': '/root/dtest/bin/pytest', 'OLDPWD': '/', 'PYTEST_CURRENT_TEST': 'materialized_views_test.py::TestMaterializedViews::()::test_populate_mv_after_insert (call)', 'CASSANDRA_INCLUDE': '/tmp/dtest-jvx5__eq/test/node2/bin/cassandra.in.sh', 'MAX_HEAP_SIZE': '500M', 'HEAP_NEWSIZE': '50M', 'CASSANDRA_HOME': '/root/cassandra', 'CASSANDRA_CONF': '/tmp/dtest-jvx5__eq/test/node2/conf'}
00:44:33,177 ccm INFO node2: using Java 8 for the current invocation
00:44:33,356 ccm INFO node2: current_java_version=8, current_java_home_version=8, jvm_version=None, for_build=False, cassandra_version=4.0.2, install_dir=/root/cassandra, env={'HOSTNAME': '49282cbb0c18', 'JAVA_HOME': '/usr/lib/jvm/java-1.8.0-openjdk-amd64', 'PWD': '/root/cassandra-dtest', 'HOME': '/root', 'SHLVL': '4', 'ZEBRACONF_HOME': '/root/vm_images/ZebraConf', 'PATH': '/root/dtest/bin:/usr/local/sbin:/usr/local/bin:/usr/sbin:/usr/bin:/sbin:/bin', '_': '/root/dtest/bin/pytest', 'OLDPWD': '/', 'PYTEST_CURRENT_TEST': 'materialized_views_test.py::TestMaterializedViews::()::test_populate_mv_after_insert (call)', 'CASSANDRA_INCLUDE': '/tmp/dtest-jvx5__eq/test/node2/bin/cassandra.in.sh', 'MAX_HEAP_SIZE': '500M', 'HEAP_NEWSIZE': '50M', 'CASSANDRA_HOME': '/root/cassandra', 'CASSANDRA_CONF': '/tmp/dtest-jvx5__eq/test/node2/conf', 'CASSANDRA_LIBJEMALLOC': '-', 'JVM_EXTRA_OPTS': ' -Dcassandra.migration_task_wait_in_seconds=6 -Dcassandra.migration_task_wait_in_seconds=6'}
00:44:33,356 ccm INFO node2: using Java 8 for the current invocation
00:44:33,443 ccm INFO Starting node2 with JAVA_HOME=/usr/lib/jvm/java-1.8.0-openjdk-amd64 java_version=8 cassandra_version=4.0.2, install_dir=/root/cassandra
00:44:33,745 ccm INFO node3: current_java_version=8, current_java_home_version=8, jvm_version=None, for_build=False, cassandra_version=4.0.2, install_dir=/root/cassandra, env={'HOSTNAME': '49282cbb0c18', 'JAVA_HOME': '/usr/lib/jvm/java-1.8.0-openjdk-amd64', 'PWD': '/root/cassandra-dtest', 'HOME': '/root', 'SHLVL': '4', 'ZEBRACONF_HOME': '/root/vm_images/ZebraConf', 'PATH': '/root/dtest/bin:/usr/local/sbin:/usr/local/bin:/usr/sbin:/usr/bin:/sbin:/bin', '_': '/root/dtest/bin/pytest', 'OLDPWD': '/', 'PYTEST_CURRENT_TEST': 'materialized_views_test.py::TestMaterializedViews::()::test_populate_mv_after_insert (call)', 'CASSANDRA_INCLUDE': '/tmp/dtest-jvx5__eq/test/node3/bin/cassandra.in.sh', 'MAX_HEAP_SIZE': '500M', 'HEAP_NEWSIZE': '50M', 'CASSANDRA_HOME': '/root/cassandra', 'CASSANDRA_CONF': '/tmp/dtest-jvx5__eq/test/node3/conf'}
00:44:33,746 ccm INFO node3: using Java 8 for the current invocation
00:44:33,918 ccm INFO node3: current_java_version=8, current_java_home_version=8, jvm_version=None, for_build=False, cassandra_version=4.0.2, install_dir=/root/cassandra, env={'HOSTNAME': '49282cbb0c18', 'JAVA_HOME': '/usr/lib/jvm/java-1.8.0-openjdk-amd64', 'PWD': '/root/cassandra-dtest', 'HOME': '/root', 'SHLVL': '4', 'ZEBRACONF_HOME': '/root/vm_images/ZebraConf', 'PATH': '/root/dtest/bin:/usr/local/sbin:/usr/local/bin:/usr/sbin:/usr/bin:/sbin:/bin', '_': '/root/dtest/bin/pytest', 'OLDPWD': '/', 'PYTEST_CURRENT_TEST': 'materialized_views_test.py::TestMaterializedViews::()::test_populate_mv_after_insert (call)', 'CASSANDRA_INCLUDE': '/tmp/dtest-jvx5__eq/test/node3/bin/cassandra.in.sh', 'MAX_HEAP_SIZE': '500M', 'HEAP_NEWSIZE': '50M', 'CASSANDRA_HOME': '/root/cassandra', 'CASSANDRA_CONF': '/tmp/dtest-jvx5__eq/test/node3/conf', 'CASSANDRA_LIBJEMALLOC': '-', 'JVM_EXTRA_OPTS': ' -Dcassandra.migration_task_wait_in_seconds=6 -Dcassandra.migration_task_wait_in_seconds=6 -Dcassandra.migration_task_wait_in_seconds=6'}
00:44:33,919 ccm INFO node3: using Java 8 for the current invocation
00:44:34,8 ccm INFO Starting node3 with JAVA_HOME=/usr/lib/jvm/java-1.8.0-openjdk-amd64 java_version=8 cassandra_version=4.0.2, install_dir=/root/cassandra
00:45:01,830 cassandra.cluster INFO New Cassandra host <Host: 127.0.0.3:9042 dc1> discovered
00:45:01,834 cassandra.cluster INFO New Cassandra host <Host: 127.0.0.2:9042 dc1> discovered
00:45:18,520 cassandra.protocol WARNING Server warning: Materialized views are experimental and are not recommended for production use.
--------------------------- Captured stdout teardown ---------------------------
00:45:25,51 ccm DEBUG Log-watching thread exiting.
---------------------------- Captured stdout setup -----------------------------
00:45:28,598 ccm DEBUG Log-watching thread starting.
---------------------------- Captured stderr setup -----------------------------
swapoff: Not superuser.
------------------------------ Captured log setup ------------------------------
00:45:27,656 conftest INFO Starting execution of test_populate_mv_after_insert at 2022-01-31 00:45:27.656470
00:45:28,467 dtest_setup INFO cluster ccm directory: /tmp/dtest-nsiwpnii
------------------------------ Captured log call -------------------------------
00:45:30,369 ccm INFO node1: current_java_version=8, current_java_home_version=8, jvm_version=None, for_build=False, cassandra_version=4.0.2, install_dir=/root/cassandra, env={'HOSTNAME': '49282cbb0c18', 'JAVA_HOME': '/usr/lib/jvm/java-1.8.0-openjdk-amd64', 'PWD': '/root/cassandra-dtest', 'HOME': '/root', 'SHLVL': '4', 'ZEBRACONF_HOME': '/root/vm_images/ZebraConf', 'PATH': '/root/dtest/bin:/usr/local/sbin:/usr/local/bin:/usr/sbin:/usr/bin:/sbin:/bin', '_': '/root/dtest/bin/pytest', 'OLDPWD': '/', 'PYTEST_CURRENT_TEST': 'materialized_views_test.py::TestMaterializedViews::()::test_populate_mv_after_insert (call)', 'CASSANDRA_INCLUDE': '/tmp/dtest-nsiwpnii/test/node1/bin/cassandra.in.sh', 'MAX_HEAP_SIZE': '500M', 'HEAP_NEWSIZE': '50M', 'CASSANDRA_HOME': '/root/cassandra', 'CASSANDRA_CONF': '/tmp/dtest-nsiwpnii/test/node1/conf'}
00:45:30,370 ccm INFO node1: using Java 8 for the current invocation
00:45:30,550 ccm INFO node1: current_java_version=8, current_java_home_version=8, jvm_version=None, for_build=False, cassandra_version=4.0.2, install_dir=/root/cassandra, env={'HOSTNAME': '49282cbb0c18', 'JAVA_HOME': '/usr/lib/jvm/java-1.8.0-openjdk-amd64', 'PWD': '/root/cassandra-dtest', 'HOME': '/root', 'SHLVL': '4', 'ZEBRACONF_HOME': '/root/vm_images/ZebraConf', 'PATH': '/root/dtest/bin:/usr/local/sbin:/usr/local/bin:/usr/sbin:/usr/bin:/sbin:/bin', '_': '/root/dtest/bin/pytest', 'OLDPWD': '/', 'PYTEST_CURRENT_TEST': 'materialized_views_test.py::TestMaterializedViews::()::test_populate_mv_after_insert (call)', 'CASSANDRA_INCLUDE': '/tmp/dtest-nsiwpnii/test/node1/bin/cassandra.in.sh', 'MAX_HEAP_SIZE': '500M', 'HEAP_NEWSIZE': '50M', 'CASSANDRA_HOME': '/root/cassandra', 'CASSANDRA_CONF': '/tmp/dtest-nsiwpnii/test/node1/conf', 'CASSANDRA_LIBJEMALLOC': '-', 'JVM_EXTRA_OPTS': ' -Dcassandra.migration_task_wait_in_seconds=6'}
00:45:30,551 ccm INFO node1: using Java 8 for the current invocation
00:45:30,633 ccm INFO Starting node1 with JAVA_HOME=/usr/lib/jvm/java-1.8.0-openjdk-amd64 java_version=8 cassandra_version=4.0.2, install_dir=/root/cassandra
00:45:30,901 ccm INFO node2: current_java_version=8, current_java_home_version=8, jvm_version=None, for_build=False, cassandra_version=4.0.2, install_dir=/root/cassandra, env={'HOSTNAME': '49282cbb0c18', 'JAVA_HOME': '/usr/lib/jvm/java-1.8.0-openjdk-amd64', 'PWD': '/root/cassandra-dtest', 'HOME': '/root', 'SHLVL': '4', 'ZEBRACONF_HOME': '/root/vm_images/ZebraConf', 'PATH': '/root/dtest/bin:/usr/local/sbin:/usr/local/bin:/usr/sbin:/usr/bin:/sbin:/bin', '_': '/root/dtest/bin/pytest', 'OLDPWD': '/', 'PYTEST_CURRENT_TEST': 'materialized_views_test.py::TestMaterializedViews::()::test_populate_mv_after_insert (call)', 'CASSANDRA_INCLUDE': '/tmp/dtest-nsiwpnii/test/node2/bin/cassandra.in.sh', 'MAX_HEAP_SIZE': '500M', 'HEAP_NEWSIZE': '50M', 'CASSANDRA_HOME': '/root/cassandra', 'CASSANDRA_CONF': '/tmp/dtest-nsiwpnii/test/node2/conf'}
00:45:30,902 ccm INFO node2: using Java 8 for the current invocation
00:45:31,82 ccm INFO node2: current_java_version=8, current_java_home_version=8, jvm_version=None, for_build=False, cassandra_version=4.0.2, install_dir=/root/cassandra, env={'HOSTNAME': '49282cbb0c18', 'JAVA_HOME': '/usr/lib/jvm/java-1.8.0-openjdk-amd64', 'PWD': '/root/cassandra-dtest', 'HOME': '/root', 'SHLVL': '4', 'ZEBRACONF_HOME': '/root/vm_images/ZebraConf', 'PATH': '/root/dtest/bin:/usr/local/sbin:/usr/local/bin:/usr/sbin:/usr/bin:/sbin:/bin', '_': '/root/dtest/bin/pytest', 'OLDPWD': '/', 'PYTEST_CURRENT_TEST': 'materialized_views_test.py::TestMaterializedViews::()::test_populate_mv_after_insert (call)', 'CASSANDRA_INCLUDE': '/tmp/dtest-nsiwpnii/test/node2/bin/cassandra.in.sh', 'MAX_HEAP_SIZE': '500M', 'HEAP_NEWSIZE': '50M', 'CASSANDRA_HOME': '/root/cassandra', 'CASSANDRA_CONF': '/tmp/dtest-nsiwpnii/test/node2/conf', 'CASSANDRA_LIBJEMALLOC': '-', 'JVM_EXTRA_OPTS': ' -Dcassandra.migration_task_wait_in_seconds=6 -Dcassandra.migration_task_wait_in_seconds=6'}
00:45:31,83 ccm INFO node2: using Java 8 for the current invocation
00:45:31,175 ccm INFO Starting node2 with JAVA_HOME=/usr/lib/jvm/java-1.8.0-openjdk-amd64 java_version=8 cassandra_version=4.0.2, install_dir=/root/cassandra
00:45:31,442 ccm INFO node3: current_java_version=8, current_java_home_version=8, jvm_version=None, for_build=False, cassandra_version=4.0.2, install_dir=/root/cassandra, env={'HOSTNAME': '49282cbb0c18', 'JAVA_HOME': '/usr/lib/jvm/java-1.8.0-openjdk-amd64', 'PWD': '/root/cassandra-dtest', 'HOME': '/root', 'SHLVL': '4', 'ZEBRACONF_HOME': '/root/vm_images/ZebraConf', 'PATH': '/root/dtest/bin:/usr/local/sbin:/usr/local/bin:/usr/sbin:/usr/bin:/sbin:/bin', '_': '/root/dtest/bin/pytest', 'OLDPWD': '/', 'PYTEST_CURRENT_TEST': 'materialized_views_test.py::TestMaterializedViews::()::test_populate_mv_after_insert (call)', 'CASSANDRA_INCLUDE': '/tmp/dtest-nsiwpnii/test/node3/bin/cassandra.in.sh', 'MAX_HEAP_SIZE': '500M', 'HEAP_NEWSIZE': '50M', 'CASSANDRA_HOME': '/root/cassandra', 'CASSANDRA_CONF': '/tmp/dtest-nsiwpnii/test/node3/conf'}
00:45:31,442 ccm INFO node3: using Java 8 for the current invocation
00:45:31,621 ccm INFO node3: current_java_version=8, current_java_home_version=8, jvm_version=None, for_build=False, cassandra_version=4.0.2, install_dir=/root/cassandra, env={'HOSTNAME': '49282cbb0c18', 'JAVA_HOME': '/usr/lib/jvm/java-1.8.0-openjdk-amd64', 'PWD': '/root/cassandra-dtest', 'HOME': '/root', 'SHLVL': '4', 'ZEBRACONF_HOME': '/root/vm_images/ZebraConf', 'PATH': '/root/dtest/bin:/usr/local/sbin:/usr/local/bin:/usr/sbin:/usr/bin:/sbin:/bin', '_': '/root/dtest/bin/pytest', 'OLDPWD': '/', 'PYTEST_CURRENT_TEST': 'materialized_views_test.py::TestMaterializedViews::()::test_populate_mv_after_insert (call)', 'CASSANDRA_INCLUDE': '/tmp/dtest-nsiwpnii/test/node3/bin/cassandra.in.sh', 'MAX_HEAP_SIZE': '500M', 'HEAP_NEWSIZE': '50M', 'CASSANDRA_HOME': '/root/cassandra', 'CASSANDRA_CONF': '/tmp/dtest-nsiwpnii/test/node3/conf', 'CASSANDRA_LIBJEMALLOC': '-', 'JVM_EXTRA_OPTS': ' -Dcassandra.migration_task_wait_in_seconds=6 -Dcassandra.migration_task_wait_in_seconds=6 -Dcassandra.migration_task_wait_in_seconds=6'}
00:45:31,621 ccm INFO node3: using Java 8 for the current invocation
00:45:31,703 ccm INFO Starting node3 with JAVA_HOME=/usr/lib/jvm/java-1.8.0-openjdk-amd64 java_version=8 cassandra_version=4.0.2, install_dir=/root/cassandra
00:46:08,501 cassandra.cluster INFO New Cassandra host <Host: 127.0.0.3:9042 dc1> discovered
00:46:08,501 cassandra.cluster INFO New Cassandra host <Host: 127.0.0.2:9042 dc1> discovered
00:46:28,754 cassandra.protocol WARNING Server warning: Materialized views are experimental and are not recommended for production use.
--------------------------- Captured stdout teardown ---------------------------
00:45:25,51 ccm DEBUG Log-watching thread exiting.
--------------------------- Captured stdout teardown ---------------------------
00:45:25,51 ccm DEBUG Log-watching thread exiting.
--------------------------- Captured stdout teardown ---------------------------
00:46:31,261 ccm DEBUG Log-watching thread exiting.
===Flaky Test Report===

test_populate_mv_after_insert failed (1 runs remaining out of 2).
	<class 'cassandra.OperationTimedOut'>
	errors={'Connection defunct by heartbeat': 'Client request timeout. See Session.execute[_async](timeout)'}, last_host=127.0.0.1:9042
	[<TracebackEntry /root/cassandra-dtest/materialized_views_test.py:322>, <TracebackEntry cassandra/cluster.py:2618>, <TracebackEntry cassandra/cluster.py:4894>]
test_populate_mv_after_insert failed; it passed 0 out of the required 1 times.
	<class 'cassandra.OperationTimedOut'>
	errors={'Connection defunct by heartbeat': 'Client request timeout. See Session.execute[_async](timeout)'}, last_host=127.0.0.1:9042
	[<TracebackEntry /root/cassandra-dtest/materialized_views_test.py:322>, <TracebackEntry cassandra/cluster.py:2618>, <TracebackEntry cassandra/cluster.py:4894>]

===End Flaky Test Report===
========================== 1 failed in 123.87 seconds ==========================
[msx] rc = 1
v2v2 running time = 145304609248
---> v1v1 or v2v2 test failed.
v2v2 failed in a hypo test
proj: cassandra
u_test: materialized_views_test.py::TestMaterializedViews::test_populate_mv_after_insert
h_list: compaction_large_partition_warning_threshold_mb@@@CassandraDaemon@@@-1@@@10@@@100
vv_mode: v2v2
result: FAIL
failureMessage: 
stackTrace: 

cassandra materialized_views_test.py::TestMaterializedViews::test_populate_mv_after_insert false false
log_dst_dir = /root/vm_images/ZebraConf/app_meta/logs
the_test is materialized_views_test.py::TestMaterializedViews::test_populate_mv_after_insert
============================= test session starts ==============================
platform linux -- Python 3.6.9, pytest-3.6.4, py-1.11.0, pluggy-0.7.1 -- /root/dtest/bin/python
cachedir: .pytest_cache
rootdir: /root/cassandra-dtest, inifile: pytest.ini
plugins: flaky-3.7.0, timeout-1.4.2, repeat-0.9.1
timeout: 1200.0s
timeout method: signal
timeout func_only: False
collecting ... collected 1 item

materialized_views_test.py::TestMaterializedViews::test_populate_mv_after_insert 
-------------------------------- live log call ---------------------------------
00:47:39,989 cassandra.protocol WARNING Server warning: Materialized views are experimental and are not recommended for production use.
00:47:49,933 cassandra.protocol WARNING Server warning: Aggregation query used without partition key
00:47:51,522 cassandra.protocol WARNING Server warning: Aggregation query used without partition key
00:47:53,141 cassandra.protocol WARNING Server warning: Aggregation query used without partition key
PASSED                                                                   [100%]
===Flaky Test Report===

test_populate_mv_after_insert passed 1 out of the required 1 times. Success!

===End Flaky Test Report===

========================== 1 passed in 61.82 seconds ===========================
[msx] rc = 0
v1v2 running time = 83314053782
---> v1v2 test suceeded.
cassandra materialized_views_test.py::TestMaterializedViews::test_populate_mv_after_insert false false
log_dst_dir = /root/vm_images/ZebraConf/app_meta/logs
the_test is materialized_views_test.py::TestMaterializedViews::test_populate_mv_after_insert
============================= test session starts ==============================
platform linux -- Python 3.6.9, pytest-3.6.4, py-1.11.0, pluggy-0.7.1 -- /root/dtest/bin/python
cachedir: .pytest_cache
rootdir: /root/cassandra-dtest, inifile: pytest.ini
plugins: flaky-3.7.0, timeout-1.4.2, repeat-0.9.1
timeout: 1200.0s
timeout method: signal
timeout func_only: False
collecting ... collected 1 item

materialized_views_test.py::TestMaterializedViews::test_populate_mv_after_insert 
-------------------------------- live log call ---------------------------------
00:49:07,347 cassandra.protocol WARNING Server warning: Materialized views are experimental and are not recommended for production use.
00:49:16,230 cassandra.protocol WARNING Server warning: Aggregation query used without partition key
00:49:17,870 cassandra.protocol WARNING Server warning: Aggregation query used without partition key
00:49:19,435 cassandra.protocol WARNING Server warning: Aggregation query used without partition key
PASSED                                                                   [100%]
===Flaky Test Report===

test_populate_mv_after_insert passed 1 out of the required 1 times. Success!

===End Flaky Test Report===

========================== 1 passed in 65.06 seconds ===========================
[msx] rc = 0
v1v1 running time = 86478749644
cassandra materialized_views_test.py::TestMaterializedViews::test_populate_mv_after_insert false false
log_dst_dir = /root/vm_images/ZebraConf/app_meta/logs
the_test is materialized_views_test.py::TestMaterializedViews::test_populate_mv_after_insert
============================= test session starts ==============================
platform linux -- Python 3.6.9, pytest-3.6.4, py-1.11.0, pluggy-0.7.1 -- /root/dtest/bin/python
cachedir: .pytest_cache
rootdir: /root/cassandra-dtest, inifile: pytest.ini
plugins: flaky-3.7.0, timeout-1.4.2, repeat-0.9.1
timeout: 1200.0s
timeout method: signal
timeout func_only: False
collecting ... collected 1 item

materialized_views_test.py::TestMaterializedViews::test_populate_mv_after_insert 
-------------------------------- live log call ---------------------------------
00:50:33,206 cassandra.protocol WARNING Server warning: Materialized views are experimental and are not recommended for production use.
00:50:42,947 cassandra.protocol WARNING Server warning: Aggregation query used without partition key
00:50:44,521 cassandra.protocol WARNING Server warning: Aggregation query used without partition key
00:50:46,130 cassandra.protocol WARNING Server warning: Aggregation query used without partition key
PASSED                                                                   [100%]
===Flaky Test Report===

test_populate_mv_after_insert passed 1 out of the required 1 times. Success!

===End Flaky Test Report===

========================== 1 passed in 65.14 seconds ===========================
[msx] rc = 0
v2v2 running time = 86549053662
---> v1v1 and v2v2 test test suceeded.
cassandra materialized_views_test.py::TestMaterializedViews::test_populate_mv_after_insert false false
log_dst_dir = /root/vm_images/ZebraConf/app_meta/logs
the_test is materialized_views_test.py::TestMaterializedViews::test_populate_mv_after_insert
============================= test session starts ==============================
platform linux -- Python 3.6.9, pytest-3.6.4, py-1.11.0, pluggy-0.7.1 -- /root/dtest/bin/python
cachedir: .pytest_cache
rootdir: /root/cassandra-dtest, inifile: pytest.ini
plugins: flaky-3.7.0, timeout-1.4.2, repeat-0.9.1
timeout: 1200.0s
timeout method: signal
timeout func_only: False
collecting ... collected 1 item

materialized_views_test.py::TestMaterializedViews::test_populate_mv_after_insert 
-------------------------------- live log call ---------------------------------
00:52:02,940 cassandra.protocol WARNING Server warning: Materialized views are experimental and are not recommended for production use.

-------------------------------- live log call ---------------------------------
00:53:03,712 cassandra.protocol WARNING Server warning: Materialized views are experimental and are not recommended for production use.
FAILED                                                                   [100%]

=================================== FAILURES ===================================
_____________ TestMaterializedViews.test_populate_mv_after_insert ______________

self = <materialized_views_test.TestMaterializedViews object at 0x7f83844f4c50>

    def test_populate_mv_after_insert(self):
        """Test that a view is OK when created with existing data"""
        session = self.prepare(consistency_level=ConsistencyLevel.QUORUM)
    
        session.execute("CREATE TABLE t (id int PRIMARY KEY, v int)")
    
        for i in range(1000):
            session.execute("INSERT INTO t (id, v) VALUES ({v}, {v})".format(v=i))
    
>       session.execute(("CREATE MATERIALIZED VIEW t_by_v AS SELECT * FROM t WHERE v IS NOT NULL "
                         "AND id IS NOT NULL PRIMARY KEY (v, id)"))

materialized_views_test.py:322: 
_ _ _ _ _ _ _ _ _ _ _ _ _ _ _ _ _ _ _ _ _ _ _ _ _ _ _ _ _ _ _ _ _ _ _ _ _ _ _ _ 
cassandra/cluster.py:2618: in cassandra.cluster.Session.execute
    ???
_ _ _ _ _ _ _ _ _ _ _ _ _ _ _ _ _ _ _ _ _ _ _ _ _ _ _ _ _ _ _ _ _ _ _ _ _ _ _ _ 

>   ???
E   cassandra.OperationTimedOut: errors={'Connection defunct by heartbeat': 'Client request timeout. See Session.execute[_async](timeout)'}, last_host=127.0.0.1:9042

cassandra/cluster.py:4894: OperationTimedOut
---------------------------- Captured stdout setup -----------------------------
00:51:12,861 ccm DEBUG Log-watching thread starting.
---------------------------- Captured stderr setup -----------------------------
swapoff: Not superuser.
------------------------------ Captured log setup ------------------------------
00:51:11,976 conftest INFO Starting execution of test_populate_mv_after_insert at 2022-01-31 00:51:11.976521
00:51:12,736 dtest_setup INFO cluster ccm directory: /tmp/dtest-ehnh53x4
------------------------------ Captured log call -------------------------------
00:51:14,538 ccm INFO node1: current_java_version=8, current_java_home_version=8, jvm_version=None, for_build=False, cassandra_version=4.0.2, install_dir=/root/cassandra, env={'HOSTNAME': '49282cbb0c18', 'JAVA_HOME': '/usr/lib/jvm/java-1.8.0-openjdk-amd64', 'PWD': '/root/cassandra-dtest', 'HOME': '/root', 'SHLVL': '4', 'ZEBRACONF_HOME': '/root/vm_images/ZebraConf', 'PATH': '/root/dtest/bin:/usr/local/sbin:/usr/local/bin:/usr/sbin:/usr/bin:/sbin:/bin', '_': '/root/dtest/bin/pytest', 'OLDPWD': '/', 'PYTEST_CURRENT_TEST': 'materialized_views_test.py::TestMaterializedViews::()::test_populate_mv_after_insert (call)', 'CASSANDRA_INCLUDE': '/tmp/dtest-ehnh53x4/test/node1/bin/cassandra.in.sh', 'MAX_HEAP_SIZE': '500M', 'HEAP_NEWSIZE': '50M', 'CASSANDRA_HOME': '/root/cassandra', 'CASSANDRA_CONF': '/tmp/dtest-ehnh53x4/test/node1/conf'}
00:51:14,540 ccm INFO node1: using Java 8 for the current invocation
00:51:14,724 ccm INFO node1: current_java_version=8, current_java_home_version=8, jvm_version=None, for_build=False, cassandra_version=4.0.2, install_dir=/root/cassandra, env={'HOSTNAME': '49282cbb0c18', 'JAVA_HOME': '/usr/lib/jvm/java-1.8.0-openjdk-amd64', 'PWD': '/root/cassandra-dtest', 'HOME': '/root', 'SHLVL': '4', 'ZEBRACONF_HOME': '/root/vm_images/ZebraConf', 'PATH': '/root/dtest/bin:/usr/local/sbin:/usr/local/bin:/usr/sbin:/usr/bin:/sbin:/bin', '_': '/root/dtest/bin/pytest', 'OLDPWD': '/', 'PYTEST_CURRENT_TEST': 'materialized_views_test.py::TestMaterializedViews::()::test_populate_mv_after_insert (call)', 'CASSANDRA_INCLUDE': '/tmp/dtest-ehnh53x4/test/node1/bin/cassandra.in.sh', 'MAX_HEAP_SIZE': '500M', 'HEAP_NEWSIZE': '50M', 'CASSANDRA_HOME': '/root/cassandra', 'CASSANDRA_CONF': '/tmp/dtest-ehnh53x4/test/node1/conf', 'CASSANDRA_LIBJEMALLOC': '-', 'JVM_EXTRA_OPTS': ' -Dcassandra.migration_task_wait_in_seconds=6'}
00:51:14,724 ccm INFO node1: using Java 8 for the current invocation
00:51:14,820 ccm INFO Starting node1 with JAVA_HOME=/usr/lib/jvm/java-1.8.0-openjdk-amd64 java_version=8 cassandra_version=4.0.2, install_dir=/root/cassandra
00:51:15,101 ccm INFO node2: current_java_version=8, current_java_home_version=8, jvm_version=None, for_build=False, cassandra_version=4.0.2, install_dir=/root/cassandra, env={'HOSTNAME': '49282cbb0c18', 'JAVA_HOME': '/usr/lib/jvm/java-1.8.0-openjdk-amd64', 'PWD': '/root/cassandra-dtest', 'HOME': '/root', 'SHLVL': '4', 'ZEBRACONF_HOME': '/root/vm_images/ZebraConf', 'PATH': '/root/dtest/bin:/usr/local/sbin:/usr/local/bin:/usr/sbin:/usr/bin:/sbin:/bin', '_': '/root/dtest/bin/pytest', 'OLDPWD': '/', 'PYTEST_CURRENT_TEST': 'materialized_views_test.py::TestMaterializedViews::()::test_populate_mv_after_insert (call)', 'CASSANDRA_INCLUDE': '/tmp/dtest-ehnh53x4/test/node2/bin/cassandra.in.sh', 'MAX_HEAP_SIZE': '500M', 'HEAP_NEWSIZE': '50M', 'CASSANDRA_HOME': '/root/cassandra', 'CASSANDRA_CONF': '/tmp/dtest-ehnh53x4/test/node2/conf'}
00:51:15,102 ccm INFO node2: using Java 8 for the current invocation
00:51:15,274 ccm INFO node2: current_java_version=8, current_java_home_version=8, jvm_version=None, for_build=False, cassandra_version=4.0.2, install_dir=/root/cassandra, env={'HOSTNAME': '49282cbb0c18', 'JAVA_HOME': '/usr/lib/jvm/java-1.8.0-openjdk-amd64', 'PWD': '/root/cassandra-dtest', 'HOME': '/root', 'SHLVL': '4', 'ZEBRACONF_HOME': '/root/vm_images/ZebraConf', 'PATH': '/root/dtest/bin:/usr/local/sbin:/usr/local/bin:/usr/sbin:/usr/bin:/sbin:/bin', '_': '/root/dtest/bin/pytest', 'OLDPWD': '/', 'PYTEST_CURRENT_TEST': 'materialized_views_test.py::TestMaterializedViews::()::test_populate_mv_after_insert (call)', 'CASSANDRA_INCLUDE': '/tmp/dtest-ehnh53x4/test/node2/bin/cassandra.in.sh', 'MAX_HEAP_SIZE': '500M', 'HEAP_NEWSIZE': '50M', 'CASSANDRA_HOME': '/root/cassandra', 'CASSANDRA_CONF': '/tmp/dtest-ehnh53x4/test/node2/conf', 'CASSANDRA_LIBJEMALLOC': '-', 'JVM_EXTRA_OPTS': ' -Dcassandra.migration_task_wait_in_seconds=6 -Dcassandra.migration_task_wait_in_seconds=6'}
00:51:15,275 ccm INFO node2: using Java 8 for the current invocation
00:51:15,365 ccm INFO Starting node2 with JAVA_HOME=/usr/lib/jvm/java-1.8.0-openjdk-amd64 java_version=8 cassandra_version=4.0.2, install_dir=/root/cassandra
00:51:15,628 ccm INFO node3: current_java_version=8, current_java_home_version=8, jvm_version=None, for_build=False, cassandra_version=4.0.2, install_dir=/root/cassandra, env={'HOSTNAME': '49282cbb0c18', 'JAVA_HOME': '/usr/lib/jvm/java-1.8.0-openjdk-amd64', 'PWD': '/root/cassandra-dtest', 'HOME': '/root', 'SHLVL': '4', 'ZEBRACONF_HOME': '/root/vm_images/ZebraConf', 'PATH': '/root/dtest/bin:/usr/local/sbin:/usr/local/bin:/usr/sbin:/usr/bin:/sbin:/bin', '_': '/root/dtest/bin/pytest', 'OLDPWD': '/', 'PYTEST_CURRENT_TEST': 'materialized_views_test.py::TestMaterializedViews::()::test_populate_mv_after_insert (call)', 'CASSANDRA_INCLUDE': '/tmp/dtest-ehnh53x4/test/node3/bin/cassandra.in.sh', 'MAX_HEAP_SIZE': '500M', 'HEAP_NEWSIZE': '50M', 'CASSANDRA_HOME': '/root/cassandra', 'CASSANDRA_CONF': '/tmp/dtest-ehnh53x4/test/node3/conf'}
00:51:15,629 ccm INFO node3: using Java 8 for the current invocation
00:51:15,808 ccm INFO node3: current_java_version=8, current_java_home_version=8, jvm_version=None, for_build=False, cassandra_version=4.0.2, install_dir=/root/cassandra, env={'HOSTNAME': '49282cbb0c18', 'JAVA_HOME': '/usr/lib/jvm/java-1.8.0-openjdk-amd64', 'PWD': '/root/cassandra-dtest', 'HOME': '/root', 'SHLVL': '4', 'ZEBRACONF_HOME': '/root/vm_images/ZebraConf', 'PATH': '/root/dtest/bin:/usr/local/sbin:/usr/local/bin:/usr/sbin:/usr/bin:/sbin:/bin', '_': '/root/dtest/bin/pytest', 'OLDPWD': '/', 'PYTEST_CURRENT_TEST': 'materialized_views_test.py::TestMaterializedViews::()::test_populate_mv_after_insert (call)', 'CASSANDRA_INCLUDE': '/tmp/dtest-ehnh53x4/test/node3/bin/cassandra.in.sh', 'MAX_HEAP_SIZE': '500M', 'HEAP_NEWSIZE': '50M', 'CASSANDRA_HOME': '/root/cassandra', 'CASSANDRA_CONF': '/tmp/dtest-ehnh53x4/test/node3/conf', 'CASSANDRA_LIBJEMALLOC': '-', 'JVM_EXTRA_OPTS': ' -Dcassandra.migration_task_wait_in_seconds=6 -Dcassandra.migration_task_wait_in_seconds=6 -Dcassandra.migration_task_wait_in_seconds=6'}
00:51:15,808 ccm INFO node3: using Java 8 for the current invocation
00:51:15,916 ccm INFO Starting node3 with JAVA_HOME=/usr/lib/jvm/java-1.8.0-openjdk-amd64 java_version=8 cassandra_version=4.0.2, install_dir=/root/cassandra
00:51:46,730 cassandra.cluster INFO New Cassandra host <Host: 127.0.0.3:9042 dc1> discovered
00:51:46,733 cassandra.cluster INFO New Cassandra host <Host: 127.0.0.2:9042 dc1> discovered
00:52:02,940 cassandra.protocol WARNING Server warning: Materialized views are experimental and are not recommended for production use.
--------------------------- Captured stdout teardown ---------------------------
00:52:09,452 ccm DEBUG Log-watching thread exiting.
---------------------------- Captured stdout setup -----------------------------
00:52:11,253 ccm DEBUG Log-watching thread starting.
---------------------------- Captured stderr setup -----------------------------
swapoff: Not superuser.
------------------------------ Captured log setup ------------------------------
00:52:10,78 conftest INFO Starting execution of test_populate_mv_after_insert at 2022-01-31 00:52:10.078488
00:52:11,133 dtest_setup INFO cluster ccm directory: /tmp/dtest-hp8frliz
------------------------------ Captured log call -------------------------------
00:52:12,998 ccm INFO node1: current_java_version=8, current_java_home_version=8, jvm_version=None, for_build=False, cassandra_version=4.0.2, install_dir=/root/cassandra, env={'HOSTNAME': '49282cbb0c18', 'JAVA_HOME': '/usr/lib/jvm/java-1.8.0-openjdk-amd64', 'PWD': '/root/cassandra-dtest', 'HOME': '/root', 'SHLVL': '4', 'ZEBRACONF_HOME': '/root/vm_images/ZebraConf', 'PATH': '/root/dtest/bin:/usr/local/sbin:/usr/local/bin:/usr/sbin:/usr/bin:/sbin:/bin', '_': '/root/dtest/bin/pytest', 'OLDPWD': '/', 'PYTEST_CURRENT_TEST': 'materialized_views_test.py::TestMaterializedViews::()::test_populate_mv_after_insert (call)', 'CASSANDRA_INCLUDE': '/tmp/dtest-hp8frliz/test/node1/bin/cassandra.in.sh', 'MAX_HEAP_SIZE': '500M', 'HEAP_NEWSIZE': '50M', 'CASSANDRA_HOME': '/root/cassandra', 'CASSANDRA_CONF': '/tmp/dtest-hp8frliz/test/node1/conf'}
00:52:12,999 ccm INFO node1: using Java 8 for the current invocation
00:52:13,174 ccm INFO node1: current_java_version=8, current_java_home_version=8, jvm_version=None, for_build=False, cassandra_version=4.0.2, install_dir=/root/cassandra, env={'HOSTNAME': '49282cbb0c18', 'JAVA_HOME': '/usr/lib/jvm/java-1.8.0-openjdk-amd64', 'PWD': '/root/cassandra-dtest', 'HOME': '/root', 'SHLVL': '4', 'ZEBRACONF_HOME': '/root/vm_images/ZebraConf', 'PATH': '/root/dtest/bin:/usr/local/sbin:/usr/local/bin:/usr/sbin:/usr/bin:/sbin:/bin', '_': '/root/dtest/bin/pytest', 'OLDPWD': '/', 'PYTEST_CURRENT_TEST': 'materialized_views_test.py::TestMaterializedViews::()::test_populate_mv_after_insert (call)', 'CASSANDRA_INCLUDE': '/tmp/dtest-hp8frliz/test/node1/bin/cassandra.in.sh', 'MAX_HEAP_SIZE': '500M', 'HEAP_NEWSIZE': '50M', 'CASSANDRA_HOME': '/root/cassandra', 'CASSANDRA_CONF': '/tmp/dtest-hp8frliz/test/node1/conf', 'CASSANDRA_LIBJEMALLOC': '-', 'JVM_EXTRA_OPTS': ' -Dcassandra.migration_task_wait_in_seconds=6'}
00:52:13,175 ccm INFO node1: using Java 8 for the current invocation
00:52:13,262 ccm INFO Starting node1 with JAVA_HOME=/usr/lib/jvm/java-1.8.0-openjdk-amd64 java_version=8 cassandra_version=4.0.2, install_dir=/root/cassandra
00:52:13,530 ccm INFO node2: current_java_version=8, current_java_home_version=8, jvm_version=None, for_build=False, cassandra_version=4.0.2, install_dir=/root/cassandra, env={'HOSTNAME': '49282cbb0c18', 'JAVA_HOME': '/usr/lib/jvm/java-1.8.0-openjdk-amd64', 'PWD': '/root/cassandra-dtest', 'HOME': '/root', 'SHLVL': '4', 'ZEBRACONF_HOME': '/root/vm_images/ZebraConf', 'PATH': '/root/dtest/bin:/usr/local/sbin:/usr/local/bin:/usr/sbin:/usr/bin:/sbin:/bin', '_': '/root/dtest/bin/pytest', 'OLDPWD': '/', 'PYTEST_CURRENT_TEST': 'materialized_views_test.py::TestMaterializedViews::()::test_populate_mv_after_insert (call)', 'CASSANDRA_INCLUDE': '/tmp/dtest-hp8frliz/test/node2/bin/cassandra.in.sh', 'MAX_HEAP_SIZE': '500M', 'HEAP_NEWSIZE': '50M', 'CASSANDRA_HOME': '/root/cassandra', 'CASSANDRA_CONF': '/tmp/dtest-hp8frliz/test/node2/conf'}
00:52:13,531 ccm INFO node2: using Java 8 for the current invocation
00:52:13,709 ccm INFO node2: current_java_version=8, current_java_home_version=8, jvm_version=None, for_build=False, cassandra_version=4.0.2, install_dir=/root/cassandra, env={'HOSTNAME': '49282cbb0c18', 'JAVA_HOME': '/usr/lib/jvm/java-1.8.0-openjdk-amd64', 'PWD': '/root/cassandra-dtest', 'HOME': '/root', 'SHLVL': '4', 'ZEBRACONF_HOME': '/root/vm_images/ZebraConf', 'PATH': '/root/dtest/bin:/usr/local/sbin:/usr/local/bin:/usr/sbin:/usr/bin:/sbin:/bin', '_': '/root/dtest/bin/pytest', 'OLDPWD': '/', 'PYTEST_CURRENT_TEST': 'materialized_views_test.py::TestMaterializedViews::()::test_populate_mv_after_insert (call)', 'CASSANDRA_INCLUDE': '/tmp/dtest-hp8frliz/test/node2/bin/cassandra.in.sh', 'MAX_HEAP_SIZE': '500M', 'HEAP_NEWSIZE': '50M', 'CASSANDRA_HOME': '/root/cassandra', 'CASSANDRA_CONF': '/tmp/dtest-hp8frliz/test/node2/conf', 'CASSANDRA_LIBJEMALLOC': '-', 'JVM_EXTRA_OPTS': ' -Dcassandra.migration_task_wait_in_seconds=6 -Dcassandra.migration_task_wait_in_seconds=6'}
00:52:13,710 ccm INFO node2: using Java 8 for the current invocation
00:52:13,804 ccm INFO Starting node2 with JAVA_HOME=/usr/lib/jvm/java-1.8.0-openjdk-amd64 java_version=8 cassandra_version=4.0.2, install_dir=/root/cassandra
00:52:14,61 ccm INFO node3: current_java_version=8, current_java_home_version=8, jvm_version=None, for_build=False, cassandra_version=4.0.2, install_dir=/root/cassandra, env={'HOSTNAME': '49282cbb0c18', 'JAVA_HOME': '/usr/lib/jvm/java-1.8.0-openjdk-amd64', 'PWD': '/root/cassandra-dtest', 'HOME': '/root', 'SHLVL': '4', 'ZEBRACONF_HOME': '/root/vm_images/ZebraConf', 'PATH': '/root/dtest/bin:/usr/local/sbin:/usr/local/bin:/usr/sbin:/usr/bin:/sbin:/bin', '_': '/root/dtest/bin/pytest', 'OLDPWD': '/', 'PYTEST_CURRENT_TEST': 'materialized_views_test.py::TestMaterializedViews::()::test_populate_mv_after_insert (call)', 'CASSANDRA_INCLUDE': '/tmp/dtest-hp8frliz/test/node3/bin/cassandra.in.sh', 'MAX_HEAP_SIZE': '500M', 'HEAP_NEWSIZE': '50M', 'CASSANDRA_HOME': '/root/cassandra', 'CASSANDRA_CONF': '/tmp/dtest-hp8frliz/test/node3/conf'}
00:52:14,62 ccm INFO node3: using Java 8 for the current invocation
00:52:14,236 ccm INFO node3: current_java_version=8, current_java_home_version=8, jvm_version=None, for_build=False, cassandra_version=4.0.2, install_dir=/root/cassandra, env={'HOSTNAME': '49282cbb0c18', 'JAVA_HOME': '/usr/lib/jvm/java-1.8.0-openjdk-amd64', 'PWD': '/root/cassandra-dtest', 'HOME': '/root', 'SHLVL': '4', 'ZEBRACONF_HOME': '/root/vm_images/ZebraConf', 'PATH': '/root/dtest/bin:/usr/local/sbin:/usr/local/bin:/usr/sbin:/usr/bin:/sbin:/bin', '_': '/root/dtest/bin/pytest', 'OLDPWD': '/', 'PYTEST_CURRENT_TEST': 'materialized_views_test.py::TestMaterializedViews::()::test_populate_mv_after_insert (call)', 'CASSANDRA_INCLUDE': '/tmp/dtest-hp8frliz/test/node3/bin/cassandra.in.sh', 'MAX_HEAP_SIZE': '500M', 'HEAP_NEWSIZE': '50M', 'CASSANDRA_HOME': '/root/cassandra', 'CASSANDRA_CONF': '/tmp/dtest-hp8frliz/test/node3/conf', 'CASSANDRA_LIBJEMALLOC': '-', 'JVM_EXTRA_OPTS': ' -Dcassandra.migration_task_wait_in_seconds=6 -Dcassandra.migration_task_wait_in_seconds=6 -Dcassandra.migration_task_wait_in_seconds=6'}
00:52:14,237 ccm INFO node3: using Java 8 for the current invocation
00:52:14,325 ccm INFO Starting node3 with JAVA_HOME=/usr/lib/jvm/java-1.8.0-openjdk-amd64 java_version=8 cassandra_version=4.0.2, install_dir=/root/cassandra
00:52:47,127 cassandra.cluster INFO New Cassandra host <Host: 127.0.0.3:9042 dc1> discovered
00:52:47,128 cassandra.cluster INFO New Cassandra host <Host: 127.0.0.2:9042 dc1> discovered
00:53:03,712 cassandra.protocol WARNING Server warning: Materialized views are experimental and are not recommended for production use.
--------------------------- Captured stdout teardown ---------------------------
00:52:09,452 ccm DEBUG Log-watching thread exiting.
--------------------------- Captured stdout teardown ---------------------------
00:52:09,452 ccm DEBUG Log-watching thread exiting.
--------------------------- Captured stdout teardown ---------------------------
00:53:09,58 ccm DEBUG Log-watching thread exiting.
===Flaky Test Report===

test_populate_mv_after_insert failed (1 runs remaining out of 2).
	<class 'cassandra.OperationTimedOut'>
	errors={'Connection defunct by heartbeat': 'Client request timeout. See Session.execute[_async](timeout)'}, last_host=127.0.0.1:9042
	[<TracebackEntry /root/cassandra-dtest/materialized_views_test.py:322>, <TracebackEntry cassandra/cluster.py:2618>, <TracebackEntry cassandra/cluster.py:4894>]
test_populate_mv_after_insert failed; it passed 0 out of the required 1 times.
	<class 'cassandra.OperationTimedOut'>
	errors={'Connection defunct by heartbeat': 'Client request timeout. See Session.execute[_async](timeout)'}, last_host=127.0.0.1:9042
	[<TracebackEntry /root/cassandra-dtest/materialized_views_test.py:322>, <TracebackEntry cassandra/cluster.py:2618>, <TracebackEntry cassandra/cluster.py:4894>]

===End Flaky Test Report===
========================== 1 failed in 119.97 seconds ==========================
[msx] rc = 1
v1v2 running time = 141417916402
---> v1v2 test failed.
proj: cassandra
u_test: materialized_views_test.py::TestMaterializedViews::test_populate_mv_after_insert
h_list: compaction_large_partition_warning_threshold_mb@@@CassandraDaemon@@@-1@@@10@@@100
vv_mode: v1v2
result: FAIL
failureMessage: 
stackTrace: 

cassandra materialized_views_test.py::TestMaterializedViews::test_populate_mv_after_insert false false
log_dst_dir = /root/vm_images/ZebraConf/app_meta/logs
the_test is materialized_views_test.py::TestMaterializedViews::test_populate_mv_after_insert
============================= test session starts ==============================
platform linux -- Python 3.6.9, pytest-3.6.4, py-1.11.0, pluggy-0.7.1 -- /root/dtest/bin/python
cachedir: .pytest_cache
rootdir: /root/cassandra-dtest, inifile: pytest.ini
plugins: flaky-3.7.0, timeout-1.4.2, repeat-0.9.1
timeout: 1200.0s
timeout method: signal
timeout func_only: False
collecting ... collected 1 item

materialized_views_test.py::TestMaterializedViews::test_populate_mv_after_insert 
-------------------------------- live log call ---------------------------------
00:54:27,254 cassandra.protocol WARNING Server warning: Materialized views are experimental and are not recommended for production use.

-------------------------------- live log call ---------------------------------
00:55:33,483 cassandra.protocol WARNING Server warning: Materialized views are experimental and are not recommended for production use.
FAILED                                                                   [100%]

=================================== FAILURES ===================================
_____________ TestMaterializedViews.test_populate_mv_after_insert ______________

self = <materialized_views_test.TestMaterializedViews object at 0x7f3c88abe9e8>

    def test_populate_mv_after_insert(self):
        """Test that a view is OK when created with existing data"""
        session = self.prepare(consistency_level=ConsistencyLevel.QUORUM)
    
        session.execute("CREATE TABLE t (id int PRIMARY KEY, v int)")
    
        for i in range(1000):
            session.execute("INSERT INTO t (id, v) VALUES ({v}, {v})".format(v=i))
    
>       session.execute(("CREATE MATERIALIZED VIEW t_by_v AS SELECT * FROM t WHERE v IS NOT NULL "
                         "AND id IS NOT NULL PRIMARY KEY (v, id)"))

materialized_views_test.py:322: 
_ _ _ _ _ _ _ _ _ _ _ _ _ _ _ _ _ _ _ _ _ _ _ _ _ _ _ _ _ _ _ _ _ _ _ _ _ _ _ _ 
cassandra/cluster.py:2618: in cassandra.cluster.Session.execute
    ???
_ _ _ _ _ _ _ _ _ _ _ _ _ _ _ _ _ _ _ _ _ _ _ _ _ _ _ _ _ _ _ _ _ _ _ _ _ _ _ _ 

>   ???
E   cassandra.OperationTimedOut: errors={'Connection defunct by heartbeat': 'Client request timeout. See Session.execute[_async](timeout)'}, last_host=127.0.0.1:9042

cassandra/cluster.py:4894: OperationTimedOut
---------------------------- Captured stdout setup -----------------------------
00:53:34,972 ccm DEBUG Log-watching thread starting.
---------------------------- Captured stderr setup -----------------------------
swapoff: Not superuser.
------------------------------ Captured log setup ------------------------------
00:53:33,444 conftest INFO Starting execution of test_populate_mv_after_insert at 2022-01-31 00:53:33.444266
00:53:34,854 dtest_setup INFO cluster ccm directory: /tmp/dtest-14he041e
------------------------------ Captured log call -------------------------------
00:53:36,451 ccm INFO node1: current_java_version=8, current_java_home_version=8, jvm_version=None, for_build=False, cassandra_version=4.0.2, install_dir=/root/cassandra, env={'HOSTNAME': '49282cbb0c18', 'JAVA_HOME': '/usr/lib/jvm/java-1.8.0-openjdk-amd64', 'PWD': '/root/cassandra-dtest', 'HOME': '/root', 'SHLVL': '4', 'ZEBRACONF_HOME': '/root/vm_images/ZebraConf', 'PATH': '/root/dtest/bin:/usr/local/sbin:/usr/local/bin:/usr/sbin:/usr/bin:/sbin:/bin', '_': '/root/dtest/bin/pytest', 'OLDPWD': '/', 'PYTEST_CURRENT_TEST': 'materialized_views_test.py::TestMaterializedViews::()::test_populate_mv_after_insert (call)', 'CASSANDRA_INCLUDE': '/tmp/dtest-14he041e/test/node1/bin/cassandra.in.sh', 'MAX_HEAP_SIZE': '500M', 'HEAP_NEWSIZE': '50M', 'CASSANDRA_HOME': '/root/cassandra', 'CASSANDRA_CONF': '/tmp/dtest-14he041e/test/node1/conf'}
00:53:36,451 ccm INFO node1: using Java 8 for the current invocation
00:53:36,624 ccm INFO node1: current_java_version=8, current_java_home_version=8, jvm_version=None, for_build=False, cassandra_version=4.0.2, install_dir=/root/cassandra, env={'HOSTNAME': '49282cbb0c18', 'JAVA_HOME': '/usr/lib/jvm/java-1.8.0-openjdk-amd64', 'PWD': '/root/cassandra-dtest', 'HOME': '/root', 'SHLVL': '4', 'ZEBRACONF_HOME': '/root/vm_images/ZebraConf', 'PATH': '/root/dtest/bin:/usr/local/sbin:/usr/local/bin:/usr/sbin:/usr/bin:/sbin:/bin', '_': '/root/dtest/bin/pytest', 'OLDPWD': '/', 'PYTEST_CURRENT_TEST': 'materialized_views_test.py::TestMaterializedViews::()::test_populate_mv_after_insert (call)', 'CASSANDRA_INCLUDE': '/tmp/dtest-14he041e/test/node1/bin/cassandra.in.sh', 'MAX_HEAP_SIZE': '500M', 'HEAP_NEWSIZE': '50M', 'CASSANDRA_HOME': '/root/cassandra', 'CASSANDRA_CONF': '/tmp/dtest-14he041e/test/node1/conf', 'CASSANDRA_LIBJEMALLOC': '-', 'JVM_EXTRA_OPTS': ' -Dcassandra.migration_task_wait_in_seconds=6'}
00:53:36,625 ccm INFO node1: using Java 8 for the current invocation
00:53:36,714 ccm INFO Starting node1 with JAVA_HOME=/usr/lib/jvm/java-1.8.0-openjdk-amd64 java_version=8 cassandra_version=4.0.2, install_dir=/root/cassandra
00:53:36,978 ccm INFO node2: current_java_version=8, current_java_home_version=8, jvm_version=None, for_build=False, cassandra_version=4.0.2, install_dir=/root/cassandra, env={'HOSTNAME': '49282cbb0c18', 'JAVA_HOME': '/usr/lib/jvm/java-1.8.0-openjdk-amd64', 'PWD': '/root/cassandra-dtest', 'HOME': '/root', 'SHLVL': '4', 'ZEBRACONF_HOME': '/root/vm_images/ZebraConf', 'PATH': '/root/dtest/bin:/usr/local/sbin:/usr/local/bin:/usr/sbin:/usr/bin:/sbin:/bin', '_': '/root/dtest/bin/pytest', 'OLDPWD': '/', 'PYTEST_CURRENT_TEST': 'materialized_views_test.py::TestMaterializedViews::()::test_populate_mv_after_insert (call)', 'CASSANDRA_INCLUDE': '/tmp/dtest-14he041e/test/node2/bin/cassandra.in.sh', 'MAX_HEAP_SIZE': '500M', 'HEAP_NEWSIZE': '50M', 'CASSANDRA_HOME': '/root/cassandra', 'CASSANDRA_CONF': '/tmp/dtest-14he041e/test/node2/conf'}
00:53:36,979 ccm INFO node2: using Java 8 for the current invocation
00:53:37,175 ccm INFO node2: current_java_version=8, current_java_home_version=8, jvm_version=None, for_build=False, cassandra_version=4.0.2, install_dir=/root/cassandra, env={'HOSTNAME': '49282cbb0c18', 'JAVA_HOME': '/usr/lib/jvm/java-1.8.0-openjdk-amd64', 'PWD': '/root/cassandra-dtest', 'HOME': '/root', 'SHLVL': '4', 'ZEBRACONF_HOME': '/root/vm_images/ZebraConf', 'PATH': '/root/dtest/bin:/usr/local/sbin:/usr/local/bin:/usr/sbin:/usr/bin:/sbin:/bin', '_': '/root/dtest/bin/pytest', 'OLDPWD': '/', 'PYTEST_CURRENT_TEST': 'materialized_views_test.py::TestMaterializedViews::()::test_populate_mv_after_insert (call)', 'CASSANDRA_INCLUDE': '/tmp/dtest-14he041e/test/node2/bin/cassandra.in.sh', 'MAX_HEAP_SIZE': '500M', 'HEAP_NEWSIZE': '50M', 'CASSANDRA_HOME': '/root/cassandra', 'CASSANDRA_CONF': '/tmp/dtest-14he041e/test/node2/conf', 'CASSANDRA_LIBJEMALLOC': '-', 'JVM_EXTRA_OPTS': ' -Dcassandra.migration_task_wait_in_seconds=6 -Dcassandra.migration_task_wait_in_seconds=6'}
00:53:37,176 ccm INFO node2: using Java 8 for the current invocation
00:53:37,259 ccm INFO Starting node2 with JAVA_HOME=/usr/lib/jvm/java-1.8.0-openjdk-amd64 java_version=8 cassandra_version=4.0.2, install_dir=/root/cassandra
00:53:37,559 ccm INFO node3: current_java_version=8, current_java_home_version=8, jvm_version=None, for_build=False, cassandra_version=4.0.2, install_dir=/root/cassandra, env={'HOSTNAME': '49282cbb0c18', 'JAVA_HOME': '/usr/lib/jvm/java-1.8.0-openjdk-amd64', 'PWD': '/root/cassandra-dtest', 'HOME': '/root', 'SHLVL': '4', 'ZEBRACONF_HOME': '/root/vm_images/ZebraConf', 'PATH': '/root/dtest/bin:/usr/local/sbin:/usr/local/bin:/usr/sbin:/usr/bin:/sbin:/bin', '_': '/root/dtest/bin/pytest', 'OLDPWD': '/', 'PYTEST_CURRENT_TEST': 'materialized_views_test.py::TestMaterializedViews::()::test_populate_mv_after_insert (call)', 'CASSANDRA_INCLUDE': '/tmp/dtest-14he041e/test/node3/bin/cassandra.in.sh', 'MAX_HEAP_SIZE': '500M', 'HEAP_NEWSIZE': '50M', 'CASSANDRA_HOME': '/root/cassandra', 'CASSANDRA_CONF': '/tmp/dtest-14he041e/test/node3/conf'}
00:53:37,560 ccm INFO node3: using Java 8 for the current invocation
00:53:37,739 ccm INFO node3: current_java_version=8, current_java_home_version=8, jvm_version=None, for_build=False, cassandra_version=4.0.2, install_dir=/root/cassandra, env={'HOSTNAME': '49282cbb0c18', 'JAVA_HOME': '/usr/lib/jvm/java-1.8.0-openjdk-amd64', 'PWD': '/root/cassandra-dtest', 'HOME': '/root', 'SHLVL': '4', 'ZEBRACONF_HOME': '/root/vm_images/ZebraConf', 'PATH': '/root/dtest/bin:/usr/local/sbin:/usr/local/bin:/usr/sbin:/usr/bin:/sbin:/bin', '_': '/root/dtest/bin/pytest', 'OLDPWD': '/', 'PYTEST_CURRENT_TEST': 'materialized_views_test.py::TestMaterializedViews::()::test_populate_mv_after_insert (call)', 'CASSANDRA_INCLUDE': '/tmp/dtest-14he041e/test/node3/bin/cassandra.in.sh', 'MAX_HEAP_SIZE': '500M', 'HEAP_NEWSIZE': '50M', 'CASSANDRA_HOME': '/root/cassandra', 'CASSANDRA_CONF': '/tmp/dtest-14he041e/test/node3/conf', 'CASSANDRA_LIBJEMALLOC': '-', 'JVM_EXTRA_OPTS': ' -Dcassandra.migration_task_wait_in_seconds=6 -Dcassandra.migration_task_wait_in_seconds=6 -Dcassandra.migration_task_wait_in_seconds=6'}
00:53:37,740 ccm INFO node3: using Java 8 for the current invocation
00:53:37,818 ccm INFO Starting node3 with JAVA_HOME=/usr/lib/jvm/java-1.8.0-openjdk-amd64 java_version=8 cassandra_version=4.0.2, install_dir=/root/cassandra
00:54:11,606 cassandra.cluster INFO New Cassandra host <Host: 127.0.0.3:9042 dc1> discovered
00:54:11,609 cassandra.cluster INFO New Cassandra host <Host: 127.0.0.2:9042 dc1> discovered
00:54:27,254 cassandra.protocol WARNING Server warning: Materialized views are experimental and are not recommended for production use.
--------------------------- Captured stdout teardown ---------------------------
00:54:32,828 ccm DEBUG Log-watching thread exiting.
---------------------------- Captured stdout setup -----------------------------
00:54:37,909 ccm DEBUG Log-watching thread starting.
---------------------------- Captured stderr setup -----------------------------
swapoff: Not superuser.
------------------------------ Captured log setup ------------------------------
00:54:36,689 conftest INFO Starting execution of test_populate_mv_after_insert at 2022-01-31 00:54:36.689463
00:54:37,802 dtest_setup INFO cluster ccm directory: /tmp/dtest-xegom23v
------------------------------ Captured log call -------------------------------
00:54:39,575 ccm INFO node1: current_java_version=8, current_java_home_version=8, jvm_version=None, for_build=False, cassandra_version=4.0.2, install_dir=/root/cassandra, env={'HOSTNAME': '49282cbb0c18', 'JAVA_HOME': '/usr/lib/jvm/java-1.8.0-openjdk-amd64', 'PWD': '/root/cassandra-dtest', 'HOME': '/root', 'SHLVL': '4', 'ZEBRACONF_HOME': '/root/vm_images/ZebraConf', 'PATH': '/root/dtest/bin:/usr/local/sbin:/usr/local/bin:/usr/sbin:/usr/bin:/sbin:/bin', '_': '/root/dtest/bin/pytest', 'OLDPWD': '/', 'PYTEST_CURRENT_TEST': 'materialized_views_test.py::TestMaterializedViews::()::test_populate_mv_after_insert (call)', 'CASSANDRA_INCLUDE': '/tmp/dtest-xegom23v/test/node1/bin/cassandra.in.sh', 'MAX_HEAP_SIZE': '500M', 'HEAP_NEWSIZE': '50M', 'CASSANDRA_HOME': '/root/cassandra', 'CASSANDRA_CONF': '/tmp/dtest-xegom23v/test/node1/conf'}
00:54:39,577 ccm INFO node1: using Java 8 for the current invocation
00:54:39,740 ccm INFO node1: current_java_version=8, current_java_home_version=8, jvm_version=None, for_build=False, cassandra_version=4.0.2, install_dir=/root/cassandra, env={'HOSTNAME': '49282cbb0c18', 'JAVA_HOME': '/usr/lib/jvm/java-1.8.0-openjdk-amd64', 'PWD': '/root/cassandra-dtest', 'HOME': '/root', 'SHLVL': '4', 'ZEBRACONF_HOME': '/root/vm_images/ZebraConf', 'PATH': '/root/dtest/bin:/usr/local/sbin:/usr/local/bin:/usr/sbin:/usr/bin:/sbin:/bin', '_': '/root/dtest/bin/pytest', 'OLDPWD': '/', 'PYTEST_CURRENT_TEST': 'materialized_views_test.py::TestMaterializedViews::()::test_populate_mv_after_insert (call)', 'CASSANDRA_INCLUDE': '/tmp/dtest-xegom23v/test/node1/bin/cassandra.in.sh', 'MAX_HEAP_SIZE': '500M', 'HEAP_NEWSIZE': '50M', 'CASSANDRA_HOME': '/root/cassandra', 'CASSANDRA_CONF': '/tmp/dtest-xegom23v/test/node1/conf', 'CASSANDRA_LIBJEMALLOC': '-', 'JVM_EXTRA_OPTS': ' -Dcassandra.migration_task_wait_in_seconds=6'}
00:54:39,740 ccm INFO node1: using Java 8 for the current invocation
00:54:39,825 ccm INFO Starting node1 with JAVA_HOME=/usr/lib/jvm/java-1.8.0-openjdk-amd64 java_version=8 cassandra_version=4.0.2, install_dir=/root/cassandra
00:54:40,130 ccm INFO node2: current_java_version=8, current_java_home_version=8, jvm_version=None, for_build=False, cassandra_version=4.0.2, install_dir=/root/cassandra, env={'HOSTNAME': '49282cbb0c18', 'JAVA_HOME': '/usr/lib/jvm/java-1.8.0-openjdk-amd64', 'PWD': '/root/cassandra-dtest', 'HOME': '/root', 'SHLVL': '4', 'ZEBRACONF_HOME': '/root/vm_images/ZebraConf', 'PATH': '/root/dtest/bin:/usr/local/sbin:/usr/local/bin:/usr/sbin:/usr/bin:/sbin:/bin', '_': '/root/dtest/bin/pytest', 'OLDPWD': '/', 'PYTEST_CURRENT_TEST': 'materialized_views_test.py::TestMaterializedViews::()::test_populate_mv_after_insert (call)', 'CASSANDRA_INCLUDE': '/tmp/dtest-xegom23v/test/node2/bin/cassandra.in.sh', 'MAX_HEAP_SIZE': '500M', 'HEAP_NEWSIZE': '50M', 'CASSANDRA_HOME': '/root/cassandra', 'CASSANDRA_CONF': '/tmp/dtest-xegom23v/test/node2/conf'}
00:54:40,130 ccm INFO node2: using Java 8 for the current invocation
00:54:40,331 ccm INFO node2: current_java_version=8, current_java_home_version=8, jvm_version=None, for_build=False, cassandra_version=4.0.2, install_dir=/root/cassandra, env={'HOSTNAME': '49282cbb0c18', 'JAVA_HOME': '/usr/lib/jvm/java-1.8.0-openjdk-amd64', 'PWD': '/root/cassandra-dtest', 'HOME': '/root', 'SHLVL': '4', 'ZEBRACONF_HOME': '/root/vm_images/ZebraConf', 'PATH': '/root/dtest/bin:/usr/local/sbin:/usr/local/bin:/usr/sbin:/usr/bin:/sbin:/bin', '_': '/root/dtest/bin/pytest', 'OLDPWD': '/', 'PYTEST_CURRENT_TEST': 'materialized_views_test.py::TestMaterializedViews::()::test_populate_mv_after_insert (call)', 'CASSANDRA_INCLUDE': '/tmp/dtest-xegom23v/test/node2/bin/cassandra.in.sh', 'MAX_HEAP_SIZE': '500M', 'HEAP_NEWSIZE': '50M', 'CASSANDRA_HOME': '/root/cassandra', 'CASSANDRA_CONF': '/tmp/dtest-xegom23v/test/node2/conf', 'CASSANDRA_LIBJEMALLOC': '-', 'JVM_EXTRA_OPTS': ' -Dcassandra.migration_task_wait_in_seconds=6 -Dcassandra.migration_task_wait_in_seconds=6'}
00:54:40,332 ccm INFO node2: using Java 8 for the current invocation
00:54:40,434 ccm INFO Starting node2 with JAVA_HOME=/usr/lib/jvm/java-1.8.0-openjdk-amd64 java_version=8 cassandra_version=4.0.2, install_dir=/root/cassandra
00:54:40,740 ccm INFO node3: current_java_version=8, current_java_home_version=8, jvm_version=None, for_build=False, cassandra_version=4.0.2, install_dir=/root/cassandra, env={'HOSTNAME': '49282cbb0c18', 'JAVA_HOME': '/usr/lib/jvm/java-1.8.0-openjdk-amd64', 'PWD': '/root/cassandra-dtest', 'HOME': '/root', 'SHLVL': '4', 'ZEBRACONF_HOME': '/root/vm_images/ZebraConf', 'PATH': '/root/dtest/bin:/usr/local/sbin:/usr/local/bin:/usr/sbin:/usr/bin:/sbin:/bin', '_': '/root/dtest/bin/pytest', 'OLDPWD': '/', 'PYTEST_CURRENT_TEST': 'materialized_views_test.py::TestMaterializedViews::()::test_populate_mv_after_insert (call)', 'CASSANDRA_INCLUDE': '/tmp/dtest-xegom23v/test/node3/bin/cassandra.in.sh', 'MAX_HEAP_SIZE': '500M', 'HEAP_NEWSIZE': '50M', 'CASSANDRA_HOME': '/root/cassandra', 'CASSANDRA_CONF': '/tmp/dtest-xegom23v/test/node3/conf'}
00:54:40,740 ccm INFO node3: using Java 8 for the current invocation
00:54:40,910 ccm INFO node3: current_java_version=8, current_java_home_version=8, jvm_version=None, for_build=False, cassandra_version=4.0.2, install_dir=/root/cassandra, env={'HOSTNAME': '49282cbb0c18', 'JAVA_HOME': '/usr/lib/jvm/java-1.8.0-openjdk-amd64', 'PWD': '/root/cassandra-dtest', 'HOME': '/root', 'SHLVL': '4', 'ZEBRACONF_HOME': '/root/vm_images/ZebraConf', 'PATH': '/root/dtest/bin:/usr/local/sbin:/usr/local/bin:/usr/sbin:/usr/bin:/sbin:/bin', '_': '/root/dtest/bin/pytest', 'OLDPWD': '/', 'PYTEST_CURRENT_TEST': 'materialized_views_test.py::TestMaterializedViews::()::test_populate_mv_after_insert (call)', 'CASSANDRA_INCLUDE': '/tmp/dtest-xegom23v/test/node3/bin/cassandra.in.sh', 'MAX_HEAP_SIZE': '500M', 'HEAP_NEWSIZE': '50M', 'CASSANDRA_HOME': '/root/cassandra', 'CASSANDRA_CONF': '/tmp/dtest-xegom23v/test/node3/conf', 'CASSANDRA_LIBJEMALLOC': '-', 'JVM_EXTRA_OPTS': ' -Dcassandra.migration_task_wait_in_seconds=6 -Dcassandra.migration_task_wait_in_seconds=6 -Dcassandra.migration_task_wait_in_seconds=6'}
00:54:40,911 ccm INFO node3: using Java 8 for the current invocation
00:54:41,3 ccm INFO Starting node3 with JAVA_HOME=/usr/lib/jvm/java-1.8.0-openjdk-amd64 java_version=8 cassandra_version=4.0.2, install_dir=/root/cassandra
00:55:15,806 cassandra.cluster INFO New Cassandra host <Host: 127.0.0.3:9042 dc1> discovered
00:55:15,807 cassandra.cluster INFO New Cassandra host <Host: 127.0.0.2:9042 dc1> discovered
00:55:33,483 cassandra.protocol WARNING Server warning: Materialized views are experimental and are not recommended for production use.
--------------------------- Captured stdout teardown ---------------------------
00:54:32,828 ccm DEBUG Log-watching thread exiting.
--------------------------- Captured stdout teardown ---------------------------
00:54:32,828 ccm DEBUG Log-watching thread exiting.
--------------------------- Captured stdout teardown ---------------------------
00:55:38,490 ccm DEBUG Log-watching thread exiting.
===Flaky Test Report===

test_populate_mv_after_insert failed (1 runs remaining out of 2).
	<class 'cassandra.OperationTimedOut'>
	errors={'Connection defunct by heartbeat': 'Client request timeout. See Session.execute[_async](timeout)'}, last_host=127.0.0.1:9042
	[<TracebackEntry /root/cassandra-dtest/materialized_views_test.py:322>, <TracebackEntry cassandra/cluster.py:2618>, <TracebackEntry cassandra/cluster.py:4894>]
test_populate_mv_after_insert failed; it passed 0 out of the required 1 times.
	<class 'cassandra.OperationTimedOut'>
	errors={'Connection defunct by heartbeat': 'Client request timeout. See Session.execute[_async](timeout)'}, last_host=127.0.0.1:9042
	[<TracebackEntry /root/cassandra-dtest/materialized_views_test.py:322>, <TracebackEntry cassandra/cluster.py:2618>, <TracebackEntry cassandra/cluster.py:4894>]

===End Flaky Test Report===
========================== 1 failed in 127.97 seconds ==========================
[msx] rc = 1
v1v1 running time = 149383238910
cassandra materialized_views_test.py::TestMaterializedViews::test_populate_mv_after_insert false false
log_dst_dir = /root/vm_images/ZebraConf/app_meta/logs
the_test is materialized_views_test.py::TestMaterializedViews::test_populate_mv_after_insert
============================= test session starts ==============================
platform linux -- Python 3.6.9, pytest-3.6.4, py-1.11.0, pluggy-0.7.1 -- /root/dtest/bin/python
cachedir: .pytest_cache
rootdir: /root/cassandra-dtest, inifile: pytest.ini
plugins: flaky-3.7.0, timeout-1.4.2, repeat-0.9.1
timeout: 1200.0s
timeout method: signal
timeout func_only: False
collecting ... collected 1 item

materialized_views_test.py::TestMaterializedViews::test_populate_mv_after_insert 
-------------------------------- live log call ---------------------------------
00:56:50,721 cassandra.protocol WARNING Server warning: Materialized views are experimental and are not recommended for production use.
00:56:58,932 cassandra.protocol WARNING Server warning: Aggregation query used without partition key
00:57:00,536 cassandra.protocol WARNING Server warning: Aggregation query used without partition key
00:57:02,341 cassandra.protocol WARNING Server warning: Aggregation query used without partition key
PASSED                                                                   [100%]
===Flaky Test Report===

test_populate_mv_after_insert passed 1 out of the required 1 times. Success!

===End Flaky Test Report===

========================== 1 passed in 64.27 seconds ===========================
[msx] rc = 0
v2v2 running time = 85735192890
---> v1v1 or v2v2 test failed.
v1v1 failed in a hypo test
proj: cassandra
u_test: materialized_views_test.py::TestMaterializedViews::test_populate_mv_after_insert
h_list: compaction_large_partition_warning_threshold_mb@@@CassandraDaemon@@@-1@@@10@@@100
vv_mode: v1v1
result: FAIL
failureMessage: 
stackTrace: 

cassandra materialized_views_test.py::TestMaterializedViews::test_populate_mv_after_insert false false
log_dst_dir = /root/vm_images/ZebraConf/app_meta/logs
the_test is materialized_views_test.py::TestMaterializedViews::test_populate_mv_after_insert
============================= test session starts ==============================
platform linux -- Python 3.6.9, pytest-3.6.4, py-1.11.0, pluggy-0.7.1 -- /root/dtest/bin/python
cachedir: .pytest_cache
rootdir: /root/cassandra-dtest, inifile: pytest.ini
plugins: flaky-3.7.0, timeout-1.4.2, repeat-0.9.1
timeout: 1200.0s
timeout method: signal
timeout func_only: False
collecting ... collected 1 item

materialized_views_test.py::TestMaterializedViews::test_populate_mv_after_insert 
-------------------------------- live log call ---------------------------------
00:58:16,515 cassandra.protocol WARNING Server warning: Materialized views are experimental and are not recommended for production use.
00:58:24,953 cassandra.protocol WARNING Server warning: Aggregation query used without partition key
00:58:26,520 cassandra.protocol WARNING Server warning: Aggregation query used without partition key
00:58:28,72 cassandra.protocol WARNING Server warning: Aggregation query used without partition key
PASSED                                                                   [100%]
===Flaky Test Report===

test_populate_mv_after_insert passed 1 out of the required 1 times. Success!

===End Flaky Test Report===

========================== 1 passed in 64.37 seconds ===========================
[msx] rc = 0
v1v2 running time = 85837254744
---> v1v2 test suceeded.
cassandra materialized_views_test.py::TestMaterializedViews::test_populate_mv_after_insert false false
log_dst_dir = /root/vm_images/ZebraConf/app_meta/logs
the_test is materialized_views_test.py::TestMaterializedViews::test_populate_mv_after_insert
============================= test session starts ==============================
platform linux -- Python 3.6.9, pytest-3.6.4, py-1.11.0, pluggy-0.7.1 -- /root/dtest/bin/python
cachedir: .pytest_cache
rootdir: /root/cassandra-dtest, inifile: pytest.ini
plugins: flaky-3.7.0, timeout-1.4.2, repeat-0.9.1
timeout: 1200.0s
timeout method: signal
timeout func_only: False
collecting ... collected 1 item

materialized_views_test.py::TestMaterializedViews::test_populate_mv_after_insert 
-------------------------------- live log call ---------------------------------
00:59:48,441 cassandra.protocol WARNING Server warning: Materialized views are experimental and are not recommended for production use.

-------------------------------- live log call ---------------------------------
01:00:50,801 cassandra.protocol WARNING Server warning: Materialized views are experimental and are not recommended for production use.
01:01:00,400 cassandra.protocol WARNING Server warning: Aggregation query used without partition key
01:01:01,951 cassandra.protocol WARNING Server warning: Aggregation query used without partition key
01:01:03,545 cassandra.protocol WARNING Server warning: Aggregation query used without partition key
PASSED                                                                   [100%]
===Flaky Test Report===

test_populate_mv_after_insert failed (1 runs remaining out of 2).
	<class 'cassandra.OperationTimedOut'>
	errors={'Connection defunct by heartbeat': 'Client request timeout. See Session.execute[_async](timeout)'}, last_host=127.0.0.1:9042
	[<TracebackEntry /root/cassandra-dtest/materialized_views_test.py:322>, <TracebackEntry cassandra/cluster.py:2618>, <TracebackEntry cassandra/cluster.py:4894>]
test_populate_mv_after_insert passed 1 out of the required 1 times. Success!

===End Flaky Test Report===

========================== 1 passed in 135.67 seconds ==========================
[msx] rc = 0
v1v1 running time = 157111129873
cassandra materialized_views_test.py::TestMaterializedViews::test_populate_mv_after_insert false false
log_dst_dir = /root/vm_images/ZebraConf/app_meta/logs
the_test is materialized_views_test.py::TestMaterializedViews::test_populate_mv_after_insert
============================= test session starts ==============================
platform linux -- Python 3.6.9, pytest-3.6.4, py-1.11.0, pluggy-0.7.1 -- /root/dtest/bin/python
cachedir: .pytest_cache
rootdir: /root/cassandra-dtest, inifile: pytest.ini
plugins: flaky-3.7.0, timeout-1.4.2, repeat-0.9.1
timeout: 1200.0s
timeout method: signal
timeout func_only: False
collecting ... collected 1 item

materialized_views_test.py::TestMaterializedViews::test_populate_mv_after_insert 
-------------------------------- live log call ---------------------------------
01:02:24,630 cassandra.protocol WARNING Server warning: Materialized views are experimental and are not recommended for production use.

-------------------------------- live log call ---------------------------------
01:03:24,601 cassandra.protocol WARNING Server warning: Materialized views are experimental and are not recommended for production use.
FAILED                                                                   [100%]

=================================== FAILURES ===================================
_____________ TestMaterializedViews.test_populate_mv_after_insert ______________

self = <materialized_views_test.TestMaterializedViews object at 0x7f99033cd0f0>

    def test_populate_mv_after_insert(self):
        """Test that a view is OK when created with existing data"""
        session = self.prepare(consistency_level=ConsistencyLevel.QUORUM)
    
        session.execute("CREATE TABLE t (id int PRIMARY KEY, v int)")
    
        for i in range(1000):
            session.execute("INSERT INTO t (id, v) VALUES ({v}, {v})".format(v=i))
    
>       session.execute(("CREATE MATERIALIZED VIEW t_by_v AS SELECT * FROM t WHERE v IS NOT NULL "
                         "AND id IS NOT NULL PRIMARY KEY (v, id)"))

materialized_views_test.py:322: 
_ _ _ _ _ _ _ _ _ _ _ _ _ _ _ _ _ _ _ _ _ _ _ _ _ _ _ _ _ _ _ _ _ _ _ _ _ _ _ _ 
cassandra/cluster.py:2618: in cassandra.cluster.Session.execute
    ???
_ _ _ _ _ _ _ _ _ _ _ _ _ _ _ _ _ _ _ _ _ _ _ _ _ _ _ _ _ _ _ _ _ _ _ _ _ _ _ _ 

>   ???
E   cassandra.OperationTimedOut: errors={'Connection defunct by heartbeat': 'Client request timeout. See Session.execute[_async](timeout)'}, last_host=127.0.0.3:9042

cassandra/cluster.py:4894: OperationTimedOut
---------------------------- Captured stdout setup -----------------------------
01:01:32,909 ccm DEBUG Log-watching thread starting.
---------------------------- Captured stderr setup -----------------------------
swapoff: Not superuser.
------------------------------ Captured log setup ------------------------------
01:01:31,607 conftest INFO Starting execution of test_populate_mv_after_insert at 2022-01-31 01:01:31.607041
01:01:32,820 dtest_setup INFO cluster ccm directory: /tmp/dtest-o6k9i5t_
------------------------------ Captured log call -------------------------------
01:01:34,378 ccm INFO node1: current_java_version=8, current_java_home_version=8, jvm_version=None, for_build=False, cassandra_version=4.0.2, install_dir=/root/cassandra, env={'HOSTNAME': '49282cbb0c18', 'JAVA_HOME': '/usr/lib/jvm/java-1.8.0-openjdk-amd64', 'PWD': '/root/cassandra-dtest', 'HOME': '/root', 'SHLVL': '4', 'ZEBRACONF_HOME': '/root/vm_images/ZebraConf', 'PATH': '/root/dtest/bin:/usr/local/sbin:/usr/local/bin:/usr/sbin:/usr/bin:/sbin:/bin', '_': '/root/dtest/bin/pytest', 'OLDPWD': '/', 'PYTEST_CURRENT_TEST': 'materialized_views_test.py::TestMaterializedViews::()::test_populate_mv_after_insert (call)', 'CASSANDRA_INCLUDE': '/tmp/dtest-o6k9i5t_/test/node1/bin/cassandra.in.sh', 'MAX_HEAP_SIZE': '500M', 'HEAP_NEWSIZE': '50M', 'CASSANDRA_HOME': '/root/cassandra', 'CASSANDRA_CONF': '/tmp/dtest-o6k9i5t_/test/node1/conf'}
01:01:34,378 ccm INFO node1: using Java 8 for the current invocation
01:01:34,588 ccm INFO node1: current_java_version=8, current_java_home_version=8, jvm_version=None, for_build=False, cassandra_version=4.0.2, install_dir=/root/cassandra, env={'HOSTNAME': '49282cbb0c18', 'JAVA_HOME': '/usr/lib/jvm/java-1.8.0-openjdk-amd64', 'PWD': '/root/cassandra-dtest', 'HOME': '/root', 'SHLVL': '4', 'ZEBRACONF_HOME': '/root/vm_images/ZebraConf', 'PATH': '/root/dtest/bin:/usr/local/sbin:/usr/local/bin:/usr/sbin:/usr/bin:/sbin:/bin', '_': '/root/dtest/bin/pytest', 'OLDPWD': '/', 'PYTEST_CURRENT_TEST': 'materialized_views_test.py::TestMaterializedViews::()::test_populate_mv_after_insert (call)', 'CASSANDRA_INCLUDE': '/tmp/dtest-o6k9i5t_/test/node1/bin/cassandra.in.sh', 'MAX_HEAP_SIZE': '500M', 'HEAP_NEWSIZE': '50M', 'CASSANDRA_HOME': '/root/cassandra', 'CASSANDRA_CONF': '/tmp/dtest-o6k9i5t_/test/node1/conf', 'CASSANDRA_LIBJEMALLOC': '-', 'JVM_EXTRA_OPTS': ' -Dcassandra.migration_task_wait_in_seconds=6'}
01:01:34,589 ccm INFO node1: using Java 8 for the current invocation
01:01:34,682 ccm INFO Starting node1 with JAVA_HOME=/usr/lib/jvm/java-1.8.0-openjdk-amd64 java_version=8 cassandra_version=4.0.2, install_dir=/root/cassandra
01:01:34,938 ccm INFO node2: current_java_version=8, current_java_home_version=8, jvm_version=None, for_build=False, cassandra_version=4.0.2, install_dir=/root/cassandra, env={'HOSTNAME': '49282cbb0c18', 'JAVA_HOME': '/usr/lib/jvm/java-1.8.0-openjdk-amd64', 'PWD': '/root/cassandra-dtest', 'HOME': '/root', 'SHLVL': '4', 'ZEBRACONF_HOME': '/root/vm_images/ZebraConf', 'PATH': '/root/dtest/bin:/usr/local/sbin:/usr/local/bin:/usr/sbin:/usr/bin:/sbin:/bin', '_': '/root/dtest/bin/pytest', 'OLDPWD': '/', 'PYTEST_CURRENT_TEST': 'materialized_views_test.py::TestMaterializedViews::()::test_populate_mv_after_insert (call)', 'CASSANDRA_INCLUDE': '/tmp/dtest-o6k9i5t_/test/node2/bin/cassandra.in.sh', 'MAX_HEAP_SIZE': '500M', 'HEAP_NEWSIZE': '50M', 'CASSANDRA_HOME': '/root/cassandra', 'CASSANDRA_CONF': '/tmp/dtest-o6k9i5t_/test/node2/conf'}
01:01:34,938 ccm INFO node2: using Java 8 for the current invocation
01:01:35,102 ccm INFO node2: current_java_version=8, current_java_home_version=8, jvm_version=None, for_build=False, cassandra_version=4.0.2, install_dir=/root/cassandra, env={'HOSTNAME': '49282cbb0c18', 'JAVA_HOME': '/usr/lib/jvm/java-1.8.0-openjdk-amd64', 'PWD': '/root/cassandra-dtest', 'HOME': '/root', 'SHLVL': '4', 'ZEBRACONF_HOME': '/root/vm_images/ZebraConf', 'PATH': '/root/dtest/bin:/usr/local/sbin:/usr/local/bin:/usr/sbin:/usr/bin:/sbin:/bin', '_': '/root/dtest/bin/pytest', 'OLDPWD': '/', 'PYTEST_CURRENT_TEST': 'materialized_views_test.py::TestMaterializedViews::()::test_populate_mv_after_insert (call)', 'CASSANDRA_INCLUDE': '/tmp/dtest-o6k9i5t_/test/node2/bin/cassandra.in.sh', 'MAX_HEAP_SIZE': '500M', 'HEAP_NEWSIZE': '50M', 'CASSANDRA_HOME': '/root/cassandra', 'CASSANDRA_CONF': '/tmp/dtest-o6k9i5t_/test/node2/conf', 'CASSANDRA_LIBJEMALLOC': '-', 'JVM_EXTRA_OPTS': ' -Dcassandra.migration_task_wait_in_seconds=6 -Dcassandra.migration_task_wait_in_seconds=6'}
01:01:35,103 ccm INFO node2: using Java 8 for the current invocation
01:01:35,192 ccm INFO Starting node2 with JAVA_HOME=/usr/lib/jvm/java-1.8.0-openjdk-amd64 java_version=8 cassandra_version=4.0.2, install_dir=/root/cassandra
01:01:35,473 ccm INFO node3: current_java_version=8, current_java_home_version=8, jvm_version=None, for_build=False, cassandra_version=4.0.2, install_dir=/root/cassandra, env={'HOSTNAME': '49282cbb0c18', 'JAVA_HOME': '/usr/lib/jvm/java-1.8.0-openjdk-amd64', 'PWD': '/root/cassandra-dtest', 'HOME': '/root', 'SHLVL': '4', 'ZEBRACONF_HOME': '/root/vm_images/ZebraConf', 'PATH': '/root/dtest/bin:/usr/local/sbin:/usr/local/bin:/usr/sbin:/usr/bin:/sbin:/bin', '_': '/root/dtest/bin/pytest', 'OLDPWD': '/', 'PYTEST_CURRENT_TEST': 'materialized_views_test.py::TestMaterializedViews::()::test_populate_mv_after_insert (call)', 'CASSANDRA_INCLUDE': '/tmp/dtest-o6k9i5t_/test/node3/bin/cassandra.in.sh', 'MAX_HEAP_SIZE': '500M', 'HEAP_NEWSIZE': '50M', 'CASSANDRA_HOME': '/root/cassandra', 'CASSANDRA_CONF': '/tmp/dtest-o6k9i5t_/test/node3/conf'}
01:01:35,474 ccm INFO node3: using Java 8 for the current invocation
01:01:35,840 ccm INFO node3: current_java_version=8, current_java_home_version=8, jvm_version=None, for_build=False, cassandra_version=4.0.2, install_dir=/root/cassandra, env={'HOSTNAME': '49282cbb0c18', 'JAVA_HOME': '/usr/lib/jvm/java-1.8.0-openjdk-amd64', 'PWD': '/root/cassandra-dtest', 'HOME': '/root', 'SHLVL': '4', 'ZEBRACONF_HOME': '/root/vm_images/ZebraConf', 'PATH': '/root/dtest/bin:/usr/local/sbin:/usr/local/bin:/usr/sbin:/usr/bin:/sbin:/bin', '_': '/root/dtest/bin/pytest', 'OLDPWD': '/', 'PYTEST_CURRENT_TEST': 'materialized_views_test.py::TestMaterializedViews::()::test_populate_mv_after_insert (call)', 'CASSANDRA_INCLUDE': '/tmp/dtest-o6k9i5t_/test/node3/bin/cassandra.in.sh', 'MAX_HEAP_SIZE': '500M', 'HEAP_NEWSIZE': '50M', 'CASSANDRA_HOME': '/root/cassandra', 'CASSANDRA_CONF': '/tmp/dtest-o6k9i5t_/test/node3/conf', 'CASSANDRA_LIBJEMALLOC': '-', 'JVM_EXTRA_OPTS': ' -Dcassandra.migration_task_wait_in_seconds=6 -Dcassandra.migration_task_wait_in_seconds=6 -Dcassandra.migration_task_wait_in_seconds=6'}
01:01:35,841 ccm INFO node3: using Java 8 for the current invocation
01:01:35,965 ccm INFO Starting node3 with JAVA_HOME=/usr/lib/jvm/java-1.8.0-openjdk-amd64 java_version=8 cassandra_version=4.0.2, install_dir=/root/cassandra
01:02:08,753 cassandra.cluster INFO New Cassandra host <Host: 127.0.0.3:9042 dc1> discovered
01:02:08,754 cassandra.cluster INFO New Cassandra host <Host: 127.0.0.2:9042 dc1> discovered
01:02:24,630 cassandra.protocol WARNING Server warning: Materialized views are experimental and are not recommended for production use.
--------------------------- Captured stdout teardown ---------------------------
01:02:29,728 ccm DEBUG Log-watching thread exiting.
---------------------------- Captured stdout setup -----------------------------
01:02:31,718 ccm DEBUG Log-watching thread starting.
---------------------------- Captured stderr setup -----------------------------
swapoff: Not superuser.
------------------------------ Captured log setup ------------------------------
01:02:30,394 conftest INFO Starting execution of test_populate_mv_after_insert at 2022-01-31 01:02:30.394889
01:02:31,608 dtest_setup INFO cluster ccm directory: /tmp/dtest-eiikkr99
------------------------------ Captured log call -------------------------------
01:02:33,360 ccm INFO node1: current_java_version=8, current_java_home_version=8, jvm_version=None, for_build=False, cassandra_version=4.0.2, install_dir=/root/cassandra, env={'HOSTNAME': '49282cbb0c18', 'JAVA_HOME': '/usr/lib/jvm/java-1.8.0-openjdk-amd64', 'PWD': '/root/cassandra-dtest', 'HOME': '/root', 'SHLVL': '4', 'ZEBRACONF_HOME': '/root/vm_images/ZebraConf', 'PATH': '/root/dtest/bin:/usr/local/sbin:/usr/local/bin:/usr/sbin:/usr/bin:/sbin:/bin', '_': '/root/dtest/bin/pytest', 'OLDPWD': '/', 'PYTEST_CURRENT_TEST': 'materialized_views_test.py::TestMaterializedViews::()::test_populate_mv_after_insert (call)', 'CASSANDRA_INCLUDE': '/tmp/dtest-eiikkr99/test/node1/bin/cassandra.in.sh', 'MAX_HEAP_SIZE': '500M', 'HEAP_NEWSIZE': '50M', 'CASSANDRA_HOME': '/root/cassandra', 'CASSANDRA_CONF': '/tmp/dtest-eiikkr99/test/node1/conf'}
01:02:33,361 ccm INFO node1: using Java 8 for the current invocation
01:02:33,538 ccm INFO node1: current_java_version=8, current_java_home_version=8, jvm_version=None, for_build=False, cassandra_version=4.0.2, install_dir=/root/cassandra, env={'HOSTNAME': '49282cbb0c18', 'JAVA_HOME': '/usr/lib/jvm/java-1.8.0-openjdk-amd64', 'PWD': '/root/cassandra-dtest', 'HOME': '/root', 'SHLVL': '4', 'ZEBRACONF_HOME': '/root/vm_images/ZebraConf', 'PATH': '/root/dtest/bin:/usr/local/sbin:/usr/local/bin:/usr/sbin:/usr/bin:/sbin:/bin', '_': '/root/dtest/bin/pytest', 'OLDPWD': '/', 'PYTEST_CURRENT_TEST': 'materialized_views_test.py::TestMaterializedViews::()::test_populate_mv_after_insert (call)', 'CASSANDRA_INCLUDE': '/tmp/dtest-eiikkr99/test/node1/bin/cassandra.in.sh', 'MAX_HEAP_SIZE': '500M', 'HEAP_NEWSIZE': '50M', 'CASSANDRA_HOME': '/root/cassandra', 'CASSANDRA_CONF': '/tmp/dtest-eiikkr99/test/node1/conf', 'CASSANDRA_LIBJEMALLOC': '-', 'JVM_EXTRA_OPTS': ' -Dcassandra.migration_task_wait_in_seconds=6'}
01:02:33,539 ccm INFO node1: using Java 8 for the current invocation
01:02:33,640 ccm INFO Starting node1 with JAVA_HOME=/usr/lib/jvm/java-1.8.0-openjdk-amd64 java_version=8 cassandra_version=4.0.2, install_dir=/root/cassandra
01:02:33,939 ccm INFO node2: current_java_version=8, current_java_home_version=8, jvm_version=None, for_build=False, cassandra_version=4.0.2, install_dir=/root/cassandra, env={'HOSTNAME': '49282cbb0c18', 'JAVA_HOME': '/usr/lib/jvm/java-1.8.0-openjdk-amd64', 'PWD': '/root/cassandra-dtest', 'HOME': '/root', 'SHLVL': '4', 'ZEBRACONF_HOME': '/root/vm_images/ZebraConf', 'PATH': '/root/dtest/bin:/usr/local/sbin:/usr/local/bin:/usr/sbin:/usr/bin:/sbin:/bin', '_': '/root/dtest/bin/pytest', 'OLDPWD': '/', 'PYTEST_CURRENT_TEST': 'materialized_views_test.py::TestMaterializedViews::()::test_populate_mv_after_insert (call)', 'CASSANDRA_INCLUDE': '/tmp/dtest-eiikkr99/test/node2/bin/cassandra.in.sh', 'MAX_HEAP_SIZE': '500M', 'HEAP_NEWSIZE': '50M', 'CASSANDRA_HOME': '/root/cassandra', 'CASSANDRA_CONF': '/tmp/dtest-eiikkr99/test/node2/conf'}
01:02:33,940 ccm INFO node2: using Java 8 for the current invocation
01:02:34,131 ccm INFO node2: current_java_version=8, current_java_home_version=8, jvm_version=None, for_build=False, cassandra_version=4.0.2, install_dir=/root/cassandra, env={'HOSTNAME': '49282cbb0c18', 'JAVA_HOME': '/usr/lib/jvm/java-1.8.0-openjdk-amd64', 'PWD': '/root/cassandra-dtest', 'HOME': '/root', 'SHLVL': '4', 'ZEBRACONF_HOME': '/root/vm_images/ZebraConf', 'PATH': '/root/dtest/bin:/usr/local/sbin:/usr/local/bin:/usr/sbin:/usr/bin:/sbin:/bin', '_': '/root/dtest/bin/pytest', 'OLDPWD': '/', 'PYTEST_CURRENT_TEST': 'materialized_views_test.py::TestMaterializedViews::()::test_populate_mv_after_insert (call)', 'CASSANDRA_INCLUDE': '/tmp/dtest-eiikkr99/test/node2/bin/cassandra.in.sh', 'MAX_HEAP_SIZE': '500M', 'HEAP_NEWSIZE': '50M', 'CASSANDRA_HOME': '/root/cassandra', 'CASSANDRA_CONF': '/tmp/dtest-eiikkr99/test/node2/conf', 'CASSANDRA_LIBJEMALLOC': '-', 'JVM_EXTRA_OPTS': ' -Dcassandra.migration_task_wait_in_seconds=6 -Dcassandra.migration_task_wait_in_seconds=6'}
01:02:34,132 ccm INFO node2: using Java 8 for the current invocation
01:02:34,221 ccm INFO Starting node2 with JAVA_HOME=/usr/lib/jvm/java-1.8.0-openjdk-amd64 java_version=8 cassandra_version=4.0.2, install_dir=/root/cassandra
01:02:34,514 ccm INFO node3: current_java_version=8, current_java_home_version=8, jvm_version=None, for_build=False, cassandra_version=4.0.2, install_dir=/root/cassandra, env={'HOSTNAME': '49282cbb0c18', 'JAVA_HOME': '/usr/lib/jvm/java-1.8.0-openjdk-amd64', 'PWD': '/root/cassandra-dtest', 'HOME': '/root', 'SHLVL': '4', 'ZEBRACONF_HOME': '/root/vm_images/ZebraConf', 'PATH': '/root/dtest/bin:/usr/local/sbin:/usr/local/bin:/usr/sbin:/usr/bin:/sbin:/bin', '_': '/root/dtest/bin/pytest', 'OLDPWD': '/', 'PYTEST_CURRENT_TEST': 'materialized_views_test.py::TestMaterializedViews::()::test_populate_mv_after_insert (call)', 'CASSANDRA_INCLUDE': '/tmp/dtest-eiikkr99/test/node3/bin/cassandra.in.sh', 'MAX_HEAP_SIZE': '500M', 'HEAP_NEWSIZE': '50M', 'CASSANDRA_HOME': '/root/cassandra', 'CASSANDRA_CONF': '/tmp/dtest-eiikkr99/test/node3/conf'}
01:02:34,514 ccm INFO node3: using Java 8 for the current invocation
01:02:34,712 ccm INFO node3: current_java_version=8, current_java_home_version=8, jvm_version=None, for_build=False, cassandra_version=4.0.2, install_dir=/root/cassandra, env={'HOSTNAME': '49282cbb0c18', 'JAVA_HOME': '/usr/lib/jvm/java-1.8.0-openjdk-amd64', 'PWD': '/root/cassandra-dtest', 'HOME': '/root', 'SHLVL': '4', 'ZEBRACONF_HOME': '/root/vm_images/ZebraConf', 'PATH': '/root/dtest/bin:/usr/local/sbin:/usr/local/bin:/usr/sbin:/usr/bin:/sbin:/bin', '_': '/root/dtest/bin/pytest', 'OLDPWD': '/', 'PYTEST_CURRENT_TEST': 'materialized_views_test.py::TestMaterializedViews::()::test_populate_mv_after_insert (call)', 'CASSANDRA_INCLUDE': '/tmp/dtest-eiikkr99/test/node3/bin/cassandra.in.sh', 'MAX_HEAP_SIZE': '500M', 'HEAP_NEWSIZE': '50M', 'CASSANDRA_HOME': '/root/cassandra', 'CASSANDRA_CONF': '/tmp/dtest-eiikkr99/test/node3/conf', 'CASSANDRA_LIBJEMALLOC': '-', 'JVM_EXTRA_OPTS': ' -Dcassandra.migration_task_wait_in_seconds=6 -Dcassandra.migration_task_wait_in_seconds=6 -Dcassandra.migration_task_wait_in_seconds=6'}
01:02:34,712 ccm INFO node3: using Java 8 for the current invocation
01:02:34,795 ccm INFO Starting node3 with JAVA_HOME=/usr/lib/jvm/java-1.8.0-openjdk-amd64 java_version=8 cassandra_version=4.0.2, install_dir=/root/cassandra
01:03:08,637 cassandra.cluster INFO New Cassandra host <Host: 127.0.0.3:9042 dc1> discovered
01:03:08,638 cassandra.cluster INFO New Cassandra host <Host: 127.0.0.2:9042 dc1> discovered
01:03:24,601 cassandra.protocol WARNING Server warning: Materialized views are experimental and are not recommended for production use.
--------------------------- Captured stdout teardown ---------------------------
01:02:29,728 ccm DEBUG Log-watching thread exiting.
--------------------------- Captured stdout teardown ---------------------------
01:02:29,728 ccm DEBUG Log-watching thread exiting.
--------------------------- Captured stdout teardown ---------------------------
01:03:29,982 ccm DEBUG Log-watching thread exiting.
===Flaky Test Report===

test_populate_mv_after_insert failed (1 runs remaining out of 2).
	<class 'cassandra.OperationTimedOut'>
	errors={'Connection defunct by heartbeat': 'Client request timeout. See Session.execute[_async](timeout)'}, last_host=127.0.0.3:9042
	[<TracebackEntry /root/cassandra-dtest/materialized_views_test.py:322>, <TracebackEntry cassandra/cluster.py:2618>, <TracebackEntry cassandra/cluster.py:4894>]
test_populate_mv_after_insert failed; it passed 0 out of the required 1 times.
	<class 'cassandra.OperationTimedOut'>
	errors={'Connection defunct by heartbeat': 'Client request timeout. See Session.execute[_async](timeout)'}, last_host=127.0.0.3:9042
	[<TracebackEntry /root/cassandra-dtest/materialized_views_test.py:322>, <TracebackEntry cassandra/cluster.py:2618>, <TracebackEntry cassandra/cluster.py:4894>]

===End Flaky Test Report===
========================== 1 failed in 121.28 seconds ==========================
[msx] rc = 1
v2v2 running time = 142745470747
---> v1v1 or v2v2 test failed.
v2v2 failed in a hypo test
proj: cassandra
u_test: materialized_views_test.py::TestMaterializedViews::test_populate_mv_after_insert
h_list: compaction_large_partition_warning_threshold_mb@@@CassandraDaemon@@@-1@@@10@@@100
vv_mode: v2v2
result: FAIL
failureMessage: 
stackTrace: 

cassandra materialized_views_test.py::TestMaterializedViews::test_populate_mv_after_insert false false
log_dst_dir = /root/vm_images/ZebraConf/app_meta/logs
the_test is materialized_views_test.py::TestMaterializedViews::test_populate_mv_after_insert
============================= test session starts ==============================
platform linux -- Python 3.6.9, pytest-3.6.4, py-1.11.0, pluggy-0.7.1 -- /root/dtest/bin/python
cachedir: .pytest_cache
rootdir: /root/cassandra-dtest, inifile: pytest.ini
plugins: flaky-3.7.0, timeout-1.4.2, repeat-0.9.1
timeout: 1200.0s
timeout method: signal
timeout func_only: False
collecting ... collected 1 item

materialized_views_test.py::TestMaterializedViews::test_populate_mv_after_insert 
-------------------------------- live log call ---------------------------------
01:04:44,560 cassandra.protocol WARNING Server warning: Materialized views are experimental and are not recommended for production use.

-------------------------------- live log call ---------------------------------
01:05:39,842 cassandra.protocol WARNING Server warning: Materialized views are experimental and are not recommended for production use.
01:05:48,294 cassandra.protocol WARNING Server warning: Aggregation query used without partition key
01:05:49,881 cassandra.protocol WARNING Server warning: Aggregation query used without partition key
01:05:51,471 cassandra.protocol WARNING Server warning: Aggregation query used without partition key
PASSED                                                                   [100%]
===Flaky Test Report===

test_populate_mv_after_insert failed (1 runs remaining out of 2).
	<class 'cassandra.OperationTimedOut'>
	errors={'Connection defunct by heartbeat': 'Client request timeout. See Session.execute[_async](timeout)'}, last_host=127.0.0.3:9042
	[<TracebackEntry /root/cassandra-dtest/materialized_views_test.py:322>, <TracebackEntry cassandra/cluster.py:2618>, <TracebackEntry cassandra/cluster.py:4894>]
test_populate_mv_after_insert passed 1 out of the required 1 times. Success!

===End Flaky Test Report===

========================== 1 passed in 123.99 seconds ==========================
[msx] rc = 0
v1v2 running time = 145389349184
---> v1v2 test suceeded.
cassandra materialized_views_test.py::TestMaterializedViews::test_populate_mv_after_insert false false
log_dst_dir = /root/vm_images/ZebraConf/app_meta/logs
the_test is materialized_views_test.py::TestMaterializedViews::test_populate_mv_after_insert
============================= test session starts ==============================
platform linux -- Python 3.6.9, pytest-3.6.4, py-1.11.0, pluggy-0.7.1 -- /root/dtest/bin/python
cachedir: .pytest_cache
rootdir: /root/cassandra-dtest, inifile: pytest.ini
plugins: flaky-3.7.0, timeout-1.4.2, repeat-0.9.1
timeout: 1200.0s
timeout method: signal
timeout func_only: False
collecting ... collected 1 item

materialized_views_test.py::TestMaterializedViews::test_populate_mv_after_insert 
-------------------------------- live log call ---------------------------------
01:07:03,927 cassandra.protocol WARNING Server warning: Materialized views are experimental and are not recommended for production use.
01:07:13,770 cassandra.protocol WARNING Server warning: Aggregation query used without partition key
01:07:15,279 cassandra.protocol WARNING Server warning: Aggregation query used without partition key
01:07:16,763 cassandra.protocol WARNING Server warning: Aggregation query used without partition key
PASSED                                                                   [100%]
===Flaky Test Report===

test_populate_mv_after_insert passed 1 out of the required 1 times. Success!

===End Flaky Test Report===

========================== 1 passed in 61.79 seconds ===========================
[msx] rc = 0
v1v1 running time = 83228857863
cassandra materialized_views_test.py::TestMaterializedViews::test_populate_mv_after_insert false false
log_dst_dir = /root/vm_images/ZebraConf/app_meta/logs
the_test is materialized_views_test.py::TestMaterializedViews::test_populate_mv_after_insert
============================= test session starts ==============================
platform linux -- Python 3.6.9, pytest-3.6.4, py-1.11.0, pluggy-0.7.1 -- /root/dtest/bin/python
cachedir: .pytest_cache
rootdir: /root/cassandra-dtest, inifile: pytest.ini
plugins: flaky-3.7.0, timeout-1.4.2, repeat-0.9.1
timeout: 1200.0s
timeout method: signal
timeout func_only: False
collecting ... collected 1 item

materialized_views_test.py::TestMaterializedViews::test_populate_mv_after_insert 
-------------------------------- live log call ---------------------------------
01:08:25,738 cassandra.protocol WARNING Server warning: Materialized views are experimental and are not recommended for production use.
01:08:34,441 cassandra.protocol WARNING Server warning: Aggregation query used without partition key
01:08:35,953 cassandra.protocol WARNING Server warning: Aggregation query used without partition key
01:08:37,584 cassandra.protocol WARNING Server warning: Aggregation query used without partition key
PASSED                                                                   [100%]
===Flaky Test Report===

test_populate_mv_after_insert passed 1 out of the required 1 times. Success!

===End Flaky Test Report===

========================== 1 passed in 60.29 seconds ===========================
[msx] rc = 0
v2v2 running time = 81724926553
---> v1v1 and v2v2 test test suceeded.
cassandra materialized_views_test.py::TestMaterializedViews::test_populate_mv_after_insert false false
log_dst_dir = /root/vm_images/ZebraConf/app_meta/logs
the_test is materialized_views_test.py::TestMaterializedViews::test_populate_mv_after_insert
============================= test session starts ==============================
platform linux -- Python 3.6.9, pytest-3.6.4, py-1.11.0, pluggy-0.7.1 -- /root/dtest/bin/python
cachedir: .pytest_cache
rootdir: /root/cassandra-dtest, inifile: pytest.ini
plugins: flaky-3.7.0, timeout-1.4.2, repeat-0.9.1
timeout: 1200.0s
timeout method: signal
timeout func_only: False
collecting ... collected 1 item

materialized_views_test.py::TestMaterializedViews::test_populate_mv_after_insert 
-------------------------------- live log call ---------------------------------
01:09:50,442 cassandra.protocol WARNING Server warning: Materialized views are experimental and are not recommended for production use.
01:09:56,363 cassandra.protocol WARNING Server warning: Aggregation query used without partition key
01:09:57,889 cassandra.protocol WARNING Server warning: Aggregation query used without partition key
01:09:59,460 cassandra.protocol WARNING Server warning: Aggregation query used without partition key
PASSED                                                                   [100%]
===Flaky Test Report===

test_populate_mv_after_insert passed 1 out of the required 1 times. Success!

===End Flaky Test Report===

========================== 1 passed in 59.55 seconds ===========================
[msx] rc = 0
v1v2 running time = 80915643935
---> v1v2 test suceeded.
cassandra materialized_views_test.py::TestMaterializedViews::test_populate_mv_after_insert false false
log_dst_dir = /root/vm_images/ZebraConf/app_meta/logs
the_test is materialized_views_test.py::TestMaterializedViews::test_populate_mv_after_insert
============================= test session starts ==============================
platform linux -- Python 3.6.9, pytest-3.6.4, py-1.11.0, pluggy-0.7.1 -- /root/dtest/bin/python
cachedir: .pytest_cache
rootdir: /root/cassandra-dtest, inifile: pytest.ini
plugins: flaky-3.7.0, timeout-1.4.2, repeat-0.9.1
timeout: 1200.0s
timeout method: signal
timeout func_only: False
collecting ... collected 1 item

materialized_views_test.py::TestMaterializedViews::test_populate_mv_after_insert 
-------------------------------- live log call ---------------------------------
01:11:04,760 cassandra.protocol WARNING Server warning: Materialized views are experimental and are not recommended for production use.
01:11:12,76 cassandra.protocol WARNING Server warning: Aggregation query used without partition key
01:11:13,579 cassandra.protocol WARNING Server warning: Aggregation query used without partition key
01:11:15,244 cassandra.protocol WARNING Server warning: Aggregation query used without partition key
PASSED                                                                   [100%]
===Flaky Test Report===

test_populate_mv_after_insert passed 1 out of the required 1 times. Success!

===End Flaky Test Report===

========================== 1 passed in 54.54 seconds ===========================
[msx] rc = 0
v1v1 running time = 75955777810
cassandra materialized_views_test.py::TestMaterializedViews::test_populate_mv_after_insert false false
log_dst_dir = /root/vm_images/ZebraConf/app_meta/logs
the_test is materialized_views_test.py::TestMaterializedViews::test_populate_mv_after_insert
============================= test session starts ==============================
platform linux -- Python 3.6.9, pytest-3.6.4, py-1.11.0, pluggy-0.7.1 -- /root/dtest/bin/python
cachedir: .pytest_cache
rootdir: /root/cassandra-dtest, inifile: pytest.ini
plugins: flaky-3.7.0, timeout-1.4.2, repeat-0.9.1
timeout: 1200.0s
timeout method: signal
timeout func_only: False
collecting ... collected 1 item

materialized_views_test.py::TestMaterializedViews::test_populate_mv_after_insert 
-------------------------------- live log call ---------------------------------
01:12:22,214 cassandra.protocol WARNING Server warning: Materialized views are experimental and are not recommended for production use.
01:12:30,87 cassandra.protocol WARNING Server warning: Aggregation query used without partition key
01:12:31,648 cassandra.protocol WARNING Server warning: Aggregation query used without partition key
01:12:33,192 cassandra.protocol WARNING Server warning: Aggregation query used without partition key
PASSED                                                                   [100%]
===Flaky Test Report===

test_populate_mv_after_insert passed 1 out of the required 1 times. Success!

===End Flaky Test Report===

========================== 1 passed in 56.43 seconds ===========================
[msx] rc = 0
v2v2 running time = 77850095393
---> v1v1 and v2v2 test test suceeded.
cassandra materialized_views_test.py::TestMaterializedViews::test_populate_mv_after_insert false false
log_dst_dir = /root/vm_images/ZebraConf/app_meta/logs
the_test is materialized_views_test.py::TestMaterializedViews::test_populate_mv_after_insert
============================= test session starts ==============================
platform linux -- Python 3.6.9, pytest-3.6.4, py-1.11.0, pluggy-0.7.1 -- /root/dtest/bin/python
cachedir: .pytest_cache
rootdir: /root/cassandra-dtest, inifile: pytest.ini
plugins: flaky-3.7.0, timeout-1.4.2, repeat-0.9.1
timeout: 1200.0s
timeout method: signal
timeout func_only: False
collecting ... collected 1 item

materialized_views_test.py::TestMaterializedViews::test_populate_mv_after_insert 
-------------------------------- live log call ---------------------------------
01:13:41,547 cassandra.protocol WARNING Server warning: Materialized views are experimental and are not recommended for production use.
01:13:49,921 cassandra.protocol WARNING Server warning: Aggregation query used without partition key
01:13:51,514 cassandra.protocol WARNING Server warning: Aggregation query used without partition key
01:13:53,53 cassandra.protocol WARNING Server warning: Aggregation query used without partition key
PASSED                                                                   [100%]
===Flaky Test Report===

test_populate_mv_after_insert passed 1 out of the required 1 times. Success!

===End Flaky Test Report===

========================== 1 passed in 58.41 seconds ===========================
[msx] rc = 0
v1v2 running time = 79882356774
---> v1v2 test suceeded.
cassandra materialized_views_test.py::TestMaterializedViews::test_populate_mv_after_insert false false
log_dst_dir = /root/vm_images/ZebraConf/app_meta/logs
the_test is materialized_views_test.py::TestMaterializedViews::test_populate_mv_after_insert
============================= test session starts ==============================
platform linux -- Python 3.6.9, pytest-3.6.4, py-1.11.0, pluggy-0.7.1 -- /root/dtest/bin/python
cachedir: .pytest_cache
rootdir: /root/cassandra-dtest, inifile: pytest.ini
plugins: flaky-3.7.0, timeout-1.4.2, repeat-0.9.1
timeout: 1200.0s
timeout method: signal
timeout func_only: False
collecting ... collected 1 item

materialized_views_test.py::TestMaterializedViews::test_populate_mv_after_insert 
-------------------------------- live log call ---------------------------------
01:15:00,581 cassandra.protocol WARNING Server warning: Materialized views are experimental and are not recommended for production use.
01:15:08,868 cassandra.protocol WARNING Server warning: Aggregation query used without partition key
01:15:10,394 cassandra.protocol WARNING Server warning: Aggregation query used without partition key
01:15:11,893 cassandra.protocol WARNING Server warning: Aggregation query used without partition key
PASSED                                                                   [100%]
===Flaky Test Report===

test_populate_mv_after_insert passed 1 out of the required 1 times. Success!

===End Flaky Test Report===

========================== 1 passed in 57.45 seconds ===========================
[msx] rc = 0
v1v1 running time = 78919922875
cassandra materialized_views_test.py::TestMaterializedViews::test_populate_mv_after_insert false false
log_dst_dir = /root/vm_images/ZebraConf/app_meta/logs
the_test is materialized_views_test.py::TestMaterializedViews::test_populate_mv_after_insert
============================= test session starts ==============================
platform linux -- Python 3.6.9, pytest-3.6.4, py-1.11.0, pluggy-0.7.1 -- /root/dtest/bin/python
cachedir: .pytest_cache
rootdir: /root/cassandra-dtest, inifile: pytest.ini
plugins: flaky-3.7.0, timeout-1.4.2, repeat-0.9.1
timeout: 1200.0s
timeout method: signal
timeout func_only: False
collecting ... collected 1 item

materialized_views_test.py::TestMaterializedViews::test_populate_mv_after_insert 
-------------------------------- live log call ---------------------------------
01:16:15,846 cassandra.protocol WARNING Server warning: Materialized views are experimental and are not recommended for production use.
01:16:22,560 cassandra.protocol WARNING Server warning: Aggregation query used without partition key
01:16:24,84 cassandra.protocol WARNING Server warning: Aggregation query used without partition key
01:16:25,733 cassandra.protocol WARNING Server warning: Aggregation query used without partition key
PASSED                                                                   [100%]
===Flaky Test Report===

test_populate_mv_after_insert passed 1 out of the required 1 times. Success!

===End Flaky Test Report===

========================== 1 passed in 52.47 seconds ===========================
[msx] rc = 0
v2v2 running time = 73974320865
---> v1v1 and v2v2 test test suceeded.
cassandra materialized_views_test.py::TestMaterializedViews::test_populate_mv_after_insert false false
log_dst_dir = /root/vm_images/ZebraConf/app_meta/logs
the_test is materialized_views_test.py::TestMaterializedViews::test_populate_mv_after_insert
============================= test session starts ==============================
platform linux -- Python 3.6.9, pytest-3.6.4, py-1.11.0, pluggy-0.7.1 -- /root/dtest/bin/python
cachedir: .pytest_cache
rootdir: /root/cassandra-dtest, inifile: pytest.ini
plugins: flaky-3.7.0, timeout-1.4.2, repeat-0.9.1
timeout: 1200.0s
timeout method: signal
timeout func_only: False
collecting ... collected 1 item

materialized_views_test.py::TestMaterializedViews::test_populate_mv_after_insert 
-------------------------------- live log call ---------------------------------
01:17:28,920 cassandra.protocol WARNING Server warning: Materialized views are experimental and are not recommended for production use.
01:17:36,318 cassandra.protocol WARNING Server warning: Aggregation query used without partition key
01:17:37,848 cassandra.protocol WARNING Server warning: Aggregation query used without partition key
01:17:39,532 cassandra.protocol WARNING Server warning: Aggregation query used without partition key
PASSED                                                                   [100%]
===Flaky Test Report===

test_populate_mv_after_insert passed 1 out of the required 1 times. Success!

===End Flaky Test Report===

========================== 1 passed in 52.50 seconds ===========================
[msx] rc = 0
v1v2 running time = 73937821290
---> v1v2 test suceeded.
cassandra materialized_views_test.py::TestMaterializedViews::test_populate_mv_after_insert false false
log_dst_dir = /root/vm_images/ZebraConf/app_meta/logs
the_test is materialized_views_test.py::TestMaterializedViews::test_populate_mv_after_insert
============================= test session starts ==============================
platform linux -- Python 3.6.9, pytest-3.6.4, py-1.11.0, pluggy-0.7.1 -- /root/dtest/bin/python
cachedir: .pytest_cache
rootdir: /root/cassandra-dtest, inifile: pytest.ini
plugins: flaky-3.7.0, timeout-1.4.2, repeat-0.9.1
timeout: 1200.0s
timeout method: signal
timeout func_only: False
collecting ... collected 1 item

materialized_views_test.py::TestMaterializedViews::test_populate_mv_after_insert 
-------------------------------- live log call ---------------------------------
01:18:44,774 cassandra.protocol WARNING Server warning: Materialized views are experimental and are not recommended for production use.
01:18:50,972 cassandra.protocol WARNING Server warning: Aggregation query used without partition key
01:18:52,478 cassandra.protocol WARNING Server warning: Aggregation query used without partition key
01:18:53,933 cassandra.protocol WARNING Server warning: Aggregation query used without partition key
PASSED                                                                   [100%]
===Flaky Test Report===

test_populate_mv_after_insert passed 1 out of the required 1 times. Success!

===End Flaky Test Report===

========================== 1 passed in 52.59 seconds ===========================
[msx] rc = 0
v1v1 running time = 74005705146
cassandra materialized_views_test.py::TestMaterializedViews::test_populate_mv_after_insert false false
log_dst_dir = /root/vm_images/ZebraConf/app_meta/logs
the_test is materialized_views_test.py::TestMaterializedViews::test_populate_mv_after_insert
============================= test session starts ==============================
platform linux -- Python 3.6.9, pytest-3.6.4, py-1.11.0, pluggy-0.7.1 -- /root/dtest/bin/python
cachedir: .pytest_cache
rootdir: /root/cassandra-dtest, inifile: pytest.ini
plugins: flaky-3.7.0, timeout-1.4.2, repeat-0.9.1
timeout: 1200.0s
timeout method: signal
timeout func_only: False
collecting ... collected 1 item

materialized_views_test.py::TestMaterializedViews::test_populate_mv_after_insert 
-------------------------------- live log call ---------------------------------
01:20:04,516 cassandra.protocol WARNING Server warning: Materialized views are experimental and are not recommended for production use.
01:20:11,666 cassandra.protocol WARNING Server warning: Aggregation query used without partition key
01:20:13,185 cassandra.protocol WARNING Server warning: Aggregation query used without partition key
01:20:14,984 cassandra.protocol WARNING Server warning: Aggregation query used without partition key
PASSED                                                                   [100%]
===Flaky Test Report===

test_populate_mv_after_insert passed 1 out of the required 1 times. Success!

===End Flaky Test Report===

========================== 1 passed in 59.67 seconds ===========================
[msx] rc = 0
v2v2 running time = 81164573052
---> v1v1 and v2v2 test test suceeded.
cassandra materialized_views_test.py::TestMaterializedViews::test_populate_mv_after_insert false false
log_dst_dir = /root/vm_images/ZebraConf/app_meta/logs
the_test is materialized_views_test.py::TestMaterializedViews::test_populate_mv_after_insert
============================= test session starts ==============================
platform linux -- Python 3.6.9, pytest-3.6.4, py-1.11.0, pluggy-0.7.1 -- /root/dtest/bin/python
cachedir: .pytest_cache
rootdir: /root/cassandra-dtest, inifile: pytest.ini
plugins: flaky-3.7.0, timeout-1.4.2, repeat-0.9.1
timeout: 1200.0s
timeout method: signal
timeout func_only: False
collecting ... collected 1 item

materialized_views_test.py::TestMaterializedViews::test_populate_mv_after_insert 
-------------------------------- live log call ---------------------------------
01:21:19,363 cassandra.protocol WARNING Server warning: Materialized views are experimental and are not recommended for production use.
01:21:27,41 cassandra.protocol WARNING Server warning: Aggregation query used without partition key
01:21:28,505 cassandra.protocol WARNING Server warning: Aggregation query used without partition key
01:21:30,56 cassandra.protocol WARNING Server warning: Aggregation query used without partition key
PASSED                                                                   [100%]
===Flaky Test Report===

test_populate_mv_after_insert passed 1 out of the required 1 times. Success!

===End Flaky Test Report===

========================== 1 passed in 53.53 seconds ===========================
[msx] rc = 0
v1v2 running time = 75020008128
---> v1v2 test suceeded.
cassandra materialized_views_test.py::TestMaterializedViews::test_populate_mv_after_insert false false
log_dst_dir = /root/vm_images/ZebraConf/app_meta/logs
the_test is materialized_views_test.py::TestMaterializedViews::test_populate_mv_after_insert
============================= test session starts ==============================
platform linux -- Python 3.6.9, pytest-3.6.4, py-1.11.0, pluggy-0.7.1 -- /root/dtest/bin/python
cachedir: .pytest_cache
rootdir: /root/cassandra-dtest, inifile: pytest.ini
plugins: flaky-3.7.0, timeout-1.4.2, repeat-0.9.1
timeout: 1200.0s
timeout method: signal
timeout func_only: False
collecting ... collected 1 item

materialized_views_test.py::TestMaterializedViews::test_populate_mv_after_insert 
-------------------------------- live log call ---------------------------------
01:22:40,21 cassandra.protocol WARNING Server warning: Materialized views are experimental and are not recommended for production use.
01:22:47,233 cassandra.protocol WARNING Server warning: Aggregation query used without partition key
01:22:48,819 cassandra.protocol WARNING Server warning: Aggregation query used without partition key
01:22:50,396 cassandra.protocol WARNING Server warning: Aggregation query used without partition key
PASSED                                                                   [100%]
===Flaky Test Report===

test_populate_mv_after_insert passed 1 out of the required 1 times. Success!

===End Flaky Test Report===

========================== 1 passed in 58.82 seconds ===========================
[msx] rc = 0
v1v1 running time = 80225210377
cassandra materialized_views_test.py::TestMaterializedViews::test_populate_mv_after_insert false false
log_dst_dir = /root/vm_images/ZebraConf/app_meta/logs
the_test is materialized_views_test.py::TestMaterializedViews::test_populate_mv_after_insert
============================= test session starts ==============================
platform linux -- Python 3.6.9, pytest-3.6.4, py-1.11.0, pluggy-0.7.1 -- /root/dtest/bin/python
cachedir: .pytest_cache
rootdir: /root/cassandra-dtest, inifile: pytest.ini
plugins: flaky-3.7.0, timeout-1.4.2, repeat-0.9.1
timeout: 1200.0s
timeout method: signal
timeout func_only: False
collecting ... collected 1 item

materialized_views_test.py::TestMaterializedViews::test_populate_mv_after_insert 
-------------------------------- live log call ---------------------------------
01:23:53,995 cassandra.protocol WARNING Server warning: Materialized views are experimental and are not recommended for production use.
01:24:01,644 cassandra.protocol WARNING Server warning: Aggregation query used without partition key
01:24:03,187 cassandra.protocol WARNING Server warning: Aggregation query used without partition key
01:24:04,683 cassandra.protocol WARNING Server warning: Aggregation query used without partition key
PASSED                                                                   [100%]
===Flaky Test Report===

test_populate_mv_after_insert passed 1 out of the required 1 times. Success!

===End Flaky Test Report===

========================== 1 passed in 53.03 seconds ===========================
[msx] rc = 0
v2v2 running time = 74419984768
---> v1v1 and v2v2 test test suceeded.
cassandra materialized_views_test.py::TestMaterializedViews::test_populate_mv_after_insert false false
log_dst_dir = /root/vm_images/ZebraConf/app_meta/logs
the_test is materialized_views_test.py::TestMaterializedViews::test_populate_mv_after_insert
============================= test session starts ==============================
platform linux -- Python 3.6.9, pytest-3.6.4, py-1.11.0, pluggy-0.7.1 -- /root/dtest/bin/python
cachedir: .pytest_cache
rootdir: /root/cassandra-dtest, inifile: pytest.ini
plugins: flaky-3.7.0, timeout-1.4.2, repeat-0.9.1
timeout: 1200.0s
timeout method: signal
timeout func_only: False
collecting ... collected 1 item

materialized_views_test.py::TestMaterializedViews::test_populate_mv_after_insert 
-------------------------------- live log call ---------------------------------
01:25:18,26 cassandra.protocol WARNING Server warning: Materialized views are experimental and are not recommended for production use.
01:25:27,161 cassandra.protocol WARNING Server warning: Aggregation query used without partition key
01:25:28,719 cassandra.protocol WARNING Server warning: Aggregation query used without partition key
01:25:30,304 cassandra.protocol WARNING Server warning: Aggregation query used without partition key
PASSED                                                                   [100%]
===Flaky Test Report===

test_populate_mv_after_insert passed 1 out of the required 1 times. Success!

===End Flaky Test Report===

========================== 1 passed in 64.18 seconds ===========================
[msx] rc = 0
v1v2 running time = 85509487280
---> v1v2 test suceeded.
cassandra materialized_views_test.py::TestMaterializedViews::test_populate_mv_after_insert false false
log_dst_dir = /root/vm_images/ZebraConf/app_meta/logs
the_test is materialized_views_test.py::TestMaterializedViews::test_populate_mv_after_insert
============================= test session starts ==============================
platform linux -- Python 3.6.9, pytest-3.6.4, py-1.11.0, pluggy-0.7.1 -- /root/dtest/bin/python
cachedir: .pytest_cache
rootdir: /root/cassandra-dtest, inifile: pytest.ini
plugins: flaky-3.7.0, timeout-1.4.2, repeat-0.9.1
timeout: 1200.0s
timeout method: signal
timeout func_only: False
collecting ... collected 1 item

materialized_views_test.py::TestMaterializedViews::test_populate_mv_after_insert 
-------------------------------- live log call ---------------------------------
01:26:35,468 cassandra.protocol WARNING Server warning: Materialized views are experimental and are not recommended for production use.
01:26:43,731 cassandra.protocol WARNING Server warning: Aggregation query used without partition key
01:26:45,345 cassandra.protocol WARNING Server warning: Aggregation query used without partition key
01:26:46,840 cassandra.protocol WARNING Server warning: Aggregation query used without partition key
PASSED                                                                   [100%]
===Flaky Test Report===

test_populate_mv_after_insert passed 1 out of the required 1 times. Success!

===End Flaky Test Report===

========================== 1 passed in 55.05 seconds ===========================
[msx] rc = 0
v1v1 running time = 76520011311
cassandra materialized_views_test.py::TestMaterializedViews::test_populate_mv_after_insert false false
log_dst_dir = /root/vm_images/ZebraConf/app_meta/logs
the_test is materialized_views_test.py::TestMaterializedViews::test_populate_mv_after_insert
============================= test session starts ==============================
platform linux -- Python 3.6.9, pytest-3.6.4, py-1.11.0, pluggy-0.7.1 -- /root/dtest/bin/python
cachedir: .pytest_cache
rootdir: /root/cassandra-dtest, inifile: pytest.ini
plugins: flaky-3.7.0, timeout-1.4.2, repeat-0.9.1
timeout: 1200.0s
timeout method: signal
timeout func_only: False
collecting ... collected 1 item

materialized_views_test.py::TestMaterializedViews::test_populate_mv_after_insert 
-------------------------------- live log call ---------------------------------
01:27:55,617 cassandra.protocol WARNING Server warning: Materialized views are experimental and are not recommended for production use.
01:28:04,77 cassandra.protocol WARNING Server warning: Aggregation query used without partition key
01:28:05,654 cassandra.protocol WARNING Server warning: Aggregation query used without partition key
01:28:07,185 cassandra.protocol WARNING Server warning: Aggregation query used without partition key
PASSED                                                                   [100%]
===Flaky Test Report===

test_populate_mv_after_insert passed 1 out of the required 1 times. Success!

===End Flaky Test Report===

========================== 1 passed in 58.80 seconds ===========================
[msx] rc = 0
v2v2 running time = 80222987897
---> v1v1 and v2v2 test test suceeded.
cassandra materialized_views_test.py::TestMaterializedViews::test_populate_mv_after_insert false false
log_dst_dir = /root/vm_images/ZebraConf/app_meta/logs
the_test is materialized_views_test.py::TestMaterializedViews::test_populate_mv_after_insert
============================= test session starts ==============================
platform linux -- Python 3.6.9, pytest-3.6.4, py-1.11.0, pluggy-0.7.1 -- /root/dtest/bin/python
cachedir: .pytest_cache
rootdir: /root/cassandra-dtest, inifile: pytest.ini
plugins: flaky-3.7.0, timeout-1.4.2, repeat-0.9.1
timeout: 1200.0s
timeout method: signal
timeout func_only: False
collecting ... collected 1 item

materialized_views_test.py::TestMaterializedViews::test_populate_mv_after_insert 
-------------------------------- live log call ---------------------------------
01:29:11,34 cassandra.protocol WARNING Server warning: Materialized views are experimental and are not recommended for production use.
01:29:18,648 cassandra.protocol WARNING Server warning: Aggregation query used without partition key
01:29:20,150 cassandra.protocol WARNING Server warning: Aggregation query used without partition key
01:29:21,628 cassandra.protocol WARNING Server warning: Aggregation query used without partition key
PASSED                                                                   [100%]
===Flaky Test Report===

test_populate_mv_after_insert passed 1 out of the required 1 times. Success!

===End Flaky Test Report===

========================== 1 passed in 53.29 seconds ===========================
[msx] rc = 0
v1v2 running time = 74685262189
---> v1v2 test suceeded.
cassandra materialized_views_test.py::TestMaterializedViews::test_populate_mv_after_insert false false
log_dst_dir = /root/vm_images/ZebraConf/app_meta/logs
the_test is materialized_views_test.py::TestMaterializedViews::test_populate_mv_after_insert
============================= test session starts ==============================
platform linux -- Python 3.6.9, pytest-3.6.4, py-1.11.0, pluggy-0.7.1 -- /root/dtest/bin/python
cachedir: .pytest_cache
rootdir: /root/cassandra-dtest, inifile: pytest.ini
plugins: flaky-3.7.0, timeout-1.4.2, repeat-0.9.1
timeout: 1200.0s
timeout method: signal
timeout func_only: False
collecting ... collected 1 item

materialized_views_test.py::TestMaterializedViews::test_populate_mv_after_insert 
-------------------------------- live log call ---------------------------------
01:30:27,548 cassandra.protocol WARNING Server warning: Materialized views are experimental and are not recommended for production use.
01:30:35,806 cassandra.protocol WARNING Server warning: Aggregation query used without partition key
01:30:37,482 cassandra.protocol WARNING Server warning: Aggregation query used without partition key
01:30:39,16 cassandra.protocol WARNING Server warning: Aggregation query used without partition key
PASSED                                                                   [100%]
===Flaky Test Report===

test_populate_mv_after_insert passed 1 out of the required 1 times. Success!

===End Flaky Test Report===

========================== 1 passed in 55.89 seconds ===========================
[msx] rc = 0
v1v1 running time = 77266937773
cassandra materialized_views_test.py::TestMaterializedViews::test_populate_mv_after_insert false false
log_dst_dir = /root/vm_images/ZebraConf/app_meta/logs
the_test is materialized_views_test.py::TestMaterializedViews::test_populate_mv_after_insert
============================= test session starts ==============================
platform linux -- Python 3.6.9, pytest-3.6.4, py-1.11.0, pluggy-0.7.1 -- /root/dtest/bin/python
cachedir: .pytest_cache
rootdir: /root/cassandra-dtest, inifile: pytest.ini
plugins: flaky-3.7.0, timeout-1.4.2, repeat-0.9.1
timeout: 1200.0s
timeout method: signal
timeout func_only: False
collecting ... collected 1 item

materialized_views_test.py::TestMaterializedViews::test_populate_mv_after_insert 
-------------------------------- live log call ---------------------------------
01:31:52,793 cassandra.protocol WARNING Server warning: Materialized views are experimental and are not recommended for production use.
01:32:00,451 cassandra.protocol WARNING Server warning: Aggregation query used without partition key
01:32:01,995 cassandra.protocol WARNING Server warning: Aggregation query used without partition key
01:32:03,641 cassandra.protocol WARNING Server warning: Aggregation query used without partition key
PASSED                                                                   [100%]
===Flaky Test Report===

test_populate_mv_after_insert passed 1 out of the required 1 times. Success!

===End Flaky Test Report===

========================== 1 passed in 63.24 seconds ===========================
[msx] rc = 0
v2v2 running time = 84692819883
---> v1v1 and v2v2 test test suceeded.
cassandra materialized_views_test.py::TestMaterializedViews::test_populate_mv_after_insert false false
log_dst_dir = /root/vm_images/ZebraConf/app_meta/logs
the_test is materialized_views_test.py::TestMaterializedViews::test_populate_mv_after_insert
============================= test session starts ==============================
platform linux -- Python 3.6.9, pytest-3.6.4, py-1.11.0, pluggy-0.7.1 -- /root/dtest/bin/python
cachedir: .pytest_cache
rootdir: /root/cassandra-dtest, inifile: pytest.ini
plugins: flaky-3.7.0, timeout-1.4.2, repeat-0.9.1
timeout: 1200.0s
timeout method: signal
timeout func_only: False
collecting ... collected 1 item

materialized_views_test.py::TestMaterializedViews::test_populate_mv_after_insert 
-------------------------------- live log call ---------------------------------
01:33:10,40 cassandra.protocol WARNING Server warning: Materialized views are experimental and are not recommended for production use.
01:33:17,854 cassandra.protocol WARNING Server warning: Aggregation query used without partition key
01:33:19,406 cassandra.protocol WARNING Server warning: Aggregation query used without partition key
01:33:20,916 cassandra.protocol WARNING Server warning: Aggregation query used without partition key
PASSED                                                                   [100%]
===Flaky Test Report===

test_populate_mv_after_insert passed 1 out of the required 1 times. Success!

===End Flaky Test Report===

========================== 1 passed in 55.82 seconds ===========================
[msx] rc = 0
v1v2 running time = 77259818902
---> v1v2 test suceeded.
cassandra materialized_views_test.py::TestMaterializedViews::test_populate_mv_after_insert false false
log_dst_dir = /root/vm_images/ZebraConf/app_meta/logs
the_test is materialized_views_test.py::TestMaterializedViews::test_populate_mv_after_insert
============================= test session starts ==============================
platform linux -- Python 3.6.9, pytest-3.6.4, py-1.11.0, pluggy-0.7.1 -- /root/dtest/bin/python
cachedir: .pytest_cache
rootdir: /root/cassandra-dtest, inifile: pytest.ini
plugins: flaky-3.7.0, timeout-1.4.2, repeat-0.9.1
timeout: 1200.0s
timeout method: signal
timeout func_only: False
collecting ... collected 1 item

materialized_views_test.py::TestMaterializedViews::test_populate_mv_after_insert 
-------------------------------- live log call ---------------------------------
01:34:27,715 cassandra.protocol WARNING Server warning: Materialized views are experimental and are not recommended for production use.
01:34:35,357 cassandra.protocol WARNING Server warning: Aggregation query used without partition key
01:34:36,865 cassandra.protocol WARNING Server warning: Aggregation query used without partition key
01:34:38,473 cassandra.protocol WARNING Server warning: Aggregation query used without partition key
PASSED                                                                   [100%]
===Flaky Test Report===

test_populate_mv_after_insert passed 1 out of the required 1 times. Success!

===End Flaky Test Report===

========================== 1 passed in 56.31 seconds ===========================
[msx] rc = 0
v1v1 running time = 77848961069
cassandra materialized_views_test.py::TestMaterializedViews::test_populate_mv_after_insert false false
log_dst_dir = /root/vm_images/ZebraConf/app_meta/logs
the_test is materialized_views_test.py::TestMaterializedViews::test_populate_mv_after_insert
============================= test session starts ==============================
platform linux -- Python 3.6.9, pytest-3.6.4, py-1.11.0, pluggy-0.7.1 -- /root/dtest/bin/python
cachedir: .pytest_cache
rootdir: /root/cassandra-dtest, inifile: pytest.ini
plugins: flaky-3.7.0, timeout-1.4.2, repeat-0.9.1
timeout: 1200.0s
timeout method: signal
timeout func_only: False
collecting ... collected 1 item

materialized_views_test.py::TestMaterializedViews::test_populate_mv_after_insert 
-------------------------------- live log call ---------------------------------
01:35:42,972 cassandra.protocol WARNING Server warning: Materialized views are experimental and are not recommended for production use.
01:35:51,64 cassandra.protocol WARNING Server warning: Aggregation query used without partition key
01:35:52,581 cassandra.protocol WARNING Server warning: Aggregation query used without partition key
01:35:54,73 cassandra.protocol WARNING Server warning: Aggregation query used without partition key
PASSED                                                                   [100%]
===Flaky Test Report===

test_populate_mv_after_insert passed 1 out of the required 1 times. Success!

===End Flaky Test Report===

========================== 1 passed in 53.54 seconds ===========================
[msx] rc = 0
v2v2 running time = 74986635578
---> v1v1 and v2v2 test test suceeded.
cassandra materialized_views_test.py::TestMaterializedViews::test_populate_mv_after_insert false false
log_dst_dir = /root/vm_images/ZebraConf/app_meta/logs
the_test is materialized_views_test.py::TestMaterializedViews::test_populate_mv_after_insert
============================= test session starts ==============================
platform linux -- Python 3.6.9, pytest-3.6.4, py-1.11.0, pluggy-0.7.1 -- /root/dtest/bin/python
cachedir: .pytest_cache
rootdir: /root/cassandra-dtest, inifile: pytest.ini
plugins: flaky-3.7.0, timeout-1.4.2, repeat-0.9.1
timeout: 1200.0s
timeout method: signal
timeout func_only: False
collecting ... collected 1 item

materialized_views_test.py::TestMaterializedViews::test_populate_mv_after_insert 
-------------------------------- live log call ---------------------------------
01:36:59,781 cassandra.protocol WARNING Server warning: Materialized views are experimental and are not recommended for production use.
01:37:07,911 cassandra.protocol WARNING Server warning: Aggregation query used without partition key
01:37:09,835 cassandra.protocol WARNING Server warning: Aggregation query used without partition key
01:37:11,378 cassandra.protocol WARNING Server warning: Aggregation query used without partition key
PASSED                                                                   [100%]
===Flaky Test Report===

test_populate_mv_after_insert passed 1 out of the required 1 times. Success!

===End Flaky Test Report===

========================== 1 passed in 56.16 seconds ===========================
[msx] rc = 0
v1v2 running time = 77559193565
---> v1v2 test suceeded.
cassandra materialized_views_test.py::TestMaterializedViews::test_populate_mv_after_insert false false
log_dst_dir = /root/vm_images/ZebraConf/app_meta/logs
the_test is materialized_views_test.py::TestMaterializedViews::test_populate_mv_after_insert
============================= test session starts ==============================
platform linux -- Python 3.6.9, pytest-3.6.4, py-1.11.0, pluggy-0.7.1 -- /root/dtest/bin/python
cachedir: .pytest_cache
rootdir: /root/cassandra-dtest, inifile: pytest.ini
plugins: flaky-3.7.0, timeout-1.4.2, repeat-0.9.1
timeout: 1200.0s
timeout method: signal
timeout func_only: False
collecting ... collected 1 item

materialized_views_test.py::TestMaterializedViews::test_populate_mv_after_insert 
-------------------------------- live log call ---------------------------------
01:38:23,92 cassandra.protocol WARNING Server warning: Materialized views are experimental and are not recommended for production use.
01:38:30,891 cassandra.protocol WARNING Server warning: Aggregation query used without partition key
01:38:32,407 cassandra.protocol WARNING Server warning: Aggregation query used without partition key
01:38:33,881 cassandra.protocol WARNING Server warning: Aggregation query used without partition key
PASSED                                                                   [100%]
===Flaky Test Report===

test_populate_mv_after_insert passed 1 out of the required 1 times. Success!

===End Flaky Test Report===

========================== 1 passed in 61.01 seconds ===========================
[msx] rc = 0
v1v1 running time = 82433005443
cassandra materialized_views_test.py::TestMaterializedViews::test_populate_mv_after_insert false false
log_dst_dir = /root/vm_images/ZebraConf/app_meta/logs
the_test is materialized_views_test.py::TestMaterializedViews::test_populate_mv_after_insert
============================= test session starts ==============================
platform linux -- Python 3.6.9, pytest-3.6.4, py-1.11.0, pluggy-0.7.1 -- /root/dtest/bin/python
cachedir: .pytest_cache
rootdir: /root/cassandra-dtest, inifile: pytest.ini
plugins: flaky-3.7.0, timeout-1.4.2, repeat-0.9.1
timeout: 1200.0s
timeout method: signal
timeout func_only: False
collecting ... collected 1 item

materialized_views_test.py::TestMaterializedViews::test_populate_mv_after_insert 
-------------------------------- live log call ---------------------------------
01:39:40,588 cassandra.protocol WARNING Server warning: Materialized views are experimental and are not recommended for production use.
01:39:46,478 cassandra.protocol WARNING Server warning: Aggregation query used without partition key
01:39:47,990 cassandra.protocol WARNING Server warning: Aggregation query used without partition key
01:39:49,496 cassandra.protocol WARNING Server warning: Aggregation query used without partition key
PASSED                                                                   [100%]
===Flaky Test Report===

test_populate_mv_after_insert passed 1 out of the required 1 times. Success!

===End Flaky Test Report===

========================== 1 passed in 54.31 seconds ===========================
[msx] rc = 0
v2v2 running time = 75629968566
---> v1v1 and v2v2 test test suceeded.
cassandra materialized_views_test.py::TestMaterializedViews::test_populate_mv_after_insert false false
log_dst_dir = /root/vm_images/ZebraConf/app_meta/logs
the_test is materialized_views_test.py::TestMaterializedViews::test_populate_mv_after_insert
============================= test session starts ==============================
platform linux -- Python 3.6.9, pytest-3.6.4, py-1.11.0, pluggy-0.7.1 -- /root/dtest/bin/python
cachedir: .pytest_cache
rootdir: /root/cassandra-dtest, inifile: pytest.ini
plugins: flaky-3.7.0, timeout-1.4.2, repeat-0.9.1
timeout: 1200.0s
timeout method: signal
timeout func_only: False
collecting ... collected 1 item

materialized_views_test.py::TestMaterializedViews::test_populate_mv_after_insert 
-------------------------------- live log call ---------------------------------
01:40:54,484 cassandra.protocol WARNING Server warning: Materialized views are experimental and are not recommended for production use.
01:41:00,714 cassandra.protocol WARNING Server warning: Aggregation query used without partition key
01:41:02,177 cassandra.protocol WARNING Server warning: Aggregation query used without partition key
01:41:03,678 cassandra.protocol WARNING Server warning: Aggregation query used without partition key
PASSED                                                                   [100%]
===Flaky Test Report===

test_populate_mv_after_insert passed 1 out of the required 1 times. Success!

===End Flaky Test Report===

========================== 1 passed in 52.70 seconds ===========================
[msx] rc = 0
v1v2 running time = 74126631295
---> v1v2 test suceeded.
cassandra materialized_views_test.py::TestMaterializedViews::test_populate_mv_after_insert false false
log_dst_dir = /root/vm_images/ZebraConf/app_meta/logs
the_test is materialized_views_test.py::TestMaterializedViews::test_populate_mv_after_insert
============================= test session starts ==============================
platform linux -- Python 3.6.9, pytest-3.6.4, py-1.11.0, pluggy-0.7.1 -- /root/dtest/bin/python
cachedir: .pytest_cache
rootdir: /root/cassandra-dtest, inifile: pytest.ini
plugins: flaky-3.7.0, timeout-1.4.2, repeat-0.9.1
timeout: 1200.0s
timeout method: signal
timeout func_only: False
collecting ... collected 1 item

materialized_views_test.py::TestMaterializedViews::test_populate_mv_after_insert 
-------------------------------- live log call ---------------------------------
01:42:07,147 cassandra.protocol WARNING Server warning: Materialized views are experimental and are not recommended for production use.
01:42:13,626 cassandra.protocol WARNING Server warning: Aggregation query used without partition key
01:42:15,189 cassandra.protocol WARNING Server warning: Aggregation query used without partition key
01:42:16,667 cassandra.protocol WARNING Server warning: Aggregation query used without partition key
PASSED                                                                   [100%]
===Flaky Test Report===

test_populate_mv_after_insert passed 1 out of the required 1 times. Success!

===End Flaky Test Report===

========================== 1 passed in 51.46 seconds ===========================
[msx] rc = 0
v1v1 running time = 72882378462
cassandra materialized_views_test.py::TestMaterializedViews::test_populate_mv_after_insert false false
log_dst_dir = /root/vm_images/ZebraConf/app_meta/logs
the_test is materialized_views_test.py::TestMaterializedViews::test_populate_mv_after_insert
============================= test session starts ==============================
platform linux -- Python 3.6.9, pytest-3.6.4, py-1.11.0, pluggy-0.7.1 -- /root/dtest/bin/python
cachedir: .pytest_cache
rootdir: /root/cassandra-dtest, inifile: pytest.ini
plugins: flaky-3.7.0, timeout-1.4.2, repeat-0.9.1
timeout: 1200.0s
timeout method: signal
timeout func_only: False
collecting ... collected 1 item

materialized_views_test.py::TestMaterializedViews::test_populate_mv_after_insert 
-------------------------------- live log call ---------------------------------
01:43:23,549 cassandra.protocol WARNING Server warning: Materialized views are experimental and are not recommended for production use.
01:43:31,378 cassandra.protocol WARNING Server warning: Aggregation query used without partition key
01:43:32,974 cassandra.protocol WARNING Server warning: Aggregation query used without partition key
01:43:34,525 cassandra.protocol WARNING Server warning: Aggregation query used without partition key
PASSED                                                                   [100%]
===Flaky Test Report===

test_populate_mv_after_insert passed 1 out of the required 1 times. Success!

===End Flaky Test Report===

========================== 1 passed in 56.59 seconds ===========================
[msx] rc = 0
v2v2 running time = 77984733772
---> v1v1 and v2v2 test test suceeded.
cassandra materialized_views_test.py::TestMaterializedViews::test_populate_mv_after_insert false false
log_dst_dir = /root/vm_images/ZebraConf/app_meta/logs
the_test is materialized_views_test.py::TestMaterializedViews::test_populate_mv_after_insert
============================= test session starts ==============================
platform linux -- Python 3.6.9, pytest-3.6.4, py-1.11.0, pluggy-0.7.1 -- /root/dtest/bin/python
cachedir: .pytest_cache
rootdir: /root/cassandra-dtest, inifile: pytest.ini
plugins: flaky-3.7.0, timeout-1.4.2, repeat-0.9.1
timeout: 1200.0s
timeout method: signal
timeout func_only: False
collecting ... collected 1 item

materialized_views_test.py::TestMaterializedViews::test_populate_mv_after_insert 
-------------------------------- live log call ---------------------------------
01:44:41,393 cassandra.protocol WARNING Server warning: Materialized views are experimental and are not recommended for production use.
01:44:49,967 cassandra.protocol WARNING Server warning: Aggregation query used without partition key
01:44:51,538 cassandra.protocol WARNING Server warning: Aggregation query used without partition key
01:44:53,75 cassandra.protocol WARNING Server warning: Aggregation query used without partition key
PASSED                                                                   [100%]
===Flaky Test Report===

test_populate_mv_after_insert passed 1 out of the required 1 times. Success!

===End Flaky Test Report===

========================== 1 passed in 57.18 seconds ===========================
[msx] rc = 0
v1v2 running time = 78572172321
---> v1v2 test suceeded.
cassandra materialized_views_test.py::TestMaterializedViews::test_populate_mv_after_insert false false
log_dst_dir = /root/vm_images/ZebraConf/app_meta/logs
the_test is materialized_views_test.py::TestMaterializedViews::test_populate_mv_after_insert
============================= test session starts ==============================
platform linux -- Python 3.6.9, pytest-3.6.4, py-1.11.0, pluggy-0.7.1 -- /root/dtest/bin/python
cachedir: .pytest_cache
rootdir: /root/cassandra-dtest, inifile: pytest.ini
plugins: flaky-3.7.0, timeout-1.4.2, repeat-0.9.1
timeout: 1200.0s
timeout method: signal
timeout func_only: False
collecting ... collected 1 item

materialized_views_test.py::TestMaterializedViews::test_populate_mv_after_insert 
-------------------------------- live log call ---------------------------------
01:45:59,230 cassandra.protocol WARNING Server warning: Materialized views are experimental and are not recommended for production use.
01:46:08,264 cassandra.protocol WARNING Server warning: Aggregation query used without partition key
01:46:09,773 cassandra.protocol WARNING Server warning: Aggregation query used without partition key
01:46:11,312 cassandra.protocol WARNING Server warning: Aggregation query used without partition key
PASSED                                                                   [100%]
===Flaky Test Report===

test_populate_mv_after_insert passed 1 out of the required 1 times. Success!

===End Flaky Test Report===

========================== 1 passed in 56.76 seconds ===========================
[msx] rc = 0
v1v1 running time = 78149488001
cassandra materialized_views_test.py::TestMaterializedViews::test_populate_mv_after_insert false false
log_dst_dir = /root/vm_images/ZebraConf/app_meta/logs
the_test is materialized_views_test.py::TestMaterializedViews::test_populate_mv_after_insert
============================= test session starts ==============================
platform linux -- Python 3.6.9, pytest-3.6.4, py-1.11.0, pluggy-0.7.1 -- /root/dtest/bin/python
cachedir: .pytest_cache
rootdir: /root/cassandra-dtest, inifile: pytest.ini
plugins: flaky-3.7.0, timeout-1.4.2, repeat-0.9.1
timeout: 1200.0s
timeout method: signal
timeout func_only: False
collecting ... collected 1 item

materialized_views_test.py::TestMaterializedViews::test_populate_mv_after_insert 
-------------------------------- live log call ---------------------------------
01:47:19,276 cassandra.protocol WARNING Server warning: Materialized views are experimental and are not recommended for production use.
01:47:27,47 cassandra.protocol WARNING Server warning: Aggregation query used without partition key
01:47:28,567 cassandra.protocol WARNING Server warning: Aggregation query used without partition key
01:47:30,70 cassandra.protocol WARNING Server warning: Aggregation query used without partition key
PASSED                                                                   [100%]
===Flaky Test Report===

test_populate_mv_after_insert passed 1 out of the required 1 times. Success!

===End Flaky Test Report===

========================== 1 passed in 57.47 seconds ===========================
[msx] rc = 0
v2v2 running time = 78884904659
---> v1v1 and v2v2 test test suceeded.
cassandra materialized_views_test.py::TestMaterializedViews::test_populate_mv_after_insert false false
log_dst_dir = /root/vm_images/ZebraConf/app_meta/logs
the_test is materialized_views_test.py::TestMaterializedViews::test_populate_mv_after_insert
============================= test session starts ==============================
platform linux -- Python 3.6.9, pytest-3.6.4, py-1.11.0, pluggy-0.7.1 -- /root/dtest/bin/python
cachedir: .pytest_cache
rootdir: /root/cassandra-dtest, inifile: pytest.ini
plugins: flaky-3.7.0, timeout-1.4.2, repeat-0.9.1
timeout: 1200.0s
timeout method: signal
timeout func_only: False
collecting ... collected 1 item

materialized_views_test.py::TestMaterializedViews::test_populate_mv_after_insert 
-------------------------------- live log call ---------------------------------
01:48:35,606 cassandra.protocol WARNING Server warning: Materialized views are experimental and are not recommended for production use.
01:48:44,711 cassandra.protocol WARNING Server warning: Aggregation query used without partition key
01:48:46,292 cassandra.protocol WARNING Server warning: Aggregation query used without partition key
01:48:47,907 cassandra.protocol WARNING Server warning: Aggregation query used without partition key
PASSED                                                                   [100%]
===Flaky Test Report===

test_populate_mv_after_insert passed 1 out of the required 1 times. Success!

===End Flaky Test Report===

========================== 1 passed in 56.43 seconds ===========================
[msx] rc = 0
v1v2 running time = 77896887801
---> v1v2 test suceeded.
cassandra materialized_views_test.py::TestMaterializedViews::test_populate_mv_after_insert false false
log_dst_dir = /root/vm_images/ZebraConf/app_meta/logs
the_test is materialized_views_test.py::TestMaterializedViews::test_populate_mv_after_insert
============================= test session starts ==============================
platform linux -- Python 3.6.9, pytest-3.6.4, py-1.11.0, pluggy-0.7.1 -- /root/dtest/bin/python
cachedir: .pytest_cache
rootdir: /root/cassandra-dtest, inifile: pytest.ini
plugins: flaky-3.7.0, timeout-1.4.2, repeat-0.9.1
timeout: 1200.0s
timeout method: signal
timeout func_only: False
collecting ... collected 1 item

materialized_views_test.py::TestMaterializedViews::test_populate_mv_after_insert 
-------------------------------- live log call ---------------------------------
01:49:58,910 cassandra.protocol WARNING Server warning: Materialized views are experimental and are not recommended for production use.

-------------------------------- live log call ---------------------------------
01:50:47,610 cassandra.protocol WARNING Server warning: Materialized views are experimental and are not recommended for production use.
01:50:55,860 cassandra.protocol WARNING Server warning: Aggregation query used without partition key
01:50:57,389 cassandra.protocol WARNING Server warning: Aggregation query used without partition key
01:50:58,930 cassandra.protocol WARNING Server warning: Aggregation query used without partition key
PASSED                                                                   [100%]
===Flaky Test Report===

test_populate_mv_after_insert failed (1 runs remaining out of 2).
	<class 'cassandra.OperationTimedOut'>
	errors={'Connection defunct by heartbeat': 'Client request timeout. See Session.execute[_async](timeout)'}, last_host=127.0.0.2:9042
	[<TracebackEntry /root/cassandra-dtest/materialized_views_test.py:322>, <TracebackEntry cassandra/cluster.py:2618>, <TracebackEntry cassandra/cluster.py:4894>]
test_populate_mv_after_insert passed 1 out of the required 1 times. Success!

===End Flaky Test Report===

========================== 1 passed in 109.43 seconds ==========================
[msx] rc = 0
v1v1 running time = 130842362121
cassandra materialized_views_test.py::TestMaterializedViews::test_populate_mv_after_insert false false
log_dst_dir = /root/vm_images/ZebraConf/app_meta/logs
the_test is materialized_views_test.py::TestMaterializedViews::test_populate_mv_after_insert
============================= test session starts ==============================
platform linux -- Python 3.6.9, pytest-3.6.4, py-1.11.0, pluggy-0.7.1 -- /root/dtest/bin/python
cachedir: .pytest_cache
rootdir: /root/cassandra-dtest, inifile: pytest.ini
plugins: flaky-3.7.0, timeout-1.4.2, repeat-0.9.1
timeout: 1200.0s
timeout method: signal
timeout func_only: False
collecting ... collected 1 item

materialized_views_test.py::TestMaterializedViews::test_populate_mv_after_insert 
-------------------------------- live log call ---------------------------------
01:52:05,632 cassandra.protocol WARNING Server warning: Materialized views are experimental and are not recommended for production use.
01:52:13,690 cassandra.protocol WARNING Server warning: Aggregation query used without partition key
01:52:15,307 cassandra.protocol WARNING Server warning: Aggregation query used without partition key
01:52:16,903 cassandra.protocol WARNING Server warning: Aggregation query used without partition key
PASSED                                                                   [100%]
===Flaky Test Report===

test_populate_mv_after_insert passed 1 out of the required 1 times. Success!

===End Flaky Test Report===

========================== 1 passed in 56.60 seconds ===========================
[msx] rc = 0
v2v2 running time = 78012943136
---> v1v1 and v2v2 test test suceeded.
cassandra materialized_views_test.py::TestMaterializedViews::test_populate_mv_after_insert false false
log_dst_dir = /root/vm_images/ZebraConf/app_meta/logs
the_test is materialized_views_test.py::TestMaterializedViews::test_populate_mv_after_insert
============================= test session starts ==============================
platform linux -- Python 3.6.9, pytest-3.6.4, py-1.11.0, pluggy-0.7.1 -- /root/dtest/bin/python
cachedir: .pytest_cache
rootdir: /root/cassandra-dtest, inifile: pytest.ini
plugins: flaky-3.7.0, timeout-1.4.2, repeat-0.9.1
timeout: 1200.0s
timeout method: signal
timeout func_only: False
collecting ... collected 1 item

materialized_views_test.py::TestMaterializedViews::test_populate_mv_after_insert 
-------------------------------- live log call ---------------------------------
01:53:26,684 cassandra.protocol WARNING Server warning: Materialized views are experimental and are not recommended for production use.
01:53:34,319 cassandra.protocol WARNING Server warning: Aggregation query used without partition key
01:53:35,892 cassandra.protocol WARNING Server warning: Aggregation query used without partition key
01:53:37,461 cassandra.protocol WARNING Server warning: Aggregation query used without partition key
PASSED                                                                   [100%]
===Flaky Test Report===

test_populate_mv_after_insert passed 1 out of the required 1 times. Success!

===End Flaky Test Report===

========================== 1 passed in 58.79 seconds ===========================
[msx] rc = 0
v1v2 running time = 80301123912
---> v1v2 test suceeded.
cassandra materialized_views_test.py::TestMaterializedViews::test_populate_mv_after_insert false false
log_dst_dir = /root/vm_images/ZebraConf/app_meta/logs
the_test is materialized_views_test.py::TestMaterializedViews::test_populate_mv_after_insert
============================= test session starts ==============================
platform linux -- Python 3.6.9, pytest-3.6.4, py-1.11.0, pluggy-0.7.1 -- /root/dtest/bin/python
cachedir: .pytest_cache
rootdir: /root/cassandra-dtest, inifile: pytest.ini
plugins: flaky-3.7.0, timeout-1.4.2, repeat-0.9.1
timeout: 1200.0s
timeout method: signal
timeout func_only: False
collecting ... collected 1 item

materialized_views_test.py::TestMaterializedViews::test_populate_mv_after_insert 
-------------------------------- live log call ---------------------------------
01:54:43,6 cassandra.protocol WARNING Server warning: Materialized views are experimental and are not recommended for production use.
01:54:50,819 cassandra.protocol WARNING Server warning: Aggregation query used without partition key
01:54:52,288 cassandra.protocol WARNING Server warning: Aggregation query used without partition key
01:54:53,770 cassandra.protocol WARNING Server warning: Aggregation query used without partition key
PASSED                                                                   [100%]
===Flaky Test Report===

test_populate_mv_after_insert passed 1 out of the required 1 times. Success!

===End Flaky Test Report===

========================== 1 passed in 55.18 seconds ===========================
[msx] rc = 0
v1v1 running time = 76612520942
cassandra materialized_views_test.py::TestMaterializedViews::test_populate_mv_after_insert false false
log_dst_dir = /root/vm_images/ZebraConf/app_meta/logs
the_test is materialized_views_test.py::TestMaterializedViews::test_populate_mv_after_insert
============================= test session starts ==============================
platform linux -- Python 3.6.9, pytest-3.6.4, py-1.11.0, pluggy-0.7.1 -- /root/dtest/bin/python
cachedir: .pytest_cache
rootdir: /root/cassandra-dtest, inifile: pytest.ini
plugins: flaky-3.7.0, timeout-1.4.2, repeat-0.9.1
timeout: 1200.0s
timeout method: signal
timeout func_only: False
collecting ... collected 1 item

materialized_views_test.py::TestMaterializedViews::test_populate_mv_after_insert 
-------------------------------- live log call ---------------------------------
01:56:01,567 cassandra.protocol WARNING Server warning: Materialized views are experimental and are not recommended for production use.
01:56:09,0 cassandra.protocol WARNING Server warning: Aggregation query used without partition key
01:56:11,59 cassandra.protocol WARNING Server warning: Aggregation query used without partition key
01:56:12,607 cassandra.protocol WARNING Server warning: Aggregation query used without partition key
PASSED                                                                   [100%]
===Flaky Test Report===

test_populate_mv_after_insert passed 1 out of the required 1 times. Success!

===End Flaky Test Report===

========================== 1 passed in 57.34 seconds ===========================
[msx] rc = 0
v2v2 running time = 78805137258
---> v1v1 and v2v2 test test suceeded.
cassandra materialized_views_test.py::TestMaterializedViews::test_populate_mv_after_insert false false
log_dst_dir = /root/vm_images/ZebraConf/app_meta/logs
the_test is materialized_views_test.py::TestMaterializedViews::test_populate_mv_after_insert
============================= test session starts ==============================
platform linux -- Python 3.6.9, pytest-3.6.4, py-1.11.0, pluggy-0.7.1 -- /root/dtest/bin/python
cachedir: .pytest_cache
rootdir: /root/cassandra-dtest, inifile: pytest.ini
plugins: flaky-3.7.0, timeout-1.4.2, repeat-0.9.1
timeout: 1200.0s
timeout method: signal
timeout func_only: False
collecting ... collected 1 item

materialized_views_test.py::TestMaterializedViews::test_populate_mv_after_insert 
-------------------------------- live log call ---------------------------------
01:57:17,327 cassandra.protocol WARNING Server warning: Materialized views are experimental and are not recommended for production use.
01:57:24,884 cassandra.protocol WARNING Server warning: Aggregation query used without partition key
01:57:26,412 cassandra.protocol WARNING Server warning: Aggregation query used without partition key
01:57:27,948 cassandra.protocol WARNING Server warning: Aggregation query used without partition key
PASSED                                                                   [100%]
===Flaky Test Report===

test_populate_mv_after_insert passed 1 out of the required 1 times. Success!

===End Flaky Test Report===

========================== 1 passed in 53.78 seconds ===========================
[msx] rc = 0
v1v2 running time = 75234333714
---> v1v2 test suceeded.
cassandra materialized_views_test.py::TestMaterializedViews::test_populate_mv_after_insert false false
log_dst_dir = /root/vm_images/ZebraConf/app_meta/logs
the_test is materialized_views_test.py::TestMaterializedViews::test_populate_mv_after_insert
============================= test session starts ==============================
platform linux -- Python 3.6.9, pytest-3.6.4, py-1.11.0, pluggy-0.7.1 -- /root/dtest/bin/python
cachedir: .pytest_cache
rootdir: /root/cassandra-dtest, inifile: pytest.ini
plugins: flaky-3.7.0, timeout-1.4.2, repeat-0.9.1
timeout: 1200.0s
timeout method: signal
timeout func_only: False
collecting ... collected 1 item

materialized_views_test.py::TestMaterializedViews::test_populate_mv_after_insert 
-------------------------------- live log call ---------------------------------
01:58:30,736 cassandra.protocol WARNING Server warning: Materialized views are experimental and are not recommended for production use.
01:58:38,314 cassandra.protocol WARNING Server warning: Aggregation query used without partition key
01:58:39,895 cassandra.protocol WARNING Server warning: Aggregation query used without partition key
01:58:41,367 cassandra.protocol WARNING Server warning: Aggregation query used without partition key
PASSED                                                                   [100%]
===Flaky Test Report===

test_populate_mv_after_insert passed 1 out of the required 1 times. Success!

===End Flaky Test Report===

========================== 1 passed in 52.12 seconds ===========================
[msx] rc = 0
v1v1 running time = 73542506424
cassandra materialized_views_test.py::TestMaterializedViews::test_populate_mv_after_insert false false
log_dst_dir = /root/vm_images/ZebraConf/app_meta/logs
the_test is materialized_views_test.py::TestMaterializedViews::test_populate_mv_after_insert
============================= test session starts ==============================
platform linux -- Python 3.6.9, pytest-3.6.4, py-1.11.0, pluggy-0.7.1 -- /root/dtest/bin/python
cachedir: .pytest_cache
rootdir: /root/cassandra-dtest, inifile: pytest.ini
plugins: flaky-3.7.0, timeout-1.4.2, repeat-0.9.1
timeout: 1200.0s
timeout method: signal
timeout func_only: False
collecting ... collected 1 item

materialized_views_test.py::TestMaterializedViews::test_populate_mv_after_insert 
-------------------------------- live log call ---------------------------------
01:59:44,652 cassandra.protocol WARNING Server warning: Materialized views are experimental and are not recommended for production use.
01:59:52,255 cassandra.protocol WARNING Server warning: Aggregation query used without partition key
01:59:53,812 cassandra.protocol WARNING Server warning: Aggregation query used without partition key
01:59:55,380 cassandra.protocol WARNING Server warning: Aggregation query used without partition key
PASSED                                                                   [100%]
===Flaky Test Report===

test_populate_mv_after_insert passed 1 out of the required 1 times. Success!

===End Flaky Test Report===

========================== 1 passed in 52.47 seconds ===========================
[msx] rc = 0
v2v2 running time = 73884490923
---> v1v1 and v2v2 test test suceeded.
v1v2 failed with probability 1 out of 20
v1v1v2v2 failed with probability 5 out of 20
Total execution time in seconds : 5470
0
